<?xml version="1.0" ?>
<!DOCTYPE coverage SYSTEM "http://cobertura.sourceforge.net/xml/coverage-04.dtd">
<coverage lines-valid="957" lines-covered="745" line-rate="0.7784" branches-valid="479" branches-covered="344" branch-rate="0.7181000000000001" timestamp="1762804172115" complexity="0" version="0.1">
  <sources>
    <source>/Users/martinabecerra/Documents/UCC/4/Ingenieria de Software III/Repuestera/Repuestera/backend</source>
  </sources>
  <packages>
    <package name="middleware" line-rate="0.7646999999999999" branch-rate="0.7226">
      <classes>
        <class name="auth.js" filename="middleware/auth.js" line-rate="0.8651000000000001" branch-rate="0.7543000000000001">
          <methods>
            <method name="(anonymous_0)" hits="8" signature="()V">
              <lines>
                <line number="6" hits="8"/>
              </lines>
            </method>
            <method name="(anonymous_1)" hits="4" signature="()V">
              <lines>
                <line number="57" hits="4"/>
              </lines>
            </method>
            <method name="(anonymous_2)" hits="3" signature="()V">
              <lines>
                <line number="93" hits="3"/>
              </lines>
            </method>
            <method name="(anonymous_3)" hits="3" signature="()V">
              <lines>
                <line number="132" hits="3"/>
              </lines>
            </method>
            <method name="(anonymous_4)" hits="3" signature="()V">
              <lines>
                <line number="133" hits="3"/>
              </lines>
            </method>
            <method name="(anonymous_5)" hits="2" signature="()V">
              <lines>
                <line number="153" hits="2"/>
              </lines>
            </method>
            <method name="(anonymous_6)" hits="3" signature="()V">
              <lines>
                <line number="172" hits="3"/>
              </lines>
            </method>
            <method name="(anonymous_7)" hits="7" signature="()V">
              <lines>
                <line number="212" hits="7"/>
              </lines>
            </method>
            <method name="(anonymous_8)" hits="3" signature="()V">
              <lines>
                <line number="217" hits="3"/>
              </lines>
            </method>
            <method name="(anonymous_9)" hits="3" signature="()V">
              <lines>
                <line number="228" hits="3"/>
              </lines>
            </method>
          </methods>
          <lines>
            <line number="1" hits="2" branch="false"/>
            <line number="2" hits="2" branch="false"/>
            <line number="3" hits="2" branch="false"/>
            <line number="6" hits="2" branch="false"/>
            <line number="7" hits="8" branch="false"/>
            <line number="8" hits="8" branch="false"/>
            <line number="10" hits="8" branch="true" condition-coverage="100% (4/4)"/>
            <line number="11" hits="3" branch="false"/>
            <line number="17" hits="5" branch="false"/>
            <line number="19" hits="5" branch="true" condition-coverage="50% (1/2)"/>
            <line number="20" hits="0" branch="false"/>
            <line number="27" hits="5" branch="false"/>
            <line number="30" hits="1" branch="false"/>
            <line number="31" hits="1" branch="false"/>
            <line number="33" hits="1" branch="false"/>
            <line number="35" hits="4" branch="true" condition-coverage="100% (2/2)"/>
            <line number="36" hits="1" branch="false"/>
            <line number="42" hits="3" branch="true" condition-coverage="50% (1/2)"/>
            <line number="43" hits="3" branch="false"/>
            <line number="49" hits="0" branch="false"/>
            <line number="57" hits="2" branch="false"/>
            <line number="58" hits="4" branch="false"/>
            <line number="59" hits="4" branch="true" condition-coverage="100% (4/4)"/>
            <line number="60" hits="1" branch="false"/>
            <line number="66" hits="3" branch="false"/>
            <line number="68" hits="3" branch="true" condition-coverage="100% (2/2)"/>
            <line number="69" hits="1" branch="false"/>
            <line number="75" hits="2" branch="true" condition-coverage="100% (2/2)"/>
            <line number="76" hits="1" branch="false"/>
            <line number="82" hits="1" branch="false"/>
            <line number="83" hits="1" branch="false"/>
            <line number="85" hits="0" branch="false"/>
            <line number="93" hits="2" branch="false"/>
            <line number="94" hits="3" branch="false"/>
            <line number="95" hits="3" branch="true" condition-coverage="100% (4/4)"/>
            <line number="96" hits="1" branch="false"/>
            <line number="102" hits="2" branch="false"/>
            <line number="104" hits="2" branch="true" condition-coverage="100% (2/2)"/>
            <line number="105" hits="1" branch="false"/>
            <line number="111" hits="1" branch="true" condition-coverage="50% (1/2)"/>
            <line number="112" hits="0" branch="false"/>
            <line number="119" hits="1" branch="false"/>
            <line number="121" hits="1" branch="false"/>
            <line number="122" hits="1" branch="false"/>
            <line number="124" hits="0" branch="false"/>
            <line number="132" hits="2" branch="false"/>
            <line number="133" hits="3" branch="false"/>
            <line number="134" hits="3" branch="true" condition-coverage="100% (2/2)"/>
            <line number="135" hits="1" branch="false"/>
            <line number="141" hits="2" branch="true" condition-coverage="100% (2/2)"/>
            <line number="142" hits="1" branch="false"/>
            <line number="148" hits="1" branch="false"/>
            <line number="153" hits="2" branch="false"/>
            <line number="154" hits="2" branch="true" condition-coverage="50% (1/2)"/>
            <line number="155" hits="0" branch="false"/>
            <line number="161" hits="2" branch="true" condition-coverage="100% (2/2)"/>
            <line number="162" hits="1" branch="false"/>
            <line number="168" hits="1" branch="false"/>
            <line number="172" hits="2" branch="false"/>
            <line number="173" hits="3" branch="false"/>
            <line number="174" hits="3" branch="false"/>
            <line number="176" hits="3" branch="true" condition-coverage="100% (4/4)"/>
            <line number="177" hits="1" branch="false"/>
            <line number="180" hits="2" branch="false"/>
            <line number="182" hits="2" branch="true" condition-coverage="50% (1/2)"/>
            <line number="183" hits="0" branch="false"/>
            <line number="186" hits="2" branch="false"/>
            <line number="187" hits="1" branch="false"/>
            <line number="188" hits="1" branch="false"/>
            <line number="191" hits="1" branch="true" condition-coverage="50% (1/2)"/>
            <line number="192" hits="1" branch="false"/>
            <line number="193" hits="1" branch="true" condition-coverage="75% (3/4)"/>
            <line number="194" hits="1" branch="false"/>
            <line number="196" hits="0" branch="true" condition-coverage="0% (0/2)"/>
            <line number="197" hits="0" branch="false"/>
            <line number="198" hits="0" branch="true" condition-coverage="0% (0/4)"/>
            <line number="199" hits="0" branch="false"/>
            <line number="200" hits="0" branch="false"/>
            <line number="204" hits="1" branch="false"/>
            <line number="207" hits="1" branch="false"/>
            <line number="212" hits="2" branch="true" condition-coverage="66.66666666666666% (2/3)"/>
            <line number="213" hits="7" branch="false"/>
            <line number="217" hits="2" branch="false"/>
            <line number="218" hits="3" branch="false"/>
            <line number="224" hits="3" branch="false"/>
            <line number="228" hits="2" branch="false"/>
            <line number="229" hits="3" branch="false"/>
            <line number="236" hits="3" branch="false"/>
            <line number="239" hits="2" branch="false"/>
          </lines>
        </class>
        <class name="upload.js" filename="middleware/upload.js" line-rate="0.6507" branch-rate="0.6666">
          <methods>
            <method name="(anonymous_0)" hits="0" signature="()V">
              <lines>
                <line number="8" hits="0"/>
              </lines>
            </method>
            <method name="(anonymous_1)" hits="0" signature="()V">
              <lines>
                <line number="20" hits="0"/>
              </lines>
            </method>
            <method name="(anonymous_2)" hits="0" signature="()V">
              <lines>
                <line number="31" hits="0"/>
              </lines>
            </method>
            <method name="(anonymous_3)" hits="5" signature="()V">
              <lines>
                <line number="63" hits="5"/>
              </lines>
            </method>
            <method name="(anonymous_4)" hits="3" signature="()V">
              <lines>
                <line number="100" hits="3"/>
              </lines>
            </method>
            <method name="(anonymous_5)" hits="3" signature="()V">
              <lines>
                <line number="133" hits="3"/>
              </lines>
            </method>
            <method name="(anonymous_6)" hits="0" signature="()V">
              <lines>
                <line number="152" hits="0"/>
              </lines>
            </method>
          </methods>
          <lines>
            <line number="1" hits="1" branch="false"/>
            <line number="2" hits="1" branch="false"/>
            <line number="3" hits="1" branch="false"/>
            <line number="4" hits="1" branch="false"/>
            <line number="7" hits="1" branch="false"/>
            <line number="9" hits="0" branch="false"/>
            <line number="10" hits="0" branch="true" condition-coverage="0% (0/2)"/>
            <line number="13" hits="0" branch="false"/>
            <line number="15" hits="0" branch="false"/>
            <line number="17" hits="0" branch="false"/>
            <line number="22" hits="0" branch="false"/>
            <line number="23" hits="0" branch="false"/>
            <line number="24" hits="0" branch="false"/>
            <line number="26" hits="0" branch="false"/>
            <line number="31" hits="1" branch="false"/>
            <line number="33" hits="0" branch="false"/>
            <line number="42" hits="0" branch="false"/>
            <line number="43" hits="0" branch="false"/>
            <line number="45" hits="0" branch="true" condition-coverage="0% (0/4)"/>
            <line number="46" hits="0" branch="false"/>
            <line number="48" hits="0" branch="false"/>
            <line number="53" hits="1" branch="false"/>
            <line number="63" hits="1" branch="false"/>
            <line number="64" hits="5" branch="true" condition-coverage="100% (2/2)"/>
            <line number="65" hits="3" branch="true" condition-coverage="75% (3/4)"/>
            <line number="67" hits="1" branch="false"/>
            <line number="72" hits="1" branch="false"/>
            <line number="77" hits="1" branch="false"/>
            <line number="82" hits="0" branch="false"/>
            <line number="89" hits="2" branch="true" condition-coverage="100% (2/2)"/>
            <line number="90" hits="1" branch="false"/>
            <line number="96" hits="1" branch="false"/>
            <line number="100" hits="1" branch="false"/>
            <line number="101" hits="3" branch="true" condition-coverage="100% (2/2)"/>
            <line number="102" hits="1" branch="false"/>
            <line number="105" hits="2" branch="false"/>
            <line number="107" hits="2" branch="false"/>
            <line number="108" hits="2" branch="false"/>
            <line number="111" hits="1" branch="false"/>
            <line number="112" hits="1" branch="false"/>
            <line number="114" hits="1" branch="false"/>
            <line number="117" hits="1" branch="true" condition-coverage="75% (3/4)"/>
            <line number="118" hits="1" branch="false"/>
            <line number="119" hits="1" branch="false"/>
            <line number="121" hits="0" branch="false"/>
            <line number="125" hits="1" branch="false"/>
            <line number="133" hits="1" branch="false"/>
            <line number="134" hits="3" branch="true" condition-coverage="100% (2/2)"/>
            <line number="136" hits="2" branch="false"/>
            <line number="138" hits="2" branch="false"/>
            <line number="139" hits="2" branch="true" condition-coverage="100% (2/2)"/>
            <line number="140" hits="2" branch="false"/>
            <line number="142" hits="2" branch="false"/>
            <line number="143" hits="1" branch="false"/>
            <line number="144" hits="1" branch="false"/>
            <line number="146" hits="1" branch="false"/>
            <line number="152" hits="1" branch="false"/>
            <line number="153" hits="0" branch="false"/>
            <line number="154" hits="0" branch="true" condition-coverage="0% (0/2)"/>
            <line number="155" hits="0" branch="false"/>
            <line number="159" hits="0" branch="false"/>
            <line number="161" hits="0" branch="false"/>
            <line number="166" hits="1" branch="false"/>
          </lines>
        </class>
        <class name="validation.js" filename="middleware/validation.js" line-rate="0.7441" branch-rate="0.72">
          <methods>
            <method name="(anonymous_0)" hits="19" signature="()V">
              <lines>
                <line number="4" hits="19"/>
              </lines>
            </method>
            <method name="(anonymous_1)" hits="3" signature="()V">
              <lines>
                <line number="9" hits="3"/>
              </lines>
            </method>
            <method name="(anonymous_2)" hits="3" signature="()V">
              <lines>
                <line number="20" hits="3"/>
              </lines>
            </method>
            <method name="(anonymous_3)" hits="17" signature="()V">
              <lines>
                <line number="22" hits="17"/>
              </lines>
            </method>
            <method name="(anonymous_4)" hits="0" signature="()V">
              <lines>
                <line number="54" hits="0"/>
              </lines>
            </method>
            <method name="(anonymous_5)" hits="0" signature="()V">
              <lines>
                <line number="61" hits="0"/>
              </lines>
            </method>
            <method name="(anonymous_6)" hits="4" signature="()V">
              <lines>
                <line number="70" hits="4"/>
              </lines>
            </method>
            <method name="(anonymous_7)" hits="4" signature="()V">
              <lines>
                <line number="100" hits="4"/>
              </lines>
            </method>
            <method name="(anonymous_8)" hits="4" signature="()V">
              <lines>
                <line number="101" hits="4"/>
              </lines>
            </method>
            <method name="(anonymous_9)" hits="4" signature="()V">
              <lines>
                <line number="117" hits="4"/>
              </lines>
            </method>
            <method name="(anonymous_10)" hits="8" signature="()V">
              <lines>
                <line number="118" hits="8"/>
              </lines>
            </method>
            <method name="(anonymous_11)" hits="2" signature="()V">
              <lines>
                <line number="124" hits="2"/>
              </lines>
            </method>
            <method name="(anonymous_12)" hits="3" signature="()V">
              <lines>
                <line number="142" hits="3"/>
              </lines>
            </method>
            <method name="(anonymous_13)" hits="3" signature="()V">
              <lines>
                <line number="143" hits="3"/>
              </lines>
            </method>
            <method name="(anonymous_14)" hits="2" signature="()V">
              <lines>
                <line number="153" hits="2"/>
              </lines>
            </method>
            <method name="(anonymous_15)" hits="0" signature="()V">
              <lines>
                <line number="169" hits="0"/>
              </lines>
            </method>
            <method name="(anonymous_16)" hits="0" signature="()V">
              <lines>
                <line number="170" hits="0"/>
              </lines>
            </method>
            <method name="(anonymous_17)" hits="0" signature="()V">
              <lines>
                <line number="177" hits="0"/>
              </lines>
            </method>
            <method name="(anonymous_18)" hits="0" signature="()V">
              <lines>
                <line number="187" hits="0"/>
              </lines>
            </method>
          </methods>
          <lines>
            <line number="1" hits="2" branch="false"/>
            <line number="4" hits="2" branch="false"/>
            <line number="5" hits="19" branch="false"/>
            <line number="6" hits="19" branch="true" condition-coverage="100% (2/2)"/>
            <line number="7" hits="2" branch="false"/>
            <line number="9" hits="3" branch="false"/>
            <line number="16" hits="17" branch="false"/>
            <line number="20" hits="2" branch="false"/>
            <line number="22" hits="3" branch="false"/>
            <line number="23" hits="17" branch="true" condition-coverage="100% (2/2)"/>
            <line number="24" hits="6" branch="false"/>
            <line number="26" hits="11" branch="true" condition-coverage="100% (2/2)"/>
            <line number="27" hits="1" branch="false"/>
            <line number="29" hits="10" branch="true" condition-coverage="75% (3/4)"/>
            <line number="30" hits="10" branch="false"/>
            <line number="31" hits="10" branch="false"/>
            <line number="32" hits="6" branch="false"/>
            <line number="34" hits="10" branch="false"/>
            <line number="36" hits="0" branch="false"/>
            <line number="40" hits="3" branch="true" condition-coverage="50% (1/2)"/>
            <line number="41" hits="3" branch="false"/>
            <line number="43" hits="3" branch="true" condition-coverage="50% (1/2)"/>
            <line number="44" hits="3" branch="false"/>
            <line number="46" hits="3" branch="true" condition-coverage="50% (1/2)"/>
            <line number="47" hits="3" branch="false"/>
            <line number="50" hits="3" branch="false"/>
            <line number="54" hits="2" branch="false"/>
            <line number="55" hits="0" branch="false"/>
            <line number="58" hits="0" branch="false"/>
            <line number="61" hits="0" branch="false"/>
            <line number="62" hits="0" branch="false"/>
            <line number="63" hits="0" branch="false"/>
            <line number="66" hits="0" branch="false"/>
            <line number="70" hits="2" branch="false"/>
            <line number="71" hits="4" branch="true" condition-coverage="100% (2/2)"/>
            <line number="72" hits="4" branch="true" condition-coverage="100% (2/2)"/>
            <line number="75" hits="4" branch="true" condition-coverage="100% (2/2)"/>
            <line number="76" hits="1" branch="false"/>
            <line number="82" hits="3" branch="true" condition-coverage="100% (4/4)"/>
            <line number="83" hits="1" branch="false"/>
            <line number="90" hits="2" branch="false"/>
            <line number="96" hits="2" branch="false"/>
            <line number="100" hits="2" branch="true" condition-coverage="0% (0/1)"/>
            <line number="101" hits="4" branch="false"/>
            <line number="102" hits="4" branch="false"/>
            <line number="104" hits="4" branch="true" condition-coverage="100% (4/4)"/>
            <line number="105" hits="2" branch="false"/>
            <line number="111" hits="2" branch="false"/>
            <line number="112" hits="2" branch="false"/>
            <line number="117" hits="2" branch="false"/>
            <line number="118" hits="4" branch="false"/>
            <line number="119" hits="8" branch="false"/>
            <line number="124" hits="2" branch="false"/>
            <line number="125" hits="2" branch="true" condition-coverage="100% (2/2)"/>
            <line number="126" hits="1" branch="false"/>
            <line number="128" hits="1" branch="true" condition-coverage="50% (1/2)"/>
            <line number="129" hits="1" branch="false"/>
            <line number="132" hits="0" branch="false"/>
            <line number="138" hits="1" branch="false"/>
            <line number="142" hits="2" branch="true" condition-coverage="100% (1/1)"/>
            <line number="143" hits="3" branch="false"/>
            <line number="144" hits="3" branch="false"/>
            <line number="146" hits="3" branch="true" condition-coverage="100% (2/2)"/>
            <line number="147" hits="1" branch="false"/>
            <line number="153" hits="2" branch="false"/>
            <line number="154" hits="2" branch="false"/>
            <line number="157" hits="2" branch="true" condition-coverage="100% (2/2)"/>
            <line number="158" hits="1" branch="false"/>
            <line number="164" hits="1" branch="false"/>
            <line number="169" hits="2" branch="true" condition-coverage="0% (0/1)"/>
            <line number="170" hits="0" branch="false"/>
            <line number="171" hits="0" branch="false"/>
            <line number="172" hits="0" branch="false"/>
            <line number="177" hits="2" branch="true" condition-coverage="0% (0/1)"/>
            <line number="178" hits="0" branch="false"/>
            <line number="185" hits="0" branch="false"/>
            <line number="187" hits="0" branch="false"/>
            <line number="188" hits="0" branch="false"/>
            <line number="189" hits="0" branch="false"/>
            <line number="190" hits="0" branch="false"/>
            <line number="192" hits="0" branch="true" condition-coverage="0% (0/2)"/>
            <line number="193" hits="0" branch="false"/>
            <line number="196" hits="0" branch="true" condition-coverage="0% (0/2)"/>
            <line number="197" hits="0" branch="false"/>
            <line number="200" hits="0" branch="false"/>
            <line number="204" hits="2" branch="false"/>
          </lines>
        </class>
      </classes>
    </package>
    <package name="models" line-rate="0.8447" branch-rate="0.7554000000000001">
      <classes>
        <class name="Admin.js" filename="models/Admin.js" line-rate="0.7881999999999999" branch-rate="0.6206">
          <methods>
            <method name="(anonymous_0)" hits="20" signature="()V">
              <lines>
                <line number="5" hits="20"/>
              </lines>
            </method>
            <method name="(anonymous_1)" hits="2" signature="()V">
              <lines>
                <line number="18" hits="2"/>
              </lines>
            </method>
            <method name="(anonymous_2)" hits="5" signature="()V">
              <lines>
                <line number="39" hits="5"/>
              </lines>
            </method>
            <method name="(anonymous_3)" hits="1" signature="()V">
              <lines>
                <line number="51" hits="1"/>
              </lines>
            </method>
            <method name="(anonymous_4)" hits="0" signature="()V">
              <lines>
                <line number="63" hits="0"/>
              </lines>
            </method>
            <method name="(anonymous_5)" hits="0" signature="()V">
              <lines>
                <line number="77" hits="0"/>
              </lines>
            </method>
            <method name="(anonymous_6)" hits="2" signature="()V">
              <lines>
                <line number="81" hits="2"/>
              </lines>
            </method>
            <method name="(anonymous_7)" hits="2" signature="()V">
              <lines>
                <line number="110" hits="2"/>
              </lines>
            </method>
            <method name="(anonymous_8)" hits="1" signature="()V">
              <lines>
                <line number="128" hits="1"/>
              </lines>
            </method>
            <method name="(anonymous_9)" hits="1" signature="()V">
              <lines>
                <line number="133" hits="1"/>
              </lines>
            </method>
            <method name="(anonymous_10)" hits="1" signature="()V">
              <lines>
                <line number="141" hits="1"/>
              </lines>
            </method>
            <method name="(anonymous_11)" hits="0" signature="()V">
              <lines>
                <line number="149" hits="0"/>
              </lines>
            </method>
            <method name="(anonymous_12)" hits="2" signature="()V">
              <lines>
                <line number="157" hits="2"/>
              </lines>
            </method>
            <method name="(anonymous_13)" hits="6" signature="()V">
              <lines>
                <line number="162" hits="6"/>
              </lines>
            </method>
            <method name="(anonymous_14)" hits="0" signature="()V">
              <lines>
                <line number="174" hits="0"/>
              </lines>
            </method>
            <method name="(anonymous_15)" hits="0" signature="()V">
              <lines>
                <line number="181" hits="0"/>
              </lines>
            </method>
            <method name="(anonymous_16)" hits="0" signature="()V">
              <lines>
                <line number="193" hits="0"/>
              </lines>
            </method>
            <method name="(anonymous_17)" hits="1" signature="()V">
              <lines>
                <line number="197" hits="1"/>
              </lines>
            </method>
            <method name="(anonymous_18)" hits="2" signature="()V">
              <lines>
                <line number="210" hits="2"/>
              </lines>
            </method>
          </methods>
          <lines>
            <line number="1" hits="4" branch="false"/>
            <line number="2" hits="4" branch="false"/>
            <line number="6" hits="20" branch="false"/>
            <line number="7" hits="20" branch="false"/>
            <line number="8" hits="20" branch="false"/>
            <line number="9" hits="20" branch="false"/>
            <line number="10" hits="20" branch="false"/>
            <line number="11" hits="20" branch="false"/>
            <line number="12" hits="20" branch="false"/>
            <line number="13" hits="20" branch="false"/>
            <line number="14" hits="20" branch="false"/>
            <line number="19" hits="2" branch="true" condition-coverage="100% (1/1)"/>
            <line number="22" hits="2" branch="false"/>
            <line number="24" hits="2" branch="false"/>
            <line number="29" hits="2" branch="false"/>
            <line number="31" hits="2" branch="true" condition-coverage="50% (1/2)"/>
            <line number="32" hits="2" branch="false"/>
            <line number="35" hits="0" branch="false"/>
            <line number="40" hits="5" branch="false"/>
            <line number="41" hits="5" branch="false"/>
            <line number="43" hits="5" branch="true" condition-coverage="100% (2/2)"/>
            <line number="44" hits="4" branch="false"/>
            <line number="47" hits="1" branch="false"/>
            <line number="52" hits="1" branch="false"/>
            <line number="53" hits="1" branch="false"/>
            <line number="55" hits="1" branch="true" condition-coverage="50% (1/2)"/>
            <line number="56" hits="1" branch="false"/>
            <line number="59" hits="0" branch="false"/>
            <line number="65" hits="0" branch="true" condition-coverage="0% (0/2)"/>
            <line number="66" hits="0" branch="true" condition-coverage="0% (0/2)"/>
            <line number="68" hits="0" branch="false"/>
            <line number="76" hits="0" branch="false"/>
            <line number="77" hits="0" branch="false"/>
            <line number="82" hits="2" branch="false"/>
            <line number="83" hits="2" branch="false"/>
            <line number="84" hits="2" branch="false"/>
            <line number="86" hits="2" branch="false"/>
            <line number="87" hits="3" branch="true" condition-coverage="100% (4/4)"/>
            <line number="88" hits="2" branch="false"/>
            <line number="89" hits="2" branch="false"/>
            <line number="93" hits="2" branch="true" condition-coverage="100% (2/2)"/>
            <line number="94" hits="1" branch="false"/>
            <line number="97" hits="1" branch="false"/>
            <line number="99" hits="1" branch="false"/>
            <line number="100" hits="1" branch="false"/>
            <line number="103" hits="1" branch="false"/>
            <line number="104" hits="1" branch="false"/>
            <line number="106" hits="1" branch="false"/>
            <line number="112" hits="2" branch="false"/>
            <line number="113" hits="2" branch="true" condition-coverage="100% (2/2)"/>
            <line number="114" hits="1" branch="false"/>
            <line number="118" hits="1" branch="false"/>
            <line number="120" hits="1" branch="false"/>
            <line number="121" hits="1" branch="false"/>
            <line number="123" hits="1" branch="false"/>
            <line number="124" hits="1" branch="false"/>
            <line number="129" hits="1" branch="false"/>
            <line number="134" hits="1" branch="false"/>
            <line number="135" hits="1" branch="false"/>
            <line number="136" hits="1" branch="false"/>
            <line number="137" hits="1" branch="false"/>
            <line number="142" hits="1" branch="false"/>
            <line number="143" hits="1" branch="false"/>
            <line number="144" hits="1" branch="false"/>
            <line number="145" hits="1" branch="false"/>
            <line number="150" hits="0" branch="false"/>
            <line number="151" hits="0" branch="false"/>
            <line number="152" hits="0" branch="false"/>
            <line number="153" hits="0" branch="false"/>
            <line number="158" hits="2" branch="false"/>
            <line number="163" hits="6" branch="false"/>
            <line number="170" hits="6" branch="true" condition-coverage="100% (2/2)"/>
            <line number="175" hits="0" branch="false"/>
            <line number="176" hits="0" branch="false"/>
            <line number="177" hits="0" branch="false"/>
            <line number="182" hits="0" branch="false"/>
            <line number="191" hits="0" branch="false"/>
            <line number="192" hits="0" branch="false"/>
            <line number="193" hits="0" branch="false"/>
            <line number="200" hits="1" branch="false"/>
            <line number="211" hits="2" branch="false"/>
            <line number="213" hits="2" branch="true" condition-coverage="100% (2/2)"/>
            <line number="214" hits="1" branch="false"/>
            <line number="216" hits="2" branch="false"/>
            <line number="220" hits="4" branch="false"/>
          </lines>
        </class>
        <class name="Category.js" filename="models/Category.js" line-rate="0.9176000000000001" branch-rate="0.7726999999999999">
          <methods>
            <method name="(anonymous_0)" hits="21" signature="()V">
              <lines>
                <line number="4" hits="21"/>
              </lines>
            </method>
            <method name="(anonymous_1)" hits="2" signature="()V">
              <lines>
                <line number="14" hits="2"/>
              </lines>
            </method>
            <method name="(anonymous_2)" hits="4" signature="()V">
              <lines>
                <line number="32" hits="4"/>
              </lines>
            </method>
            <method name="(anonymous_3)" hits="1" signature="()V">
              <lines>
                <line number="51" hits="1"/>
              </lines>
            </method>
            <method name="(anonymous_4)" hits="2" signature="()V">
              <lines>
                <line number="70" hits="2"/>
              </lines>
            </method>
            <method name="(anonymous_5)" hits="4" signature="()V">
              <lines>
                <line number="91" hits="4"/>
              </lines>
            </method>
            <method name="(anonymous_6)" hits="0" signature="()V">
              <lines>
                <line number="95" hits="0"/>
              </lines>
            </method>
            <method name="(anonymous_7)" hits="0" signature="()V">
              <lines>
                <line number="107" hits="0"/>
              </lines>
            </method>
            <method name="(anonymous_8)" hits="2" signature="()V">
              <lines>
                <line number="111" hits="2"/>
              </lines>
            </method>
            <method name="(anonymous_9)" hits="2" signature="()V">
              <lines>
                <line number="140" hits="2"/>
              </lines>
            </method>
            <method name="(anonymous_10)" hits="1" signature="()V">
              <lines>
                <line number="154" hits="1"/>
              </lines>
            </method>
            <method name="(anonymous_11)" hits="1" signature="()V">
              <lines>
                <line number="162" hits="1"/>
              </lines>
            </method>
            <method name="(anonymous_12)" hits="2" signature="()V">
              <lines>
                <line number="191" hits="2"/>
              </lines>
            </method>
            <method name="(anonymous_13)" hits="5" signature="()V">
              <lines>
                <line number="195" hits="5"/>
              </lines>
            </method>
            <method name="(anonymous_14)" hits="1" signature="()V">
              <lines>
                <line number="202" hits="1"/>
              </lines>
            </method>
            <method name="(anonymous_15)" hits="0" signature="()V">
              <lines>
                <line number="233" hits="0"/>
              </lines>
            </method>
            <method name="(anonymous_16)" hits="1" signature="()V">
              <lines>
                <line number="240" hits="1"/>
              </lines>
            </method>
            <method name="(anonymous_17)" hits="1" signature="()V">
              <lines>
                <line number="254" hits="1"/>
              </lines>
            </method>
            <method name="(anonymous_18)" hits="2" signature="()V">
              <lines>
                <line number="258" hits="2"/>
              </lines>
            </method>
            <method name="(anonymous_19)" hits="1" signature="()V">
              <lines>
                <line number="264" hits="1"/>
              </lines>
            </method>
          </methods>
          <lines>
            <line number="1" hits="3" branch="false"/>
            <line number="5" hits="21" branch="false"/>
            <line number="6" hits="21" branch="false"/>
            <line number="7" hits="21" branch="false"/>
            <line number="8" hits="21" branch="false"/>
            <line number="9" hits="21" branch="false"/>
            <line number="10" hits="21" branch="true" condition-coverage="100% (2/2)"/>
            <line number="15" hits="2" branch="false"/>
            <line number="17" hits="2" branch="false"/>
            <line number="22" hits="2" branch="false"/>
            <line number="24" hits="2" branch="true" condition-coverage="100% (2/2)"/>
            <line number="25" hits="1" branch="false"/>
            <line number="28" hits="1" branch="false"/>
            <line number="33" hits="4" branch="false"/>
            <line number="41" hits="4" branch="false"/>
            <line number="43" hits="4" branch="true" condition-coverage="100% (2/2)"/>
            <line number="44" hits="3" branch="false"/>
            <line number="47" hits="1" branch="false"/>
            <line number="52" hits="1" branch="false"/>
            <line number="60" hits="1" branch="false"/>
            <line number="62" hits="1" branch="true" condition-coverage="50% (1/2)"/>
            <line number="63" hits="1" branch="false"/>
            <line number="66" hits="0" branch="false"/>
            <line number="73" hits="2" branch="true" condition-coverage="100% (2/2)"/>
            <line number="74" hits="1" branch="false"/>
            <line number="83" hits="1" branch="false"/>
            <line number="90" hits="2" branch="false"/>
            <line number="91" hits="4" branch="false"/>
            <line number="96" hits="0" branch="false"/>
            <line number="106" hits="0" branch="false"/>
            <line number="107" hits="0" branch="false"/>
            <line number="112" hits="2" branch="false"/>
            <line number="113" hits="2" branch="false"/>
            <line number="114" hits="2" branch="false"/>
            <line number="116" hits="2" branch="false"/>
            <line number="117" hits="3" branch="true" condition-coverage="100% (4/4)"/>
            <line number="118" hits="2" branch="false"/>
            <line number="119" hits="2" branch="false"/>
            <line number="123" hits="2" branch="true" condition-coverage="100% (2/2)"/>
            <line number="124" hits="1" branch="false"/>
            <line number="127" hits="1" branch="false"/>
            <line number="129" hits="1" branch="false"/>
            <line number="130" hits="1" branch="false"/>
            <line number="133" hits="1" branch="false"/>
            <line number="134" hits="1" branch="false"/>
            <line number="136" hits="1" branch="false"/>
            <line number="142" hits="2" branch="false"/>
            <line number="143" hits="2" branch="true" condition-coverage="100% (2/2)"/>
            <line number="144" hits="1" branch="false"/>
            <line number="147" hits="1" branch="false"/>
            <line number="148" hits="1" branch="false"/>
            <line number="149" hits="1" branch="false"/>
            <line number="150" hits="1" branch="false"/>
            <line number="155" hits="1" branch="false"/>
            <line number="156" hits="1" branch="false"/>
            <line number="157" hits="1" branch="false"/>
            <line number="158" hits="1" branch="false"/>
            <line number="168" hits="1" branch="false"/>
            <line number="170" hits="1" branch="false"/>
            <line number="171" hits="1" branch="false"/>
            <line number="173" hits="1" branch="false"/>
            <line number="174" hits="1" branch="true" condition-coverage="75% (3/4)"/>
            <line number="175" hits="1" branch="false"/>
            <line number="178" hits="1" branch="false"/>
            <line number="187" hits="1" branch="false"/>
            <line number="190" hits="1" branch="false"/>
            <line number="191" hits="2" branch="false"/>
            <line number="196" hits="5" branch="false"/>
            <line number="197" hits="5" branch="false"/>
            <line number="198" hits="5" branch="false"/>
            <line number="203" hits="1" branch="false"/>
            <line number="216" hits="1" branch="false"/>
            <line number="217" hits="1" branch="false"/>
            <line number="219" hits="1" branch="false"/>
            <line number="234" hits="0" branch="false"/>
            <line number="235" hits="0" branch="false"/>
            <line number="236" hits="0" branch="false"/>
            <line number="241" hits="1" branch="false"/>
            <line number="252" hits="1" branch="false"/>
            <line number="253" hits="1" branch="false"/>
            <line number="254" hits="1" branch="false"/>
            <line number="259" hits="2" branch="false"/>
            <line number="260" hits="2" branch="false"/>
            <line number="265" hits="1" branch="false"/>
            <line number="276" hits="3" branch="false"/>
          </lines>
        </class>
        <class name="Product.js" filename="models/Product.js" line-rate="0.7481" branch-rate="0.7293999999999999">
          <methods>
            <method name="(anonymous_0)" hits="27" signature="()V">
              <lines>
                <line number="4" hits="27"/>
              </lines>
            </method>
            <method name="(anonymous_1)" hits="3" signature="()V">
              <lines>
                <line number="24" hits="3"/>
              </lines>
            </method>
            <method name="(anonymous_2)" hits="5" signature="()V">
              <lines>
                <line number="59" hits="5"/>
              </lines>
            </method>
            <method name="(anonymous_3)" hits="1" signature="()V">
              <lines>
                <line number="77" hits="1"/>
              </lines>
            </method>
            <method name="(anonymous_4)" hits="2" signature="()V">
              <lines>
                <line number="95" hits="2"/>
              </lines>
            </method>
            <method name="(anonymous_5)" hits="2" signature="()V">
              <lines>
                <line number="156" hits="2"/>
              </lines>
            </method>
            <method name="(anonymous_6)" hits="0" signature="()V">
              <lines>
                <line number="160" hits="0"/>
              </lines>
            </method>
            <method name="(anonymous_7)" hits="2" signature="()V">
              <lines>
                <line number="204" hits="2"/>
              </lines>
            </method>
            <method name="(anonymous_8)" hits="4" signature="()V">
              <lines>
                <line number="237" hits="4"/>
              </lines>
            </method>
            <method name="(anonymous_9)" hits="4" signature="()V">
              <lines>
                <line number="252" hits="4"/>
              </lines>
            </method>
            <method name="(anonymous_10)" hits="2" signature="()V">
              <lines>
                <line number="266" hits="2"/>
              </lines>
            </method>
            <method name="(anonymous_11)" hits="1" signature="()V">
              <lines>
                <line number="276" hits="1"/>
              </lines>
            </method>
            <method name="(anonymous_12)" hits="0" signature="()V">
              <lines>
                <line number="284" hits="0"/>
              </lines>
            </method>
            <method name="(anonymous_13)" hits="3" signature="()V">
              <lines>
                <line number="292" hits="3"/>
              </lines>
            </method>
            <method name="(anonymous_14)" hits="3" signature="()V">
              <lines>
                <line number="297" hits="3"/>
              </lines>
            </method>
            <method name="(anonymous_15)" hits="0" signature="()V">
              <lines>
                <line number="302" hits="0"/>
              </lines>
            </method>
            <method name="(anonymous_16)" hits="0" signature="()V">
              <lines>
                <line number="313" hits="0"/>
              </lines>
            </method>
            <method name="(anonymous_17)" hits="1" signature="()V">
              <lines>
                <line number="317" hits="1"/>
              </lines>
            </method>
            <method name="(anonymous_18)" hits="2" signature="()V">
              <lines>
                <line number="327" hits="2"/>
              </lines>
            </method>
            <method name="(anonymous_19)" hits="0" signature="()V">
              <lines>
                <line number="331" hits="0"/>
              </lines>
            </method>
            <method name="(anonymous_20)" hits="0" signature="()V">
              <lines>
                <line number="341" hits="0"/>
              </lines>
            </method>
            <method name="(anonymous_21)" hits="1" signature="()V">
              <lines>
                <line number="345" hits="1"/>
              </lines>
            </method>
          </methods>
          <lines>
            <line number="1" hits="3" branch="false"/>
            <line number="5" hits="27" branch="false"/>
            <line number="6" hits="27" branch="false"/>
            <line number="7" hits="27" branch="false"/>
            <line number="8" hits="27" branch="false"/>
            <line number="9" hits="27" branch="false"/>
            <line number="10" hits="27" branch="false"/>
            <line number="11" hits="27" branch="false"/>
            <line number="12" hits="27" branch="false"/>
            <line number="13" hits="27" branch="false"/>
            <line number="14" hits="27" branch="false"/>
            <line number="15" hits="27" branch="false"/>
            <line number="16" hits="27" branch="false"/>
            <line number="17" hits="27" branch="false"/>
            <line number="18" hits="27" branch="false"/>
            <line number="19" hits="27" branch="false"/>
            <line number="20" hits="27" branch="false"/>
            <line number="28" hits="3" branch="false"/>
            <line number="30" hits="3" branch="false"/>
            <line number="37" hits="3" branch="false"/>
            <line number="51" hits="3" branch="true" condition-coverage="100% (2/2)"/>
            <line number="52" hits="2" branch="false"/>
            <line number="55" hits="1" branch="false"/>
            <line number="60" hits="5" branch="false"/>
            <line number="67" hits="5" branch="false"/>
            <line number="69" hits="5" branch="true" condition-coverage="100% (2/2)"/>
            <line number="70" hits="4" branch="false"/>
            <line number="73" hits="1" branch="false"/>
            <line number="78" hits="1" branch="false"/>
            <line number="85" hits="1" branch="false"/>
            <line number="87" hits="1" branch="true" condition-coverage="50% (1/2)"/>
            <line number="88" hits="1" branch="false"/>
            <line number="91" hits="0" branch="false"/>
            <line number="106" hits="2" branch="false"/>
            <line number="108" hits="2" branch="false"/>
            <line number="115" hits="2" branch="false"/>
            <line number="118" hits="2" branch="true" condition-coverage="100% (2/2)"/>
            <line number="119" hits="1" branch="false"/>
            <line number="120" hits="1" branch="false"/>
            <line number="123" hits="2" branch="true" condition-coverage="100% (2/2)"/>
            <line number="124" hits="1" branch="false"/>
            <line number="125" hits="1" branch="false"/>
            <line number="126" hits="1" branch="false"/>
            <line number="129" hits="2" branch="true" condition-coverage="100% (2/2)"/>
            <line number="130" hits="1" branch="false"/>
            <line number="131" hits="1" branch="false"/>
            <line number="134" hits="2" branch="true" condition-coverage="100% (2/2)"/>
            <line number="135" hits="1" branch="false"/>
            <line number="136" hits="1" branch="false"/>
            <line number="139" hits="2" branch="true" condition-coverage="100% (2/2)"/>
            <line number="140" hits="1" branch="false"/>
            <line number="141" hits="1" branch="true" condition-coverage="50% (1/2)"/>
            <line number="142" hits="0" branch="false"/>
            <line number="146" hits="2" branch="false"/>
            <line number="147" hits="2" branch="false"/>
            <line number="149" hits="2" branch="true" condition-coverage="75% (3/4)"/>
            <line number="150" hits="2" branch="false"/>
            <line number="153" hits="2" branch="false"/>
            <line number="155" hits="2" branch="false"/>
            <line number="156" hits="2" branch="false"/>
            <line number="167" hits="0" branch="false"/>
            <line number="169" hits="0" branch="false"/>
            <line number="170" hits="0" branch="false"/>
            <line number="172" hits="0" branch="true" condition-coverage="0% (0/2)"/>
            <line number="173" hits="0" branch="false"/>
            <line number="174" hits="0" branch="false"/>
            <line number="177" hits="0" branch="true" condition-coverage="0% (0/2)"/>
            <line number="178" hits="0" branch="false"/>
            <line number="179" hits="0" branch="false"/>
            <line number="180" hits="0" branch="false"/>
            <line number="183" hits="0" branch="true" condition-coverage="0% (0/2)"/>
            <line number="184" hits="0" branch="false"/>
            <line number="185" hits="0" branch="false"/>
            <line number="188" hits="0" branch="true" condition-coverage="0% (0/2)"/>
            <line number="189" hits="0" branch="false"/>
            <line number="190" hits="0" branch="false"/>
            <line number="193" hits="0" branch="true" condition-coverage="0% (0/2)"/>
            <line number="194" hits="0" branch="false"/>
            <line number="195" hits="0" branch="true" condition-coverage="0% (0/2)"/>
            <line number="196" hits="0" branch="false"/>
            <line number="199" hits="0" branch="false"/>
            <line number="200" hits="0" branch="false"/>
            <line number="205" hits="2" branch="false"/>
            <line number="210" hits="2" branch="false"/>
            <line number="211" hits="2" branch="false"/>
            <line number="213" hits="2" branch="false"/>
            <line number="214" hits="3" branch="true" condition-coverage="100% (4/4)"/>
            <line number="215" hits="2" branch="false"/>
            <line number="216" hits="2" branch="false"/>
            <line number="220" hits="2" branch="true" condition-coverage="100% (2/2)"/>
            <line number="221" hits="1" branch="false"/>
            <line number="224" hits="1" branch="false"/>
            <line number="226" hits="1" branch="false"/>
            <line number="227" hits="1" branch="false"/>
            <line number="230" hits="1" branch="false"/>
            <line number="231" hits="1" branch="false"/>
            <line number="233" hits="1" branch="false"/>
            <line number="238" hits="4" branch="true" condition-coverage="100% (2/2)"/>
            <line number="239" hits="1" branch="false"/>
            <line number="242" hits="3" branch="false"/>
            <line number="243" hits="3" branch="false"/>
            <line number="245" hits="3" branch="false"/>
            <line number="246" hits="3" branch="false"/>
            <line number="248" hits="3" branch="false"/>
            <line number="253" hits="4" branch="true" condition-coverage="100% (2/2)"/>
            <line number="254" hits="2" branch="false"/>
            <line number="257" hits="2" branch="true" condition-coverage="100% (2/2)"/>
            <line number="258" hits="1" branch="false"/>
            <line number="261" hits="1" branch="false"/>
            <line number="262" hits="1" branch="false"/>
            <line number="267" hits="2" branch="true" condition-coverage="100% (2/2)"/>
            <line number="268" hits="1" branch="false"/>
            <line number="271" hits="1" branch="false"/>
            <line number="272" hits="1" branch="false"/>
            <line number="277" hits="1" branch="false"/>
            <line number="278" hits="1" branch="false"/>
            <line number="279" hits="1" branch="false"/>
            <line number="280" hits="1" branch="false"/>
            <line number="285" hits="0" branch="false"/>
            <line number="286" hits="0" branch="false"/>
            <line number="287" hits="0" branch="false"/>
            <line number="288" hits="0" branch="false"/>
            <line number="293" hits="3" branch="false"/>
            <line number="298" hits="3" branch="true" condition-coverage="100% (2/2)"/>
            <line number="303" hits="0" branch="false"/>
            <line number="312" hits="0" branch="false"/>
            <line number="313" hits="0" branch="false"/>
            <line number="318" hits="1" branch="false"/>
            <line number="326" hits="1" branch="false"/>
            <line number="327" hits="2" branch="false"/>
            <line number="332" hits="0" branch="false"/>
            <line number="340" hits="0" branch="false"/>
            <line number="341" hits="0" branch="false"/>
            <line number="346" hits="1" branch="false"/>
            <line number="369" hits="3" branch="false"/>
          </lines>
        </class>
        <class name="User.js" filename="models/User.js" line-rate="1" branch-rate="0.9615">
          <methods>
            <method name="(anonymous_0)" hits="21" signature="()V">
              <lines>
                <line number="5" hits="21"/>
              </lines>
            </method>
            <method name="(anonymous_1)" hits="3" signature="()V">
              <lines>
                <line number="18" hits="3"/>
              </lines>
            </method>
            <method name="(anonymous_2)" hits="7" signature="()V">
              <lines>
                <line number="47" hits="7"/>
              </lines>
            </method>
            <method name="(anonymous_3)" hits="2" signature="()V">
              <lines>
                <line number="59" hits="2"/>
              </lines>
            </method>
            <method name="(anonymous_4)" hits="2" signature="()V">
              <lines>
                <line number="71" hits="2"/>
              </lines>
            </method>
            <method name="(anonymous_5)" hits="3" signature="()V">
              <lines>
                <line number="85" hits="3"/>
              </lines>
            </method>
            <method name="(anonymous_6)" hits="3" signature="()V">
              <lines>
                <line number="89" hits="3"/>
              </lines>
            </method>
            <method name="(anonymous_7)" hits="2" signature="()V">
              <lines>
                <line number="118" hits="2"/>
              </lines>
            </method>
            <method name="(anonymous_8)" hits="2" signature="()V">
              <lines>
                <line number="136" hits="2"/>
              </lines>
            </method>
            <method name="(anonymous_9)" hits="1" signature="()V">
              <lines>
                <line number="141" hits="1"/>
              </lines>
            </method>
            <method name="(anonymous_10)" hits="1" signature="()V">
              <lines>
                <line number="149" hits="1"/>
              </lines>
            </method>
            <method name="(anonymous_11)" hits="1" signature="()V">
              <lines>
                <line number="157" hits="1"/>
              </lines>
            </method>
            <method name="(anonymous_12)" hits="1" signature="()V">
              <lines>
                <line number="164" hits="1"/>
              </lines>
            </method>
            <method name="(anonymous_13)" hits="1" signature="()V">
              <lines>
                <line number="176" hits="1"/>
              </lines>
            </method>
            <method name="(anonymous_14)" hits="1" signature="()V">
              <lines>
                <line number="180" hits="1"/>
              </lines>
            </method>
          </methods>
          <lines>
            <line number="1" hits="4" branch="false"/>
            <line number="2" hits="4" branch="false"/>
            <line number="6" hits="21" branch="false"/>
            <line number="7" hits="21" branch="false"/>
            <line number="8" hits="21" branch="false"/>
            <line number="9" hits="21" branch="false"/>
            <line number="10" hits="21" branch="false"/>
            <line number="11" hits="21" branch="false"/>
            <line number="12" hits="21" branch="false"/>
            <line number="13" hits="21" branch="false"/>
            <line number="14" hits="21" branch="false"/>
            <line number="19" hits="3" branch="false"/>
            <line number="22" hits="3" branch="false"/>
            <line number="24" hits="3" branch="false"/>
            <line number="30" hits="3" branch="false"/>
            <line number="39" hits="3" branch="true" condition-coverage="100% (2/2)"/>
            <line number="40" hits="2" branch="false"/>
            <line number="43" hits="1" branch="false"/>
            <line number="48" hits="7" branch="false"/>
            <line number="49" hits="7" branch="false"/>
            <line number="51" hits="7" branch="true" condition-coverage="100% (2/2)"/>
            <line number="52" hits="5" branch="false"/>
            <line number="55" hits="2" branch="false"/>
            <line number="60" hits="2" branch="false"/>
            <line number="61" hits="2" branch="false"/>
            <line number="63" hits="2" branch="true" condition-coverage="100% (2/2)"/>
            <line number="64" hits="1" branch="false"/>
            <line number="67" hits="1" branch="false"/>
            <line number="73" hits="2" branch="true" condition-coverage="50% (1/2)"/>
            <line number="74" hits="2" branch="true" condition-coverage="100% (2/2)"/>
            <line number="76" hits="2" branch="false"/>
            <line number="84" hits="2" branch="false"/>
            <line number="85" hits="3" branch="false"/>
            <line number="90" hits="3" branch="false"/>
            <line number="91" hits="3" branch="false"/>
            <line number="92" hits="3" branch="false"/>
            <line number="94" hits="3" branch="false"/>
            <line number="95" hits="7" branch="true" condition-coverage="100% (4/4)"/>
            <line number="96" hits="3" branch="false"/>
            <line number="97" hits="3" branch="false"/>
            <line number="101" hits="3" branch="true" condition-coverage="100% (2/2)"/>
            <line number="102" hits="1" branch="false"/>
            <line number="105" hits="2" branch="false"/>
            <line number="107" hits="2" branch="false"/>
            <line number="108" hits="2" branch="false"/>
            <line number="111" hits="2" branch="false"/>
            <line number="112" hits="2" branch="false"/>
            <line number="114" hits="2" branch="false"/>
            <line number="120" hits="2" branch="false"/>
            <line number="121" hits="2" branch="true" condition-coverage="100% (2/2)"/>
            <line number="122" hits="1" branch="false"/>
            <line number="126" hits="1" branch="false"/>
            <line number="128" hits="1" branch="false"/>
            <line number="129" hits="1" branch="false"/>
            <line number="131" hits="1" branch="false"/>
            <line number="132" hits="1" branch="false"/>
            <line number="137" hits="2" branch="false"/>
            <line number="142" hits="1" branch="false"/>
            <line number="143" hits="1" branch="false"/>
            <line number="144" hits="1" branch="false"/>
            <line number="145" hits="1" branch="false"/>
            <line number="150" hits="1" branch="false"/>
            <line number="151" hits="1" branch="false"/>
            <line number="152" hits="1" branch="false"/>
            <line number="153" hits="1" branch="false"/>
            <line number="158" hits="1" branch="false"/>
            <line number="159" hits="1" branch="false"/>
            <line number="160" hits="1" branch="false"/>
            <line number="165" hits="1" branch="false"/>
            <line number="174" hits="1" branch="false"/>
            <line number="175" hits="1" branch="false"/>
            <line number="176" hits="1" branch="false"/>
            <line number="181" hits="1" branch="false"/>
            <line number="182" hits="1" branch="false"/>
            <line number="186" hits="4" branch="false"/>
          </lines>
        </class>
      </classes>
    </package>
    <package name="routes" line-rate="0.7138" branch-rate="0.6708">
      <classes>
        <class name="auth.js" filename="routes/auth.js" line-rate="0.6736" branch-rate="0.5">
          <methods>
            <method name="(anonymous_0)" hits="10" signature="()V">
              <lines>
                <line number="52" hits="10"/>
              </lines>
            </method>
            <method name="getConnection" hits="8" signature="()V">
              <lines>
                <line number="65" hits="8"/>
              </lines>
            </method>
            <method name="(anonymous_2)" hits="2" signature="()V">
              <lines>
                <line number="78" hits="2"/>
              </lines>
            </method>
            <method name="(anonymous_3)" hits="4" signature="()V">
              <lines>
                <line number="144" hits="4"/>
              </lines>
            </method>
            <method name="(anonymous_4)" hits="2" signature="()V">
              <lines>
                <line number="210" hits="2"/>
              </lines>
            </method>
            <method name="(anonymous_5)" hits="0" signature="()V">
              <lines>
                <line number="277" hits="0"/>
              </lines>
            </method>
            <method name="(anonymous_6)" hits="0" signature="()V">
              <lines>
                <line number="292" hits="0"/>
              </lines>
            </method>
          </methods>
          <lines>
            <line number="1" hits="1" branch="false"/>
            <line number="2" hits="1" branch="false"/>
            <line number="9" hits="1" branch="false"/>
            <line number="11" hits="1" branch="false"/>
            <line number="14" hits="1" branch="false"/>
            <line number="24" hits="1" branch="false"/>
            <line number="52" hits="1" branch="false"/>
            <line number="53" hits="10" branch="false"/>
            <line number="54" hits="10" branch="true" condition-coverage="100% (2/2)"/>
            <line number="55" hits="2" branch="false"/>
            <line number="61" hits="8" branch="false"/>
            <line number="66" hits="8" branch="false"/>
            <line number="67" hits="8" branch="false"/>
            <line number="78" hits="1" branch="false"/>
            <line number="80" hits="2" branch="false"/>
            <line number="81" hits="2" branch="false"/>
            <line number="83" hits="2" branch="false"/>
            <line number="86" hits="2" branch="false"/>
            <line number="91" hits="2" branch="true" condition-coverage="100% (2/2)"/>
            <line number="92" hits="1" branch="false"/>
            <line number="93" hits="1" branch="false"/>
            <line number="100" hits="1" branch="false"/>
            <line number="101" hits="1" branch="false"/>
            <line number="104" hits="1" branch="false"/>
            <line number="109" hits="1" branch="false"/>
            <line number="112" hits="1" branch="false"/>
            <line number="123" hits="1" branch="false"/>
            <line number="125" hits="1" branch="false"/>
            <line number="126" hits="1" branch="false"/>
            <line number="134" hits="0" branch="true" condition-coverage="0% (0/2)"/>
            <line number="135" hits="0" branch="false"/>
            <line number="136" hits="0" branch="false"/>
            <line number="144" hits="1" branch="false"/>
            <line number="146" hits="4" branch="false"/>
            <line number="147" hits="4" branch="false"/>
            <line number="149" hits="4" branch="false"/>
            <line number="152" hits="4" branch="false"/>
            <line number="157" hits="4" branch="false"/>
            <line number="159" hits="4" branch="true" condition-coverage="100% (2/2)"/>
            <line number="160" hits="2" branch="false"/>
            <line number="166" hits="2" branch="false"/>
            <line number="169" hits="2" branch="false"/>
            <line number="170" hits="2" branch="false"/>
            <line number="171" hits="2" branch="true" condition-coverage="100% (2/2)"/>
            <line number="172" hits="1" branch="false"/>
            <line number="179" hits="1" branch="false"/>
            <line number="190" hits="1" branch="false"/>
            <line number="192" hits="1" branch="false"/>
            <line number="200" hits="0" branch="true" condition-coverage="0% (0/2)"/>
            <line number="201" hits="0" branch="false"/>
            <line number="202" hits="0" branch="false"/>
            <line number="210" hits="1" branch="false"/>
            <line number="212" hits="2" branch="false"/>
            <line number="213" hits="2" branch="false"/>
            <line number="214" hits="2" branch="false"/>
            <line number="216" hits="2" branch="false"/>
            <line number="219" hits="2" branch="false"/>
            <line number="224" hits="2" branch="false"/>
            <line number="226" hits="2" branch="true" condition-coverage="50% (1/2)"/>
            <line number="227" hits="0" branch="false"/>
            <line number="233" hits="2" branch="false"/>
            <line number="236" hits="2" branch="false"/>
            <line number="237" hits="2" branch="false"/>
            <line number="239" hits="2" branch="true" condition-coverage="100% (2/2)"/>
            <line number="240" hits="1" branch="false"/>
            <line number="247" hits="1" branch="false"/>
            <line number="257" hits="1" branch="false"/>
            <line number="259" hits="1" branch="false"/>
            <line number="267" hits="0" branch="true" condition-coverage="0% (0/2)"/>
            <line number="268" hits="0" branch="false"/>
            <line number="269" hits="0" branch="false"/>
            <line number="277" hits="1" branch="false"/>
            <line number="278" hits="0" branch="false"/>
            <line number="279" hits="0" branch="false"/>
            <line number="283" hits="0" branch="false"/>
            <line number="284" hits="0" branch="false"/>
            <line number="292" hits="1" branch="false"/>
            <line number="294" hits="0" branch="false"/>
            <line number="295" hits="0" branch="false"/>
            <line number="297" hits="0" branch="false"/>
            <line number="299" hits="0" branch="true" condition-coverage="0% (0/2)"/>
            <line number="300" hits="0" branch="false"/>
            <line number="305" hits="0" branch="false"/>
            <line number="307" hits="0" branch="true" condition-coverage="0% (0/2)"/>
            <line number="308" hits="0" branch="false"/>
            <line number="314" hits="0" branch="false"/>
            <line number="319" hits="0" branch="false"/>
            <line number="324" hits="0" branch="false"/>
            <line number="326" hits="0" branch="true" condition-coverage="0% (0/2)"/>
            <line number="327" hits="0" branch="false"/>
            <line number="333" hits="0" branch="false"/>
            <line number="339" hits="0" branch="true" condition-coverage="0% (0/2)"/>
            <line number="340" hits="0" branch="false"/>
            <line number="341" hits="0" branch="false"/>
            <line number="348" hits="1" branch="false"/>
          </lines>
        </class>
        <class name="products.js" filename="routes/products.js" line-rate="0.7456999999999999" branch-rate="0.6944">
          <methods>
            <method name="(anonymous_0)" hits="3" signature="()V">
              <lines>
                <line number="77" hits="3"/>
              </lines>
            </method>
            <method name="(anonymous_1)" hits="3" signature="()V">
              <lines>
                <line number="112" hits="3"/>
              </lines>
            </method>
            <method name="(anonymous_2)" hits="2" signature="()V">
              <lines>
                <line number="155" hits="2"/>
              </lines>
            </method>
            <method name="(anonymous_3)" hits="1" signature="()V">
              <lines>
                <line number="171" hits="1"/>
              </lines>
            </method>
            <method name="(anonymous_4)" hits="4" signature="()V">
              <lines>
                <line number="192" hits="4"/>
              </lines>
            </method>
            <method name="(anonymous_5)" hits="2" signature="()V">
              <lines>
                <line number="266" hits="2"/>
              </lines>
            </method>
            <method name="(anonymous_6)" hits="1" signature="()V">
              <lines>
                <line number="357" hits="1"/>
              </lines>
            </method>
            <method name="(anonymous_7)" hits="2" signature="()V">
              <lines>
                <line number="399" hits="2"/>
              </lines>
            </method>
            <method name="(anonymous_8)" hits="2" signature="()V">
              <lines>
                <line number="436" hits="2"/>
              </lines>
            </method>
            <method name="(anonymous_9)" hits="2" signature="()V">
              <lines>
                <line number="445" hits="2"/>
              </lines>
            </method>
            <method name="(anonymous_10)" hits="1" signature="()V">
              <lines>
                <line number="463" hits="1"/>
              </lines>
            </method>
            <method name="(anonymous_11)" hits="1" signature="()V">
              <lines>
                <line number="470" hits="1"/>
              </lines>
            </method>
          </methods>
          <lines>
            <line number="1" hits="1" branch="false"/>
            <line number="2" hits="1" branch="false"/>
            <line number="3" hits="1" branch="false"/>
            <line number="4" hits="1" branch="false"/>
            <line number="10" hits="1" branch="false"/>
            <line number="11" hits="1" branch="false"/>
            <line number="12" hits="1" branch="false"/>
            <line number="14" hits="1" branch="false"/>
            <line number="17" hits="1" branch="false"/>
            <line number="63" hits="1" branch="false"/>
            <line number="78" hits="3" branch="false"/>
            <line number="79" hits="3" branch="false"/>
            <line number="84" hits="3" branch="true" condition-coverage="100% (2/2)"/>
            <line number="85" hits="3" branch="true" condition-coverage="100% (2/2)"/>
            <line number="86" hits="3" branch="false"/>
            <line number="88" hits="3" branch="false"/>
            <line number="100" hits="3" branch="false"/>
            <line number="102" hits="3" branch="false"/>
            <line number="107" hits="3" branch="false"/>
            <line number="109" hits="3" branch="false"/>
            <line number="111" hits="3" branch="false"/>
            <line number="112" hits="3" branch="false"/>
            <line number="131" hits="3" branch="false"/>
            <line number="134" hits="0" branch="false"/>
            <line number="140" hits="0" branch="false"/>
            <line number="149" hits="1" branch="false"/>
            <line number="156" hits="2" branch="false"/>
            <line number="157" hits="2" branch="false"/>
            <line number="159" hits="2" branch="true" condition-coverage="100% (2/2)"/>
            <line number="160" hits="1" branch="false"/>
            <line number="167" hits="1" branch="false"/>
            <line number="169" hits="1" branch="false"/>
            <line number="171" hits="1" branch="false"/>
            <line number="175" hits="0" branch="false"/>
            <line number="176" hits="0" branch="false"/>
            <line number="185" hits="1" branch="false"/>
            <line number="193" hits="4" branch="false"/>
            <line number="195" hits="4" branch="true" condition-coverage="100% (2/2)"/>
            <line number="196" hits="2" branch="false"/>
            <line number="197" hits="2" branch="true" condition-coverage="100% (2/2)"/>
            <line number="198" hits="1" branch="false"/>
            <line number="206" hits="3" branch="true" condition-coverage="100% (2/2)"/>
            <line number="207" hits="2" branch="false"/>
            <line number="208" hits="2" branch="true" condition-coverage="100% (2/2)"/>
            <line number="209" hits="1" branch="false"/>
            <line number="217" hits="2" branch="true" condition-coverage="100% (5/5)"/>
            <line number="218" hits="1" branch="false"/>
            <line number="225" hits="1" branch="false"/>
            <line number="226" hits="1" branch="true" condition-coverage="50% (1/2)"/>
            <line number="227" hits="0" branch="false"/>
            <line number="230" hits="1" branch="false"/>
            <line number="232" hits="1" branch="false"/>
            <line number="238" hits="0" branch="false"/>
            <line number="240" hits="0" branch="true" condition-coverage="0% (0/2)"/>
            <line number="241" hits="0" branch="false"/>
            <line number="247" hits="0" branch="false"/>
            <line number="256" hits="1" branch="false"/>
            <line number="267" hits="2" branch="false"/>
            <line number="268" hits="2" branch="false"/>
            <line number="270" hits="2" branch="true" condition-coverage="50% (1/2)"/>
            <line number="271" hits="0" branch="false"/>
            <line number="278" hits="2" branch="true" condition-coverage="50% (1/2)"/>
            <line number="279" hits="0" branch="false"/>
            <line number="280" hits="0" branch="true" condition-coverage="0% (0/2)"/>
            <line number="281" hits="0" branch="false"/>
            <line number="289" hits="2" branch="true" condition-coverage="50% (2/4)"/>
            <line number="290" hits="0" branch="false"/>
            <line number="291" hits="0" branch="true" condition-coverage="0% (0/2)"/>
            <line number="292" hits="0" branch="false"/>
            <line number="300" hits="2" branch="true" condition-coverage="50% (1/2)"/>
            <line number="301" hits="2" branch="true" condition-coverage="50% (1/2)"/>
            <line number="303" hits="2" branch="true" condition-coverage="40% (2/5)"/>
            <line number="304" hits="0" branch="false"/>
            <line number="311" hits="2" branch="false"/>
            <line number="314" hits="2" branch="true" condition-coverage="50% (1/2)"/>
            <line number="316" hits="0" branch="true" condition-coverage="0% (0/2)"/>
            <line number="317" hits="0" branch="false"/>
            <line number="319" hits="0" branch="false"/>
            <line number="322" hits="2" branch="false"/>
            <line number="324" hits="1" branch="false"/>
            <line number="330" hits="1" branch="false"/>
            <line number="332" hits="1" branch="true" condition-coverage="50% (1/2)"/>
            <line number="333" hits="0" branch="false"/>
            <line number="339" hits="1" branch="false"/>
            <line number="348" hits="1" branch="false"/>
            <line number="358" hits="1" branch="false"/>
            <line number="359" hits="1" branch="false"/>
            <line number="361" hits="1" branch="true" condition-coverage="50% (1/2)"/>
            <line number="362" hits="0" branch="false"/>
            <line number="368" hits="1" branch="false"/>
            <line number="370" hits="1" branch="false"/>
            <line number="381" hits="0" branch="false"/>
            <line number="382" hits="0" branch="false"/>
            <line number="391" hits="1" branch="false"/>
            <line number="400" hits="2" branch="false"/>
            <line number="401" hits="2" branch="false"/>
            <line number="403" hits="2" branch="true" condition-coverage="100% (2/2)"/>
            <line number="404" hits="1" branch="false"/>
            <line number="410" hits="1" branch="false"/>
            <line number="412" hits="1" branch="false"/>
            <line number="418" hits="0" branch="false"/>
            <line number="419" hits="0" branch="false"/>
            <line number="428" hits="1" branch="false"/>
            <line number="437" hits="2" branch="false"/>
            <line number="438" hits="2" branch="true" condition-coverage="100% (2/2)"/>
            <line number="439" hits="2" branch="false"/>
            <line number="441" hits="2" branch="false"/>
            <line number="445" hits="2" branch="false"/>
            <line number="449" hits="0" branch="false"/>
            <line number="450" hits="0" branch="false"/>
            <line number="459" hits="1" branch="false"/>
            <line number="464" hits="1" branch="false"/>
            <line number="465" hits="1" branch="false"/>
            <line number="467" hits="1" branch="false"/>
            <line number="470" hits="1" branch="false"/>
            <line number="474" hits="0" branch="false"/>
            <line number="475" hits="0" branch="false"/>
            <line number="483" hits="1" branch="false"/>
          </lines>
        </class>
        <class name="users.js" filename="routes/users.js" line-rate="0.7142000000000001" branch-rate="0.8421">
          <methods>
            <method name="(anonymous_0)" hits="19" signature="()V">
              <lines>
                <line number="16" hits="19"/>
              </lines>
            </method>
            <method name="(anonymous_1)" hits="3" signature="()V">
              <lines>
                <line number="40" hits="3"/>
              </lines>
            </method>
            <method name="(anonymous_2)" hits="3" signature="()V">
              <lines>
                <line number="63" hits="3"/>
              </lines>
            </method>
            <method name="(anonymous_3)" hits="2" signature="()V">
              <lines>
                <line number="93" hits="2"/>
              </lines>
            </method>
            <method name="(anonymous_4)" hits="0" signature="()V">
              <lines>
                <line number="131" hits="0"/>
              </lines>
            </method>
            <method name="(anonymous_5)" hits="1" signature="()V">
              <lines>
                <line number="168" hits="1"/>
              </lines>
            </method>
            <method name="(anonymous_6)" hits="1" signature="()V">
              <lines>
                <line number="208" hits="1"/>
              </lines>
            </method>
            <method name="(anonymous_7)" hits="1" signature="()V">
              <lines>
                <line number="222" hits="1"/>
              </lines>
            </method>
            <method name="(anonymous_8)" hits="2" signature="()V">
              <lines>
                <line number="256" hits="2"/>
              </lines>
            </method>
            <method name="(anonymous_9)" hits="0" signature="()V">
              <lines>
                <line number="293" hits="0"/>
              </lines>
            </method>
            <method name="(anonymous_10)" hits="0" signature="()V">
              <lines>
                <line number="299" hits="0"/>
              </lines>
            </method>
            <method name="(anonymous_11)" hits="2" signature="()V">
              <lines>
                <line number="317" hits="2"/>
              </lines>
            </method>
            <method name="(anonymous_12)" hits="2" signature="()V">
              <lines>
                <line number="356" hits="2"/>
              </lines>
            </method>
            <method name="(anonymous_13)" hits="2" signature="()V">
              <lines>
                <line number="395" hits="2"/>
              </lines>
            </method>
            <method name="(anonymous_14)" hits="2" signature="()V">
              <lines>
                <line number="443" hits="2"/>
              </lines>
            </method>
          </methods>
          <lines>
            <line number="1" hits="1" branch="false"/>
            <line number="2" hits="1" branch="false"/>
            <line number="3" hits="1" branch="false"/>
            <line number="4" hits="1" branch="false"/>
            <line number="5" hits="1" branch="false"/>
            <line number="11" hits="1" branch="false"/>
            <line number="13" hits="1" branch="false"/>
            <line number="16" hits="1" branch="false"/>
            <line number="17" hits="19" branch="false"/>
            <line number="18" hits="19" branch="true" condition-coverage="100% (2/2)"/>
            <line number="19" hits="2" branch="false"/>
            <line number="24" hits="17" branch="false"/>
            <line number="30" hits="1" branch="false"/>
            <line number="41" hits="3" branch="false"/>
            <line number="42" hits="3" branch="true" condition-coverage="100% (2/2)"/>
            <line number="43" hits="3" branch="true" condition-coverage="100% (2/2)"/>
            <line number="44" hits="3" branch="false"/>
            <line number="45" hits="3" branch="false"/>
            <line number="49" hits="3" branch="true" condition-coverage="100% (2/2)"/>
            <line number="50" hits="1" branch="false"/>
            <line number="52" hits="1" branch="false"/>
            <line number="54" hits="2" branch="false"/>
            <line number="60" hits="3" branch="false"/>
            <line number="62" hits="3" branch="false"/>
            <line number="63" hits="3" branch="false"/>
            <line number="75" hits="0" branch="false"/>
            <line number="76" hits="0" branch="false"/>
            <line number="85" hits="1" branch="false"/>
            <line number="94" hits="2" branch="false"/>
            <line number="95" hits="2" branch="false"/>
            <line number="97" hits="2" branch="true" condition-coverage="100% (2/2)"/>
            <line number="98" hits="1" branch="false"/>
            <line number="104" hits="1" branch="false"/>
            <line number="109" hits="0" branch="false"/>
            <line number="110" hits="0" branch="false"/>
            <line number="119" hits="1" branch="false"/>
            <line number="132" hits="0" branch="false"/>
            <line number="133" hits="0" branch="false"/>
            <line number="135" hits="0" branch="true" condition-coverage="0% (0/2)"/>
            <line number="136" hits="0" branch="false"/>
            <line number="142" hits="0" branch="false"/>
            <line number="144" hits="0" branch="false"/>
            <line number="150" hits="0" branch="false"/>
            <line number="151" hits="0" branch="false"/>
            <line number="160" hits="1" branch="false"/>
            <line number="169" hits="1" branch="false"/>
            <line number="170" hits="1" branch="false"/>
            <line number="172" hits="1" branch="true" condition-coverage="50% (1/2)"/>
            <line number="173" hits="0" branch="false"/>
            <line number="179" hits="1" branch="false"/>
            <line number="181" hits="1" branch="false"/>
            <line number="187" hits="0" branch="false"/>
            <line number="188" hits="0" branch="false"/>
            <line number="199" hits="1" branch="false"/>
            <line number="209" hits="1" branch="false"/>
            <line number="210" hits="1" branch="true" condition-coverage="100% (2/2)"/>
            <line number="211" hits="1" branch="true" condition-coverage="100% (2/2)"/>
            <line number="212" hits="1" branch="false"/>
            <line number="214" hits="1" branch="false"/>
            <line number="219" hits="1" branch="false"/>
            <line number="221" hits="1" branch="false"/>
            <line number="222" hits="1" branch="false"/>
            <line number="234" hits="0" branch="false"/>
            <line number="235" hits="0" branch="false"/>
            <line number="244" hits="1" branch="false"/>
            <line number="257" hits="2" branch="false"/>
            <line number="258" hits="2" branch="false"/>
            <line number="261" hits="2" branch="false"/>
            <line number="266" hits="2" branch="true" condition-coverage="100% (4/4)"/>
            <line number="267" hits="1" branch="false"/>
            <line number="273" hits="1" branch="false"/>
            <line number="275" hits="1" branch="false"/>
            <line number="281" hits="0" branch="false"/>
            <line number="282" hits="0" branch="false"/>
            <line number="293" hits="1" branch="false"/>
            <line number="294" hits="0" branch="false"/>
            <line number="295" hits="0" branch="false"/>
            <line number="296" hits="0" branch="false"/>
            <line number="298" hits="0" branch="false"/>
            <line number="299" hits="0" branch="false"/>
            <line number="303" hits="0" branch="false"/>
            <line number="304" hits="0" branch="false"/>
            <line number="312" hits="1" branch="false"/>
            <line number="318" hits="2" branch="false"/>
            <line number="319" hits="2" branch="false"/>
            <line number="321" hits="2" branch="true" condition-coverage="100% (2/2)"/>
            <line number="322" hits="1" branch="false"/>
            <line number="329" hits="1" branch="false"/>
            <line number="331" hits="1" branch="false"/>
            <line number="337" hits="0" branch="false"/>
            <line number="338" hits="0" branch="false"/>
            <line number="347" hits="1" branch="false"/>
            <line number="357" hits="2" branch="false"/>
            <line number="359" hits="2" branch="false"/>
            <line number="360" hits="2" branch="true" condition-coverage="100% (2/2)"/>
            <line number="361" hits="1" branch="false"/>
            <line number="367" hits="1" branch="false"/>
            <line number="369" hits="1" branch="false"/>
            <line number="375" hits="0" branch="false"/>
            <line number="376" hits="0" branch="false"/>
            <line number="385" hits="1" branch="false"/>
            <line number="396" hits="2" branch="false"/>
            <line number="397" hits="2" branch="false"/>
            <line number="399" hits="2" branch="true" condition-coverage="100% (2/2)"/>
            <line number="400" hits="1" branch="false"/>
            <line number="407" hits="1" branch="true" condition-coverage="75% (3/4)"/>
            <line number="408" hits="1" branch="false"/>
            <line number="409" hits="1" branch="true" condition-coverage="50% (1/2)"/>
            <line number="410" hits="0" branch="false"/>
            <line number="417" hits="1" branch="false"/>
            <line number="419" hits="1" branch="false"/>
            <line number="425" hits="0" branch="false"/>
            <line number="426" hits="0" branch="false"/>
            <line number="435" hits="1" branch="false"/>
            <line number="444" hits="2" branch="false"/>
            <line number="445" hits="2" branch="false"/>
            <line number="447" hits="2" branch="true" condition-coverage="50% (1/2)"/>
            <line number="448" hits="0" branch="false"/>
            <line number="455" hits="2" branch="false"/>
            <line number="456" hits="2" branch="true" condition-coverage="100% (2/2)"/>
            <line number="457" hits="1" branch="false"/>
            <line number="463" hits="1" branch="false"/>
            <line number="465" hits="1" branch="false"/>
            <line number="471" hits="0" branch="false"/>
            <line number="472" hits="0" branch="false"/>
            <line number="480" hits="1" branch="false"/>
          </lines>
        </class>
      </classes>
    </package>
  </packages>
</coverage>
