{"/Users/mfrias/Documents/Facultad/4to/Ingenieria de software 3/Repuestera/backend/ecosystem.config.js": {"path":"/Users/mfrias/Documents/Facultad/4to/Ingenieria de software 3/Repuestera/backend/ecosystem.config.js","statementMap":{"0":{"start":{"line":1,"column":0},"end":{"line":83,"column":2}}},"fnMap":{},"branchMap":{},"s":{"0":0},"f":{},"b":{},"inputSourceMap":null}
,"/Users/mfrias/Documents/Facultad/4to/Ingenieria de software 3/Repuestera/backend/config/database-mysql.js": {"path":"/Users/mfrias/Documents/Facultad/4to/Ingenieria de software 3/Repuestera/backend/config/database-mysql.js","statementMap":{"0":{"start":{"line":1,"column":14},"end":{"line":1,"column":39}},"1":{"start":{"line":2,"column":0},"end":{"line":2,"column":27}},"2":{"start":{"line":5,"column":15},"end":{"line":18,"column":1}},"3":{"start":{"line":20,"column":0},"end":{"line":20,"column":61}},"4":{"start":{"line":21,"column":0},"end":{"line":21,"column":36}},"5":{"start":{"line":22,"column":0},"end":{"line":22,"column":44}},"6":{"start":{"line":23,"column":0},"end":{"line":23,"column":36}},"7":{"start":{"line":24,"column":0},"end":{"line":24,"column":36}},"8":{"start":{"line":25,"column":0},"end":{"line":25,"column":67}},"9":{"start":{"line":26,"column":0},"end":{"line":26,"column":79}},"10":{"start":{"line":33,"column":2},"end":{"line":42,"column":3}},"11":{"start":{"line":34,"column":4},"end":{"line":37,"column":5}},"12":{"start":{"line":35,"column":6},"end":{"line":35,"column":38}},"13":{"start":{"line":36,"column":6},"end":{"line":36,"column":55}},"14":{"start":{"line":38,"column":4},"end":{"line":38,"column":16}},"15":{"start":{"line":40,"column":4},"end":{"line":40,"column":76}},"16":{"start":{"line":41,"column":4},"end":{"line":41,"column":14}},"17":{"start":{"line":47,"column":2},"end":{"line":75,"column":3}},"18":{"start":{"line":48,"column":4},"end":{"line":48,"column":53}},"19":{"start":{"line":49,"column":4},"end":{"line":57,"column":7}},"20":{"start":{"line":59,"column":23},"end":{"line":59,"column":44}},"21":{"start":{"line":60,"column":19},"end":{"line":60,"column":113}},"22":{"start":{"line":61,"column":4},"end":{"line":61,"column":79}},"23":{"start":{"line":62,"column":4},"end":{"line":62,"column":63}},"24":{"start":{"line":63,"column":4},"end":{"line":63,"column":59}},"25":{"start":{"line":64,"column":4},"end":{"line":64,"column":16}},"26":{"start":{"line":66,"column":4},"end":{"line":73,"column":7}},"27":{"start":{"line":74,"column":4},"end":{"line":74,"column":17}},"28":{"start":{"line":80,"column":2},"end":{"line":102,"column":3}},"29":{"start":{"line":81,"column":23},"end":{"line":81,"column":44}},"30":{"start":{"line":82,"column":19},"end":{"line":82,"column":58}},"31":{"start":{"line":83,"column":4},"end":{"line":83,"column":16}},"32":{"start":{"line":85,"column":4},"end":{"line":93,"column":7}},"33":{"start":{"line":96,"column":4},"end":{"line":99,"column":5}},"34":{"start":{"line":97,"column":6},"end":{"line":97,"column":68}},"35":{"start":{"line":98,"column":6},"end":{"line":98,"column":18}},"36":{"start":{"line":101,"column":4},"end":{"line":101,"column":14}},"37":{"start":{"line":107,"column":21},"end":{"line":107,"column":42}},"38":{"start":{"line":108,"column":15},"end":{"line":108,"column":47}},"39":{"start":{"line":110,"column":2},"end":{"line":127,"column":3}},"40":{"start":{"line":111,"column":4},"end":{"line":111,"column":34}},"41":{"start":{"line":113,"column":20},"end":{"line":113,"column":22}},"42":{"start":{"line":114,"column":4},"end":{"line":117,"column":5}},"43":{"start":{"line":115,"column":23},"end":{"line":115,"column":56}},"44":{"start":{"line":116,"column":6},"end":{"line":116,"column":27}},"45":{"start":{"line":119,"column":4},"end":{"line":119,"column":24}},"46":{"start":{"line":120,"column":4},"end":{"line":120,"column":19}},"47":{"start":{"line":122,"column":4},"end":{"line":122,"column":26}},"48":{"start":{"line":123,"column":4},"end":{"line":123,"column":64}},"49":{"start":{"line":124,"column":4},"end":{"line":124,"column":14}},"50":{"start":{"line":126,"column":4},"end":{"line":126,"column":19}},"51":{"start":{"line":132,"column":2},"end":{"line":317,"column":3}},"52":{"start":{"line":133,"column":4},"end":{"line":133,"column":68}},"53":{"start":{"line":136,"column":4},"end":{"line":136,"column":27}},"54":{"start":{"line":137,"column":4},"end":{"line":137,"column":63}},"55":{"start":{"line":140,"column":4},"end":{"line":153,"column":7}},"56":{"start":{"line":156,"column":4},"end":{"line":169,"column":7}},"57":{"start":{"line":172,"column":4},"end":{"line":189,"column":5}},"58":{"start":{"line":173,"column":24},"end":{"line":179,"column":8}},"59":{"start":{"line":180,"column":6},"end":{"line":186,"column":7}},"60":{"start":{"line":181,"column":8},"end":{"line":184,"column":11}},"61":{"start":{"line":185,"column":8},"end":{"line":185,"column":64}},"62":{"start":{"line":188,"column":6},"end":{"line":188,"column":71}},"63":{"start":{"line":192,"column":4},"end":{"line":209,"column":5}},"64":{"start":{"line":193,"column":24},"end":{"line":199,"column":8}},"65":{"start":{"line":200,"column":6},"end":{"line":206,"column":7}},"66":{"start":{"line":201,"column":8},"end":{"line":204,"column":11}},"67":{"start":{"line":205,"column":8},"end":{"line":205,"column":74}},"68":{"start":{"line":208,"column":6},"end":{"line":208,"column":81}},"69":{"start":{"line":212,"column":4},"end":{"line":220,"column":7}},"70":{"start":{"line":223,"column":4},"end":{"line":245,"column":7}},"71":{"start":{"line":248,"column":4},"end":{"line":267,"column":5}},"72":{"start":{"line":249,"column":24},"end":{"line":255,"column":8}},"73":{"start":{"line":256,"column":30},"end":{"line":256,"column":61}},"74":{"start":{"line":256,"column":47},"end":{"line":256,"column":60}},"75":{"start":{"line":257,"column":6},"end":{"line":260,"column":7}},"76":{"start":{"line":258,"column":8},"end":{"line":258,"column":77}},"77":{"start":{"line":259,"column":8},"end":{"line":259,"column":64}},"78":{"start":{"line":261,"column":6},"end":{"line":264,"column":7}},"79":{"start":{"line":262,"column":8},"end":{"line":262,"column":77}},"80":{"start":{"line":263,"column":8},"end":{"line":263,"column":64}},"81":{"start":{"line":266,"column":6},"end":{"line":266,"column":79}},"82":{"start":{"line":270,"column":4},"end":{"line":288,"column":5}},"83":{"start":{"line":271,"column":24},"end":{"line":277,"column":8}},"84":{"start":{"line":278,"column":26},"end":{"line":278,"column":57}},"85":{"start":{"line":278,"column":43},"end":{"line":278,"column":56}},"86":{"start":{"line":279,"column":6},"end":{"line":285,"column":7}},"87":{"start":{"line":280,"column":8},"end":{"line":283,"column":11}},"88":{"start":{"line":284,"column":8},"end":{"line":284,"column":64}},"89":{"start":{"line":287,"column":6},"end":{"line":287,"column":76}},"90":{"start":{"line":291,"column":4},"end":{"line":295,"column":5}},"91":{"start":{"line":292,"column":6},"end":{"line":292,"column":92}},"92":{"start":{"line":294,"column":6},"end":{"line":294,"column":51}},"93":{"start":{"line":294,"column":41},"end":{"line":294,"column":51}},"94":{"start":{"line":297,"column":4},"end":{"line":301,"column":5}},"95":{"start":{"line":298,"column":6},"end":{"line":298,"column":83}},"96":{"start":{"line":300,"column":6},"end":{"line":300,"column":51}},"97":{"start":{"line":300,"column":41},"end":{"line":300,"column":51}},"98":{"start":{"line":303,"column":4},"end":{"line":307,"column":5}},"99":{"start":{"line":304,"column":6},"end":{"line":304,"column":79}},"100":{"start":{"line":306,"column":6},"end":{"line":306,"column":51}},"101":{"start":{"line":306,"column":41},"end":{"line":306,"column":51}},"102":{"start":{"line":309,"column":4},"end":{"line":309,"column":78}},"103":{"start":{"line":312,"column":4},"end":{"line":312,"column":29}},"104":{"start":{"line":315,"column":4},"end":{"line":315,"column":64}},"105":{"start":{"line":316,"column":4},"end":{"line":316,"column":16}},"106":{"start":{"line":322,"column":2},"end":{"line":352,"column":3}},"107":{"start":{"line":324,"column":29},"end":{"line":324,"column":90}},"108":{"start":{"line":325,"column":4},"end":{"line":328,"column":5}},"109":{"start":{"line":326,"column":6},"end":{"line":326,"column":52}},"110":{"start":{"line":327,"column":6},"end":{"line":327,"column":13}},"111":{"start":{"line":331,"column":4},"end":{"line":337,"column":7}},"112":{"start":{"line":340,"column":4},"end":{"line":346,"column":7}},"113":{"start":{"line":348,"column":4},"end":{"line":348,"column":74}},"114":{"start":{"line":350,"column":4},"end":{"line":350,"column":65}},"115":{"start":{"line":351,"column":4},"end":{"line":351,"column":16}},"116":{"start":{"line":357,"column":2},"end":{"line":364,"column":3}},"117":{"start":{"line":358,"column":4},"end":{"line":361,"column":5}},"118":{"start":{"line":359,"column":6},"end":{"line":359,"column":23}},"119":{"start":{"line":360,"column":6},"end":{"line":360,"column":56}},"120":{"start":{"line":363,"column":4},"end":{"line":363,"column":71}},"121":{"start":{"line":368,"column":0},"end":{"line":368,"column":38}},"122":{"start":{"line":369,"column":0},"end":{"line":369,"column":39}},"123":{"start":{"line":371,"column":0},"end":{"line":378,"column":2}}},"fnMap":{"0":{"name":"getConnection","decl":{"start":{"line":32,"column":15},"end":{"line":32,"column":28}},"loc":{"start":{"line":32,"column":31},"end":{"line":43,"column":1}},"line":32},"1":{"name":"testConnection","decl":{"start":{"line":46,"column":15},"end":{"line":46,"column":29}},"loc":{"start":{"line":46,"column":32},"end":{"line":76,"column":1}},"line":46},"2":{"name":"executeQuery","decl":{"start":{"line":79,"column":15},"end":{"line":79,"column":27}},"loc":{"start":{"line":79,"column":48},"end":{"line":103,"column":1}},"line":79},"3":{"name":"executeTransaction","decl":{"start":{"line":106,"column":15},"end":{"line":106,"column":33}},"loc":{"start":{"line":106,"column":43},"end":{"line":128,"column":1}},"line":106},"4":{"name":"initializeTables","decl":{"start":{"line":131,"column":15},"end":{"line":131,"column":31}},"loc":{"start":{"line":131,"column":34},"end":{"line":318,"column":1}},"line":131},"5":{"name":"(anonymous_5)","decl":{"start":{"line":256,"column":42},"end":{"line":256,"column":43}},"loc":{"start":{"line":256,"column":47},"end":{"line":256,"column":60}},"line":256},"6":{"name":"(anonymous_6)","decl":{"start":{"line":278,"column":38},"end":{"line":278,"column":39}},"loc":{"start":{"line":278,"column":43},"end":{"line":278,"column":56}},"line":278},"7":{"name":"insertSampleData","decl":{"start":{"line":321,"column":15},"end":{"line":321,"column":31}},"loc":{"start":{"line":321,"column":34},"end":{"line":353,"column":1}},"line":321},"8":{"name":"closeConnection","decl":{"start":{"line":356,"column":15},"end":{"line":356,"column":30}},"loc":{"start":{"line":356,"column":33},"end":{"line":365,"column":1}},"line":356}},"branchMap":{"0":{"loc":{"start":{"line":6,"column":8},"end":{"line":6,"column":42}},"type":"binary-expr","locations":[{"start":{"line":6,"column":8},"end":{"line":6,"column":27}},{"start":{"line":6,"column":31},"end":{"line":6,"column":42}}],"line":6},"1":{"loc":{"start":{"line":7,"column":8},"end":{"line":7,"column":45}},"type":"binary-expr","locations":[{"start":{"line":7,"column":8},"end":{"line":7,"column":37}},{"start":{"line":7,"column":41},"end":{"line":7,"column":45}}],"line":7},"2":{"loc":{"start":{"line":8,"column":8},"end":{"line":8,"column":49}},"type":"binary-expr","locations":[{"start":{"line":8,"column":8},"end":{"line":8,"column":27}},{"start":{"line":8,"column":31},"end":{"line":8,"column":49}}],"line":8},"3":{"loc":{"start":{"line":9,"column":12},"end":{"line":9,"column":41}},"type":"binary-expr","locations":[{"start":{"line":9,"column":12},"end":{"line":9,"column":35}},{"start":{"line":9,"column":39},"end":{"line":9,"column":41}}],"line":9},"4":{"loc":{"start":{"line":10,"column":12},"end":{"line":10,"column":50}},"type":"binary-expr","locations":[{"start":{"line":10,"column":12},"end":{"line":10,"column":31}},{"start":{"line":10,"column":35},"end":{"line":10,"column":50}}],"line":10},"5":{"loc":{"start":{"line":11,"column":7},"end":{"line":13,"column":11}},"type":"cond-expr","locations":[{"start":{"line":11,"column":89},"end":{"line":13,"column":3}},{"start":{"line":13,"column":6},"end":{"line":13,"column":11}}],"line":11},"6":{"loc":{"start":{"line":11,"column":7},"end":{"line":11,"column":86}},"type":"binary-expr","locations":[{"start":{"line":11,"column":7},"end":{"line":11,"column":26}},{"start":{"line":11,"column":30},"end":{"line":11,"column":86}}],"line":11},"7":{"loc":{"start":{"line":25,"column":22},"end":{"line":25,"column":65}},"type":"cond-expr","locations":[{"start":{"line":25,"column":35},"end":{"line":25,"column":52}},{"start":{"line":25,"column":55},"end":{"line":25,"column":65}}],"line":25},"8":{"loc":{"start":{"line":26,"column":27},"end":{"line":26,"column":77}},"type":"cond-expr","locations":[{"start":{"line":26,"column":45},"end":{"line":26,"column":61}},{"start":{"line":26,"column":64},"end":{"line":26,"column":77}}],"line":26},"9":{"loc":{"start":{"line":34,"column":4},"end":{"line":37,"column":5}},"type":"if","locations":[{"start":{"line":34,"column":4},"end":{"line":37,"column":5}},{"start":{},"end":{}}],"line":34},"10":{"loc":{"start":{"line":50,"column":15},"end":{"line":50,"column":51}},"type":"binary-expr","locations":[{"start":{"line":50,"column":15},"end":{"line":50,"column":34}},{"start":{"line":50,"column":38},"end":{"line":50,"column":51}}],"line":50},"11":{"loc":{"start":{"line":51,"column":15},"end":{"line":51,"column":51}},"type":"binary-expr","locations":[{"start":{"line":51,"column":15},"end":{"line":51,"column":34}},{"start":{"line":51,"column":38},"end":{"line":51,"column":51}}],"line":51},"12":{"loc":{"start":{"line":52,"column":15},"end":{"line":52,"column":51}},"type":"binary-expr","locations":[{"start":{"line":52,"column":15},"end":{"line":52,"column":34}},{"start":{"line":52,"column":38},"end":{"line":52,"column":51}}],"line":52},"13":{"loc":{"start":{"line":53,"column":15},"end":{"line":53,"column":51}},"type":"binary-expr","locations":[{"start":{"line":53,"column":15},"end":{"line":53,"column":34}},{"start":{"line":53,"column":38},"end":{"line":53,"column":51}}],"line":53},"14":{"loc":{"start":{"line":54,"column":19},"end":{"line":54,"column":77}},"type":"cond-expr","locations":[{"start":{"line":54,"column":45},"end":{"line":54,"column":61}},{"start":{"line":54,"column":64},"end":{"line":54,"column":77}}],"line":54},"15":{"loc":{"start":{"line":55,"column":15},"end":{"line":55,"column":51}},"type":"binary-expr","locations":[{"start":{"line":55,"column":15},"end":{"line":55,"column":34}},{"start":{"line":55,"column":38},"end":{"line":55,"column":51}}],"line":55},"16":{"loc":{"start":{"line":56,"column":16},"end":{"line":56,"column":53}},"type":"binary-expr","locations":[{"start":{"line":56,"column":16},"end":{"line":56,"column":36}},{"start":{"line":56,"column":40},"end":{"line":56,"column":53}}],"line":56},"17":{"loc":{"start":{"line":79,"column":35},"end":{"line":79,"column":46}},"type":"default-arg","locations":[{"start":{"line":79,"column":44},"end":{"line":79,"column":46}}],"line":79},"18":{"loc":{"start":{"line":91,"column":40},"end":{"line":91,"column":71}},"type":"cond-expr","locations":[{"start":{"line":91,"column":61},"end":{"line":91,"column":66}},{"start":{"line":91,"column":69},"end":{"line":91,"column":71}}],"line":91},"19":{"loc":{"start":{"line":92,"column":14},"end":{"line":92,"column":80}},"type":"cond-expr","locations":[{"start":{"line":92,"column":34},"end":{"line":92,"column":66}},{"start":{"line":92,"column":69},"end":{"line":92,"column":80}}],"line":92},"20":{"loc":{"start":{"line":96,"column":4},"end":{"line":99,"column":5}},"type":"if","locations":[{"start":{"line":96,"column":4},"end":{"line":99,"column":5}},{"start":{},"end":{}}],"line":96},"21":{"loc":{"start":{"line":96,"column":8},"end":{"line":96,"column":106}},"type":"binary-expr","locations":[{"start":{"line":96,"column":8},"end":{"line":96,"column":35}},{"start":{"line":96,"column":39},"end":{"line":96,"column":63}},{"start":{"line":96,"column":67},"end":{"line":96,"column":106}}],"line":96},"22":{"loc":{"start":{"line":180,"column":6},"end":{"line":186,"column":7}},"type":"if","locations":[{"start":{"line":180,"column":6},"end":{"line":186,"column":7}},{"start":{},"end":{}}],"line":180},"23":{"loc":{"start":{"line":200,"column":6},"end":{"line":206,"column":7}},"type":"if","locations":[{"start":{"line":200,"column":6},"end":{"line":206,"column":7}},{"start":{},"end":{}}],"line":200},"24":{"loc":{"start":{"line":257,"column":6},"end":{"line":260,"column":7}},"type":"if","locations":[{"start":{"line":257,"column":6},"end":{"line":260,"column":7}},{"start":{},"end":{}}],"line":257},"25":{"loc":{"start":{"line":261,"column":6},"end":{"line":264,"column":7}},"type":"if","locations":[{"start":{"line":261,"column":6},"end":{"line":264,"column":7}},{"start":{},"end":{}}],"line":261},"26":{"loc":{"start":{"line":279,"column":6},"end":{"line":285,"column":7}},"type":"if","locations":[{"start":{"line":279,"column":6},"end":{"line":285,"column":7}},{"start":{},"end":{}}],"line":279},"27":{"loc":{"start":{"line":279,"column":10},"end":{"line":279,"column":79}},"type":"binary-expr","locations":[{"start":{"line":279,"column":10},"end":{"line":279,"column":44}},{"start":{"line":279,"column":48},"end":{"line":279,"column":79}}],"line":279},"28":{"loc":{"start":{"line":294,"column":6},"end":{"line":294,"column":51}},"type":"if","locations":[{"start":{"line":294,"column":6},"end":{"line":294,"column":51}},{"start":{},"end":{}}],"line":294},"29":{"loc":{"start":{"line":300,"column":6},"end":{"line":300,"column":51}},"type":"if","locations":[{"start":{"line":300,"column":6},"end":{"line":300,"column":51}},{"start":{},"end":{}}],"line":300},"30":{"loc":{"start":{"line":306,"column":6},"end":{"line":306,"column":51}},"type":"if","locations":[{"start":{"line":306,"column":6},"end":{"line":306,"column":51}},{"start":{},"end":{}}],"line":306},"31":{"loc":{"start":{"line":325,"column":4},"end":{"line":328,"column":5}},"type":"if","locations":[{"start":{"line":325,"column":4},"end":{"line":328,"column":5}},{"start":{},"end":{}}],"line":325},"32":{"loc":{"start":{"line":358,"column":4},"end":{"line":361,"column":5}},"type":"if","locations":[{"start":{"line":358,"column":4},"end":{"line":361,"column":5}},{"start":{},"end":{}}],"line":358}},"s":{"0":1,"1":1,"2":1,"3":1,"4":1,"5":1,"6":1,"7":1,"8":1,"9":1,"10":0,"11":0,"12":0,"13":0,"14":0,"15":0,"16":0,"17":0,"18":0,"19":0,"20":0,"21":0,"22":0,"23":0,"24":0,"25":0,"26":0,"27":0,"28":0,"29":0,"30":0,"31":0,"32":0,"33":0,"34":0,"35":0,"36":0,"37":0,"38":0,"39":0,"40":0,"41":0,"42":0,"43":0,"44":0,"45":0,"46":0,"47":0,"48":0,"49":0,"50":0,"51":0,"52":0,"53":0,"54":0,"55":0,"56":0,"57":0,"58":0,"59":0,"60":0,"61":0,"62":0,"63":0,"64":0,"65":0,"66":0,"67":0,"68":0,"69":0,"70":0,"71":0,"72":0,"73":0,"74":0,"75":0,"76":0,"77":0,"78":0,"79":0,"80":0,"81":0,"82":0,"83":0,"84":0,"85":0,"86":0,"87":0,"88":0,"89":0,"90":0,"91":0,"92":0,"93":0,"94":0,"95":0,"96":0,"97":0,"98":0,"99":0,"100":0,"101":0,"102":0,"103":0,"104":0,"105":0,"106":0,"107":0,"108":0,"109":0,"110":0,"111":0,"112":0,"113":0,"114":0,"115":0,"116":0,"117":0,"118":0,"119":0,"120":0,"121":1,"122":1,"123":1},"f":{"0":0,"1":0,"2":0,"3":0,"4":0,"5":0,"6":0,"7":0,"8":0},"b":{"0":[1,0],"1":[1,0],"2":[1,0],"3":[1,0],"4":[1,0],"5":[0,1],"6":[1,1],"7":[0,1],"8":[1,0],"9":[0,0],"10":[0,0],"11":[0,0],"12":[0,0],"13":[0,0],"14":[0,0],"15":[0,0],"16":[0,0],"17":[0],"18":[0,0],"19":[0,0],"20":[0,0],"21":[0,0,0],"22":[0,0],"23":[0,0],"24":[0,0],"25":[0,0],"26":[0,0],"27":[0,0],"28":[0,0],"29":[0,0],"30":[0,0],"31":[0,0],"32":[0,0]},"inputSourceMap":null,"_coverageSchema":"1a1c01bbd47fc00a2c39e90264f33305004495a9","hash":"e96e42e0fbb38570c7bf2a2c87fd63cfe4c6065d"}
,"/Users/mfrias/Documents/Facultad/4to/Ingenieria de software 3/Repuestera/backend/middleware/auth.js": {"path":"/Users/mfrias/Documents/Facultad/4to/Ingenieria de software 3/Repuestera/backend/middleware/auth.js","statementMap":{"0":{"start":{"line":1,"column":12},"end":{"line":1,"column":35}},"1":{"start":{"line":2,"column":13},"end":{"line":2,"column":38}},"2":{"start":{"line":3,"column":14},"end":{"line":3,"column":40}},"3":{"start":{"line":6,"column":20},"end":{"line":54,"column":1}},"4":{"start":{"line":7,"column":2},"end":{"line":53,"column":3}},"5":{"start":{"line":8,"column":23},"end":{"line":8,"column":48}},"6":{"start":{"line":10,"column":4},"end":{"line":15,"column":5}},"7":{"start":{"line":11,"column":6},"end":{"line":14,"column":9}},"8":{"start":{"line":17,"column":18},"end":{"line":17,"column":41}},"9":{"start":{"line":19,"column":4},"end":{"line":24,"column":5}},"10":{"start":{"line":20,"column":6},"end":{"line":23,"column":9}},"11":{"start":{"line":27,"column":20},"end":{"line":27,"column":61}},"12":{"start":{"line":30,"column":4},"end":{"line":30,"column":23}},"13":{"start":{"line":31,"column":4},"end":{"line":31,"column":22}},"14":{"start":{"line":33,"column":4},"end":{"line":33,"column":11}},"15":{"start":{"line":35,"column":4},"end":{"line":40,"column":5}},"16":{"start":{"line":36,"column":6},"end":{"line":39,"column":9}},"17":{"start":{"line":42,"column":4},"end":{"line":47,"column":5}},"18":{"start":{"line":43,"column":6},"end":{"line":46,"column":9}},"19":{"start":{"line":49,"column":4},"end":{"line":52,"column":7}},"20":{"start":{"line":57,"column":19},"end":{"line":90,"column":1}},"21":{"start":{"line":58,"column":2},"end":{"line":89,"column":3}},"22":{"start":{"line":59,"column":4},"end":{"line":64,"column":5}},"23":{"start":{"line":60,"column":6},"end":{"line":63,"column":9}},"24":{"start":{"line":66,"column":17},"end":{"line":66,"column":49}},"25":{"start":{"line":68,"column":4},"end":{"line":73,"column":5}},"26":{"start":{"line":69,"column":6},"end":{"line":72,"column":9}},"27":{"start":{"line":75,"column":4},"end":{"line":80,"column":5}},"28":{"start":{"line":76,"column":6},"end":{"line":79,"column":9}},"29":{"start":{"line":82,"column":4},"end":{"line":82,"column":27}},"30":{"start":{"line":83,"column":4},"end":{"line":83,"column":11}},"31":{"start":{"line":85,"column":4},"end":{"line":88,"column":7}},"32":{"start":{"line":93,"column":20},"end":{"line":145,"column":1}},"33":{"start":{"line":94,"column":2},"end":{"line":144,"column":3}},"34":{"start":{"line":95,"column":4},"end":{"line":104,"column":5}},"35":{"start":{"line":96,"column":6},"end":{"line":99,"column":9}},"36":{"start":{"line":100,"column":6},"end":{"line":103,"column":9}},"37":{"start":{"line":106,"column":4},"end":{"line":106,"column":73}},"38":{"start":{"line":107,"column":18},"end":{"line":107,"column":51}},"39":{"start":{"line":109,"column":4},"end":{"line":115,"column":5}},"40":{"start":{"line":110,"column":6},"end":{"line":110,"column":81}},"41":{"start":{"line":111,"column":6},"end":{"line":114,"column":9}},"42":{"start":{"line":117,"column":4},"end":{"line":117,"column":146}},"43":{"start":{"line":119,"column":4},"end":{"line":125,"column":5}},"44":{"start":{"line":120,"column":6},"end":{"line":120,"column":71}},"45":{"start":{"line":121,"column":6},"end":{"line":124,"column":9}},"46":{"start":{"line":128,"column":4},"end":{"line":131,"column":5}},"47":{"start":{"line":129,"column":6},"end":{"line":129,"column":101}},"48":{"start":{"line":130,"column":6},"end":{"line":130,"column":26}},"49":{"start":{"line":134,"column":4},"end":{"line":134,"column":35}},"50":{"start":{"line":136,"column":4},"end":{"line":136,"column":29}},"51":{"start":{"line":137,"column":4},"end":{"line":137,"column":11}},"52":{"start":{"line":139,"column":4},"end":{"line":139,"column":77}},"53":{"start":{"line":140,"column":4},"end":{"line":143,"column":7}},"54":{"start":{"line":148,"column":26},"end":{"line":172,"column":1}},"55":{"start":{"line":149,"column":2},"end":{"line":171,"column":4}},"56":{"start":{"line":150,"column":4},"end":{"line":156,"column":5}},"57":{"start":{"line":151,"column":6},"end":{"line":151,"column":78}},"58":{"start":{"line":152,"column":6},"end":{"line":155,"column":9}},"59":{"start":{"line":158,"column":4},"end":{"line":158,"column":135}},"60":{"start":{"line":159,"column":26},"end":{"line":159,"column":71}},"61":{"start":{"line":160,"column":4},"end":{"line":160,"column":70}},"62":{"start":{"line":162,"column":4},"end":{"line":168,"column":5}},"63":{"start":{"line":163,"column":6},"end":{"line":163,"column":135}},"64":{"start":{"line":164,"column":6},"end":{"line":167,"column":9}},"65":{"start":{"line":170,"column":4},"end":{"line":170,"column":11}},"66":{"start":{"line":175,"column":26},"end":{"line":191,"column":1}},"67":{"start":{"line":176,"column":2},"end":{"line":181,"column":3}},"68":{"start":{"line":177,"column":4},"end":{"line":180,"column":7}},"69":{"start":{"line":183,"column":2},"end":{"line":188,"column":3}},"70":{"start":{"line":184,"column":4},"end":{"line":187,"column":7}},"71":{"start":{"line":190,"column":2},"end":{"line":190,"column":9}},"72":{"start":{"line":194,"column":21},"end":{"line":231,"column":1}},"73":{"start":{"line":195,"column":2},"end":{"line":230,"column":3}},"74":{"start":{"line":196,"column":23},"end":{"line":196,"column":48}},"75":{"start":{"line":198,"column":4},"end":{"line":200,"column":5}},"76":{"start":{"line":199,"column":6},"end":{"line":199,"column":20}},"77":{"start":{"line":202,"column":18},"end":{"line":202,"column":41}},"78":{"start":{"line":204,"column":4},"end":{"line":206,"column":5}},"79":{"start":{"line":205,"column":6},"end":{"line":205,"column":20}},"80":{"start":{"line":208,"column":20},"end":{"line":208,"column":61}},"81":{"start":{"line":209,"column":4},"end":{"line":209,"column":23}},"82":{"start":{"line":210,"column":4},"end":{"line":210,"column":22}},"83":{"start":{"line":213,"column":4},"end":{"line":224,"column":5}},"84":{"start":{"line":214,"column":19},"end":{"line":214,"column":50}},"85":{"start":{"line":215,"column":6},"end":{"line":217,"column":7}},"86":{"start":{"line":216,"column":8},"end":{"line":216,"column":31}},"87":{"start":{"line":218,"column":11},"end":{"line":224,"column":5}},"88":{"start":{"line":219,"column":20},"end":{"line":219,"column":52}},"89":{"start":{"line":220,"column":6},"end":{"line":223,"column":7}},"90":{"start":{"line":221,"column":8},"end":{"line":221,"column":33}},"91":{"start":{"line":222,"column":8},"end":{"line":222,"column":39}},"92":{"start":{"line":226,"column":4},"end":{"line":226,"column":11}},"93":{"start":{"line":229,"column":4},"end":{"line":229,"column":11}},"94":{"start":{"line":234,"column":22},"end":{"line":236,"column":1}},"95":{"start":{"line":235,"column":2},"end":{"line":235,"column":66}},"96":{"start":{"line":239,"column":26},"end":{"line":247,"column":1}},"97":{"start":{"line":240,"column":18},"end":{"line":244,"column":3}},"98":{"start":{"line":246,"column":2},"end":{"line":246,"column":32}},"99":{"start":{"line":250,"column":27},"end":{"line":259,"column":1}},"100":{"start":{"line":251,"column":18},"end":{"line":256,"column":3}},"101":{"start":{"line":258,"column":2},"end":{"line":258,"column":32}},"102":{"start":{"line":261,"column":0},"end":{"line":271,"column":2}}},"fnMap":{"0":{"name":"(anonymous_0)","decl":{"start":{"line":6,"column":20},"end":{"line":6,"column":21}},"loc":{"start":{"line":6,"column":46},"end":{"line":54,"column":1}},"line":6},"1":{"name":"(anonymous_1)","decl":{"start":{"line":57,"column":19},"end":{"line":57,"column":20}},"loc":{"start":{"line":57,"column":45},"end":{"line":90,"column":1}},"line":57},"2":{"name":"(anonymous_2)","decl":{"start":{"line":93,"column":20},"end":{"line":93,"column":21}},"loc":{"start":{"line":93,"column":46},"end":{"line":145,"column":1}},"line":93},"3":{"name":"(anonymous_3)","decl":{"start":{"line":148,"column":26},"end":{"line":148,"column":27}},"loc":{"start":{"line":148,"column":42},"end":{"line":172,"column":1}},"line":148},"4":{"name":"(anonymous_4)","decl":{"start":{"line":149,"column":9},"end":{"line":149,"column":10}},"loc":{"start":{"line":149,"column":29},"end":{"line":171,"column":3}},"line":149},"5":{"name":"(anonymous_5)","decl":{"start":{"line":175,"column":26},"end":{"line":175,"column":27}},"loc":{"start":{"line":175,"column":46},"end":{"line":191,"column":1}},"line":175},"6":{"name":"(anonymous_6)","decl":{"start":{"line":194,"column":21},"end":{"line":194,"column":22}},"loc":{"start":{"line":194,"column":47},"end":{"line":231,"column":1}},"line":194},"7":{"name":"(anonymous_7)","decl":{"start":{"line":234,"column":22},"end":{"line":234,"column":23}},"loc":{"start":{"line":234,"column":84},"end":{"line":236,"column":1}},"line":234},"8":{"name":"(anonymous_8)","decl":{"start":{"line":239,"column":26},"end":{"line":239,"column":27}},"loc":{"start":{"line":239,"column":36},"end":{"line":247,"column":1}},"line":239},"9":{"name":"(anonymous_9)","decl":{"start":{"line":250,"column":27},"end":{"line":250,"column":28}},"loc":{"start":{"line":250,"column":38},"end":{"line":259,"column":1}},"line":250}},"branchMap":{"0":{"loc":{"start":{"line":10,"column":4},"end":{"line":15,"column":5}},"type":"if","locations":[{"start":{"line":10,"column":4},"end":{"line":15,"column":5}},{"start":{},"end":{}}],"line":10},"1":{"loc":{"start":{"line":10,"column":8},"end":{"line":10,"column":56}},"type":"binary-expr","locations":[{"start":{"line":10,"column":8},"end":{"line":10,"column":19}},{"start":{"line":10,"column":23},"end":{"line":10,"column":56}}],"line":10},"2":{"loc":{"start":{"line":19,"column":4},"end":{"line":24,"column":5}},"type":"if","locations":[{"start":{"line":19,"column":4},"end":{"line":24,"column":5}},{"start":{},"end":{}}],"line":19},"3":{"loc":{"start":{"line":35,"column":4},"end":{"line":40,"column":5}},"type":"if","locations":[{"start":{"line":35,"column":4},"end":{"line":40,"column":5}},{"start":{},"end":{}}],"line":35},"4":{"loc":{"start":{"line":42,"column":4},"end":{"line":47,"column":5}},"type":"if","locations":[{"start":{"line":42,"column":4},"end":{"line":47,"column":5}},{"start":{},"end":{}}],"line":42},"5":{"loc":{"start":{"line":59,"column":4},"end":{"line":64,"column":5}},"type":"if","locations":[{"start":{"line":59,"column":4},"end":{"line":64,"column":5}},{"start":{},"end":{}}],"line":59},"6":{"loc":{"start":{"line":59,"column":8},"end":{"line":59,"column":45}},"type":"binary-expr","locations":[{"start":{"line":59,"column":8},"end":{"line":59,"column":17}},{"start":{"line":59,"column":21},"end":{"line":59,"column":45}}],"line":59},"7":{"loc":{"start":{"line":68,"column":4},"end":{"line":73,"column":5}},"type":"if","locations":[{"start":{"line":68,"column":4},"end":{"line":73,"column":5}},{"start":{},"end":{}}],"line":68},"8":{"loc":{"start":{"line":75,"column":4},"end":{"line":80,"column":5}},"type":"if","locations":[{"start":{"line":75,"column":4},"end":{"line":80,"column":5}},{"start":{},"end":{}}],"line":75},"9":{"loc":{"start":{"line":95,"column":4},"end":{"line":104,"column":5}},"type":"if","locations":[{"start":{"line":95,"column":4},"end":{"line":104,"column":5}},{"start":{},"end":{}}],"line":95},"10":{"loc":{"start":{"line":95,"column":8},"end":{"line":95,"column":46}},"type":"binary-expr","locations":[{"start":{"line":95,"column":8},"end":{"line":95,"column":17}},{"start":{"line":95,"column":21},"end":{"line":95,"column":46}}],"line":95},"11":{"loc":{"start":{"line":109,"column":4},"end":{"line":115,"column":5}},"type":"if","locations":[{"start":{"line":109,"column":4},"end":{"line":115,"column":5}},{"start":{},"end":{}}],"line":109},"12":{"loc":{"start":{"line":117,"column":98},"end":{"line":117,"column":117}},"type":"binary-expr","locations":[{"start":{"line":117,"column":98},"end":{"line":117,"column":107}},{"start":{"line":117,"column":111},"end":{"line":117,"column":117}}],"line":117},"13":{"loc":{"start":{"line":119,"column":4},"end":{"line":125,"column":5}},"type":"if","locations":[{"start":{"line":119,"column":4},"end":{"line":125,"column":5}},{"start":{},"end":{}}],"line":119},"14":{"loc":{"start":{"line":128,"column":4},"end":{"line":131,"column":5}},"type":"if","locations":[{"start":{"line":128,"column":4},"end":{"line":131,"column":5}},{"start":{},"end":{}}],"line":128},"15":{"loc":{"start":{"line":150,"column":4},"end":{"line":156,"column":5}},"type":"if","locations":[{"start":{"line":150,"column":4},"end":{"line":156,"column":5}},{"start":{},"end":{}}],"line":150},"16":{"loc":{"start":{"line":158,"column":101},"end":{"line":158,"column":131}},"type":"binary-expr","locations":[{"start":{"line":158,"column":101},"end":{"line":158,"column":121}},{"start":{"line":158,"column":125},"end":{"line":158,"column":131}}],"line":158},"17":{"loc":{"start":{"line":162,"column":4},"end":{"line":168,"column":5}},"type":"if","locations":[{"start":{"line":162,"column":4},"end":{"line":168,"column":5}},{"start":{},"end":{}}],"line":162},"18":{"loc":{"start":{"line":163,"column":101},"end":{"line":163,"column":131}},"type":"binary-expr","locations":[{"start":{"line":163,"column":101},"end":{"line":163,"column":121}},{"start":{"line":163,"column":125},"end":{"line":163,"column":131}}],"line":163},"19":{"loc":{"start":{"line":176,"column":2},"end":{"line":181,"column":3}},"type":"if","locations":[{"start":{"line":176,"column":2},"end":{"line":181,"column":3}},{"start":{},"end":{}}],"line":176},"20":{"loc":{"start":{"line":183,"column":2},"end":{"line":188,"column":3}},"type":"if","locations":[{"start":{"line":183,"column":2},"end":{"line":188,"column":3}},{"start":{},"end":{}}],"line":183},"21":{"loc":{"start":{"line":198,"column":4},"end":{"line":200,"column":5}},"type":"if","locations":[{"start":{"line":198,"column":4},"end":{"line":200,"column":5}},{"start":{},"end":{}}],"line":198},"22":{"loc":{"start":{"line":198,"column":8},"end":{"line":198,"column":56}},"type":"binary-expr","locations":[{"start":{"line":198,"column":8},"end":{"line":198,"column":19}},{"start":{"line":198,"column":23},"end":{"line":198,"column":56}}],"line":198},"23":{"loc":{"start":{"line":204,"column":4},"end":{"line":206,"column":5}},"type":"if","locations":[{"start":{"line":204,"column":4},"end":{"line":206,"column":5}},{"start":{},"end":{}}],"line":204},"24":{"loc":{"start":{"line":213,"column":4},"end":{"line":224,"column":5}},"type":"if","locations":[{"start":{"line":213,"column":4},"end":{"line":224,"column":5}},{"start":{"line":218,"column":11},"end":{"line":224,"column":5}}],"line":213},"25":{"loc":{"start":{"line":215,"column":6},"end":{"line":217,"column":7}},"type":"if","locations":[{"start":{"line":215,"column":6},"end":{"line":217,"column":7}},{"start":{},"end":{}}],"line":215},"26":{"loc":{"start":{"line":215,"column":10},"end":{"line":215,"column":29}},"type":"binary-expr","locations":[{"start":{"line":215,"column":10},"end":{"line":215,"column":14}},{"start":{"line":215,"column":18},"end":{"line":215,"column":29}}],"line":215},"27":{"loc":{"start":{"line":218,"column":11},"end":{"line":224,"column":5}},"type":"if","locations":[{"start":{"line":218,"column":11},"end":{"line":224,"column":5}},{"start":{},"end":{}}],"line":218},"28":{"loc":{"start":{"line":220,"column":6},"end":{"line":223,"column":7}},"type":"if","locations":[{"start":{"line":220,"column":6},"end":{"line":223,"column":7}},{"start":{},"end":{}}],"line":220},"29":{"loc":{"start":{"line":220,"column":10},"end":{"line":220,"column":31}},"type":"binary-expr","locations":[{"start":{"line":220,"column":10},"end":{"line":220,"column":15}},{"start":{"line":220,"column":19},"end":{"line":220,"column":31}}],"line":220},"30":{"loc":{"start":{"line":234,"column":32},"end":{"line":234,"column":79}},"type":"default-arg","locations":[{"start":{"line":234,"column":44},"end":{"line":234,"column":79}}],"line":234},"31":{"loc":{"start":{"line":234,"column":44},"end":{"line":234,"column":79}},"type":"binary-expr","locations":[{"start":{"line":234,"column":44},"end":{"line":234,"column":70}},{"start":{"line":234,"column":74},"end":{"line":234,"column":79}}],"line":234},"32":{"loc":{"start":{"line":255,"column":9},"end":{"line":255,"column":29}},"type":"binary-expr","locations":[{"start":{"line":255,"column":9},"end":{"line":255,"column":18}},{"start":{"line":255,"column":22},"end":{"line":255,"column":29}}],"line":255}},"s":{"0":1,"1":1,"2":1,"3":1,"4":7,"5":7,"6":7,"7":2,"8":5,"9":5,"10":1,"11":4,"12":1,"13":1,"14":1,"15":3,"16":1,"17":2,"18":1,"19":1,"20":1,"21":6,"22":6,"23":2,"24":4,"25":3,"26":1,"27":2,"28":1,"29":1,"30":1,"31":1,"32":1,"33":7,"34":7,"35":2,"36":2,"37":5,"38":5,"39":4,"40":1,"41":1,"42":3,"43":3,"44":1,"45":1,"46":2,"47":1,"48":1,"49":2,"50":2,"51":2,"52":1,"53":1,"54":1,"55":3,"56":3,"57":1,"58":1,"59":2,"60":2,"61":2,"62":2,"63":1,"64":1,"65":1,"66":1,"67":2,"68":0,"69":2,"70":1,"71":1,"72":1,"73":6,"74":6,"75":6,"76":2,"77":4,"78":4,"79":0,"80":4,"81":3,"82":3,"83":3,"84":2,"85":2,"86":1,"87":1,"88":1,"89":1,"90":1,"91":1,"92":3,"93":1,"94":1,"95":3,"96":1,"97":1,"98":1,"99":1,"100":2,"101":2,"102":1},"f":{"0":7,"1":6,"2":7,"3":3,"4":3,"5":2,"6":6,"7":3,"8":1,"9":2},"b":{"0":[2,5],"1":[7,6],"2":[1,4],"3":[1,2],"4":[1,1],"5":[2,4],"6":[6,5],"7":[1,2],"8":[1,1],"9":[2,5],"10":[7,6],"11":[1,3],"12":[3,1],"13":[1,2],"14":[1,1],"15":[1,2],"16":[2,0],"17":[1,1],"18":[1,0],"19":[0,2],"20":[1,1],"21":[2,4],"22":[6,5],"23":[0,4],"24":[2,1],"25":[1,1],"26":[2,2],"27":[1,0],"28":[1,0],"29":[1,1],"30":[3],"31":[3,0],"32":[2,1]},"inputSourceMap":null,"_coverageSchema":"1a1c01bbd47fc00a2c39e90264f33305004495a9","hash":"57ae29e2957f86ee1694d49643122c1cf0f5e639"}
,"/Users/mfrias/Documents/Facultad/4to/Ingenieria de software 3/Repuestera/backend/middleware/upload.js": {"path":"/Users/mfrias/Documents/Facultad/4to/Ingenieria de software 3/Repuestera/backend/middleware/upload.js","statementMap":{"0":{"start":{"line":1,"column":15},"end":{"line":1,"column":32}},"1":{"start":{"line":2,"column":13},"end":{"line":2,"column":28}},"2":{"start":{"line":3,"column":11},"end":{"line":3,"column":33}},"3":{"start":{"line":4,"column":15},"end":{"line":4,"column":32}},"4":{"start":{"line":7,"column":16},"end":{"line":28,"column":2}},"5":{"start":{"line":9,"column":4},"end":{"line":18,"column":5}},"6":{"start":{"line":10,"column":25},"end":{"line":10,"column":70}},"7":{"start":{"line":13,"column":6},"end":{"line":13,"column":54}},"8":{"start":{"line":15,"column":6},"end":{"line":15,"column":27}},"9":{"start":{"line":17,"column":6},"end":{"line":17,"column":16}},"10":{"start":{"line":22,"column":25},"end":{"line":22,"column":63}},"11":{"start":{"line":23,"column":22},"end":{"line":23,"column":67}},"12":{"start":{"line":24,"column":21},"end":{"line":24,"column":72}},"13":{"start":{"line":26,"column":4},"end":{"line":26,"column":23}},"14":{"start":{"line":31,"column":19},"end":{"line":50,"column":1}},"15":{"start":{"line":33,"column":23},"end":{"line":39,"column":3}},"16":{"start":{"line":42,"column":28},"end":{"line":42,"column":70}},"17":{"start":{"line":43,"column":24},"end":{"line":43,"column":69}},"18":{"start":{"line":45,"column":2},"end":{"line":49,"column":3}},"19":{"start":{"line":46,"column":4},"end":{"line":46,"column":19}},"20":{"start":{"line":48,"column":4},"end":{"line":48,"column":106}},"21":{"start":{"line":53,"column":15},"end":{"line":60,"column":2}},"22":{"start":{"line":63,"column":26},"end":{"line":97,"column":1}},"23":{"start":{"line":64,"column":2},"end":{"line":87,"column":3}},"24":{"start":{"line":65,"column":4},"end":{"line":86,"column":5}},"25":{"start":{"line":67,"column":8},"end":{"line":70,"column":11}},"26":{"start":{"line":72,"column":8},"end":{"line":75,"column":11}},"27":{"start":{"line":77,"column":8},"end":{"line":80,"column":11}},"28":{"start":{"line":82,"column":8},"end":{"line":85,"column":11}},"29":{"start":{"line":89,"column":2},"end":{"line":94,"column":3}},"30":{"start":{"line":90,"column":4},"end":{"line":93,"column":7}},"31":{"start":{"line":96,"column":2},"end":{"line":96,"column":14}},"32":{"start":{"line":100,"column":22},"end":{"line":130,"column":1}},"33":{"start":{"line":101,"column":2},"end":{"line":103,"column":3}},"34":{"start":{"line":102,"column":4},"end":{"line":102,"column":18}},"35":{"start":{"line":105,"column":2},"end":{"line":129,"column":3}},"36":{"start":{"line":107,"column":21},"end":{"line":107,"column":34}},"37":{"start":{"line":108,"column":4},"end":{"line":108,"column":30}},"38":{"start":{"line":111,"column":4},"end":{"line":111,"column":60}},"39":{"start":{"line":112,"column":4},"end":{"line":112,"column":66}},"40":{"start":{"line":114,"column":4},"end":{"line":114,"column":11}},"41":{"start":{"line":117,"column":4},"end":{"line":123,"column":5}},"42":{"start":{"line":118,"column":6},"end":{"line":122,"column":7}},"43":{"start":{"line":119,"column":8},"end":{"line":119,"column":39}},"44":{"start":{"line":121,"column":8},"end":{"line":121,"column":64}},"45":{"start":{"line":125,"column":4},"end":{"line":128,"column":7}},"46":{"start":{"line":133,"column":23},"end":{"line":149,"column":1}},"47":{"start":{"line":134,"column":2},"end":{"line":134,"column":28}},"48":{"start":{"line":134,"column":21},"end":{"line":134,"column":28}},"49":{"start":{"line":136,"column":2},"end":{"line":148,"column":3}},"50":{"start":{"line":138,"column":21},"end":{"line":138,"column":48}},"51":{"start":{"line":139,"column":23},"end":{"line":139,"column":68}},"52":{"start":{"line":140,"column":21},"end":{"line":140,"column":52}},"53":{"start":{"line":142,"column":4},"end":{"line":142,"column":30}},"54":{"start":{"line":143,"column":4},"end":{"line":143,"column":30}},"55":{"start":{"line":144,"column":4},"end":{"line":144,"column":58}},"56":{"start":{"line":146,"column":4},"end":{"line":146,"column":62}},"57":{"start":{"line":152,"column":29},"end":{"line":163,"column":1}},"58":{"start":{"line":153,"column":2},"end":{"line":162,"column":3}},"59":{"start":{"line":154,"column":23},"end":{"line":154,"column":68}},"60":{"start":{"line":155,"column":18},"end":{"line":155,"column":46}},"61":{"start":{"line":159,"column":4},"end":{"line":159,"column":73}},"62":{"start":{"line":161,"column":4},"end":{"line":161,"column":59}},"63":{"start":{"line":166,"column":0},"end":{"line":186,"column":2}}},"fnMap":{"0":{"name":"(anonymous_0)","decl":{"start":{"line":8,"column":15},"end":{"line":8,"column":16}},"loc":{"start":{"line":8,"column":40},"end":{"line":19,"column":3}},"line":8},"1":{"name":"(anonymous_1)","decl":{"start":{"line":20,"column":12},"end":{"line":20,"column":13}},"loc":{"start":{"line":20,"column":31},"end":{"line":27,"column":3}},"line":20},"2":{"name":"(anonymous_2)","decl":{"start":{"line":31,"column":19},"end":{"line":31,"column":20}},"loc":{"start":{"line":31,"column":38},"end":{"line":50,"column":1}},"line":31},"3":{"name":"(anonymous_3)","decl":{"start":{"line":63,"column":26},"end":{"line":63,"column":27}},"loc":{"start":{"line":63,"column":53},"end":{"line":97,"column":1}},"line":63},"4":{"name":"(anonymous_4)","decl":{"start":{"line":100,"column":22},"end":{"line":100,"column":23}},"loc":{"start":{"line":100,"column":48},"end":{"line":130,"column":1}},"line":100},"5":{"name":"(anonymous_5)","decl":{"start":{"line":133,"column":23},"end":{"line":133,"column":24}},"loc":{"start":{"line":133,"column":47},"end":{"line":149,"column":1}},"line":133},"6":{"name":"(anonymous_6)","decl":{"start":{"line":152,"column":29},"end":{"line":152,"column":30}},"loc":{"start":{"line":152,"column":41},"end":{"line":163,"column":1}},"line":152}},"branchMap":{"0":{"loc":{"start":{"line":10,"column":25},"end":{"line":10,"column":70}},"type":"binary-expr","locations":[{"start":{"line":10,"column":25},"end":{"line":10,"column":48}},{"start":{"line":10,"column":52},"end":{"line":10,"column":70}}],"line":10},"1":{"loc":{"start":{"line":45,"column":2},"end":{"line":49,"column":3}},"type":"if","locations":[{"start":{"line":45,"column":2},"end":{"line":49,"column":3}},{"start":{"line":47,"column":9},"end":{"line":49,"column":3}}],"line":45},"2":{"loc":{"start":{"line":45,"column":6},"end":{"line":45,"column":87}},"type":"binary-expr","locations":[{"start":{"line":45,"column":6},"end":{"line":45,"column":42}},{"start":{"line":45,"column":46},"end":{"line":45,"column":87}}],"line":45},"3":{"loc":{"start":{"line":57,"column":14},"end":{"line":57,"column":68}},"type":"binary-expr","locations":[{"start":{"line":57,"column":14},"end":{"line":57,"column":49}},{"start":{"line":57,"column":53},"end":{"line":57,"column":68}}],"line":57},"4":{"loc":{"start":{"line":64,"column":2},"end":{"line":87,"column":3}},"type":"if","locations":[{"start":{"line":64,"column":2},"end":{"line":87,"column":3}},{"start":{},"end":{}}],"line":64},"5":{"loc":{"start":{"line":65,"column":4},"end":{"line":86,"column":5}},"type":"switch","locations":[{"start":{"line":66,"column":6},"end":{"line":70,"column":11}},{"start":{"line":71,"column":6},"end":{"line":75,"column":11}},{"start":{"line":76,"column":6},"end":{"line":80,"column":11}},{"start":{"line":81,"column":6},"end":{"line":85,"column":11}}],"line":65},"6":{"loc":{"start":{"line":69,"column":51},"end":{"line":69,"column":105}},"type":"binary-expr","locations":[{"start":{"line":69,"column":51},"end":{"line":69,"column":86}},{"start":{"line":69,"column":90},"end":{"line":69,"column":105}}],"line":69},"7":{"loc":{"start":{"line":89,"column":2},"end":{"line":94,"column":3}},"type":"if","locations":[{"start":{"line":89,"column":2},"end":{"line":94,"column":3}},{"start":{},"end":{}}],"line":89},"8":{"loc":{"start":{"line":101,"column":2},"end":{"line":103,"column":3}},"type":"if","locations":[{"start":{"line":101,"column":2},"end":{"line":103,"column":3}},{"start":{},"end":{}}],"line":101},"9":{"loc":{"start":{"line":117,"column":4},"end":{"line":123,"column":5}},"type":"if","locations":[{"start":{"line":117,"column":4},"end":{"line":123,"column":5}},{"start":{},"end":{}}],"line":117},"10":{"loc":{"start":{"line":117,"column":8},"end":{"line":117,"column":33}},"type":"binary-expr","locations":[{"start":{"line":117,"column":8},"end":{"line":117,"column":16}},{"start":{"line":117,"column":20},"end":{"line":117,"column":33}}],"line":117},"11":{"loc":{"start":{"line":134,"column":2},"end":{"line":134,"column":28}},"type":"if","locations":[{"start":{"line":134,"column":2},"end":{"line":134,"column":28}},{"start":{},"end":{}}],"line":134},"12":{"loc":{"start":{"line":139,"column":23},"end":{"line":139,"column":68}},"type":"binary-expr","locations":[{"start":{"line":139,"column":23},"end":{"line":139,"column":46}},{"start":{"line":139,"column":50},"end":{"line":139,"column":68}}],"line":139},"13":{"loc":{"start":{"line":154,"column":23},"end":{"line":154,"column":68}},"type":"binary-expr","locations":[{"start":{"line":154,"column":23},"end":{"line":154,"column":46}},{"start":{"line":154,"column":50},"end":{"line":154,"column":68}}],"line":154}},"s":{"0":1,"1":1,"2":1,"3":1,"4":1,"5":0,"6":0,"7":0,"8":0,"9":0,"10":0,"11":0,"12":0,"13":0,"14":1,"15":0,"16":0,"17":0,"18":0,"19":0,"20":0,"21":1,"22":1,"23":5,"24":3,"25":1,"26":1,"27":1,"28":0,"29":2,"30":1,"31":1,"32":1,"33":3,"34":1,"35":2,"36":2,"37":2,"38":1,"39":1,"40":1,"41":1,"42":1,"43":1,"44":0,"45":1,"46":1,"47":4,"48":2,"49":2,"50":2,"51":2,"52":2,"53":2,"54":1,"55":1,"56":1,"57":1,"58":2,"59":2,"60":2,"61":1,"62":1,"63":1},"f":{"0":0,"1":0,"2":0,"3":5,"4":3,"5":4,"6":2},"b":{"0":[0,0],"1":[0,0],"2":[0,0],"3":[1,1],"4":[3,2],"5":[1,1,1,0],"6":[1,0],"7":[1,1],"8":[1,2],"9":[1,0],"10":[1,1],"11":[2,2],"12":[2,0],"13":[2,0]},"inputSourceMap":null,"_coverageSchema":"1a1c01bbd47fc00a2c39e90264f33305004495a9","hash":"a55c765cceabc66ccb056ddc4e2de666aa64fde0"}
,"/Users/mfrias/Documents/Facultad/4to/Ingenieria de software 3/Repuestera/backend/middleware/validation.js": {"path":"/Users/mfrias/Documents/Facultad/4to/Ingenieria de software 3/Repuestera/backend/middleware/validation.js","statementMap":{"0":{"start":{"line":1,"column":29},"end":{"line":1,"column":57}},"1":{"start":{"line":4,"column":31},"end":{"line":17,"column":1}},"2":{"start":{"line":5,"column":17},"end":{"line":5,"column":38}},"3":{"start":{"line":6,"column":2},"end":{"line":15,"column":3}},"4":{"start":{"line":7,"column":4},"end":{"line":14,"column":7}},"5":{"start":{"line":9,"column":44},"end":{"line":13,"column":7}},"6":{"start":{"line":16,"column":2},"end":{"line":16,"column":9}},"7":{"start":{"line":20,"column":22},"end":{"line":51,"column":1}},"8":{"start":{"line":22,"column":19},"end":{"line":37,"column":3}},"9":{"start":{"line":23,"column":4},"end":{"line":25,"column":5}},"10":{"start":{"line":24,"column":6},"end":{"line":24,"column":24}},"11":{"start":{"line":26,"column":4},"end":{"line":28,"column":5}},"12":{"start":{"line":27,"column":6},"end":{"line":27,"column":31}},"13":{"start":{"line":29,"column":4},"end":{"line":35,"column":5}},"14":{"start":{"line":30,"column":24},"end":{"line":30,"column":26}},"15":{"start":{"line":31,"column":6},"end":{"line":33,"column":7}},"16":{"start":{"line":32,"column":8},"end":{"line":32,"column":41}},"17":{"start":{"line":34,"column":6},"end":{"line":34,"column":23}},"18":{"start":{"line":36,"column":4},"end":{"line":36,"column":15}},"19":{"start":{"line":40,"column":2},"end":{"line":42,"column":3}},"20":{"start":{"line":41,"column":4},"end":{"line":41,"column":34}},"21":{"start":{"line":43,"column":2},"end":{"line":45,"column":3}},"22":{"start":{"line":44,"column":4},"end":{"line":44,"column":36}},"23":{"start":{"line":46,"column":2},"end":{"line":48,"column":3}},"24":{"start":{"line":47,"column":4},"end":{"line":47,"column":38}},"25":{"start":{"line":50,"column":2},"end":{"line":50,"column":9}},"26":{"start":{"line":54,"column":19},"end":{"line":67,"column":1}},"27":{"start":{"line":55,"column":16},"end":{"line":55,"column":26}},"28":{"start":{"line":58,"column":2},"end":{"line":58,"column":96}},"29":{"start":{"line":61,"column":2},"end":{"line":64,"column":5}},"30":{"start":{"line":62,"column":21},"end":{"line":62,"column":39}},"31":{"start":{"line":63,"column":4},"end":{"line":63,"column":118}},"32":{"start":{"line":66,"column":2},"end":{"line":66,"column":9}},"33":{"start":{"line":70,"column":27},"end":{"line":97,"column":1}},"34":{"start":{"line":71,"column":15},"end":{"line":71,"column":44}},"35":{"start":{"line":72,"column":16},"end":{"line":72,"column":47}},"36":{"start":{"line":75,"column":2},"end":{"line":80,"column":3}},"37":{"start":{"line":76,"column":4},"end":{"line":79,"column":7}},"38":{"start":{"line":82,"column":2},"end":{"line":87,"column":3}},"39":{"start":{"line":83,"column":4},"end":{"line":86,"column":7}},"40":{"start":{"line":90,"column":2},"end":{"line":94,"column":4}},"41":{"start":{"line":96,"column":2},"end":{"line":96,"column":9}},"42":{"start":{"line":100,"column":26},"end":{"line":114,"column":1}},"43":{"start":{"line":101,"column":2},"end":{"line":113,"column":4}},"44":{"start":{"line":102,"column":15},"end":{"line":102,"column":46}},"45":{"start":{"line":104,"column":4},"end":{"line":109,"column":5}},"46":{"start":{"line":105,"column":6},"end":{"line":108,"column":9}},"47":{"start":{"line":111,"column":4},"end":{"line":111,"column":31}},"48":{"start":{"line":112,"column":4},"end":{"line":112,"column":11}},"49":{"start":{"line":117,"column":21},"end":{"line":121,"column":1}},"50":{"start":{"line":118,"column":2},"end":{"line":120,"column":4}},"51":{"start":{"line":119,"column":4},"end":{"line":119,"column":52}},"52":{"start":{"line":124,"column":21},"end":{"line":139,"column":1}},"53":{"start":{"line":125,"column":2},"end":{"line":137,"column":3}},"54":{"start":{"line":126,"column":4},"end":{"line":136,"column":5}},"55":{"start":{"line":128,"column":6},"end":{"line":130,"column":7}},"56":{"start":{"line":129,"column":8},"end":{"line":129,"column":22}},"57":{"start":{"line":132,"column":6},"end":{"line":135,"column":9}},"58":{"start":{"line":138,"column":2},"end":{"line":138,"column":9}},"59":{"start":{"line":142,"column":28},"end":{"line":166,"column":1}},"60":{"start":{"line":143,"column":2},"end":{"line":165,"column":4}},"61":{"start":{"line":144,"column":24},"end":{"line":144,"column":47}},"62":{"start":{"line":146,"column":4},"end":{"line":151,"column":5}},"63":{"start":{"line":147,"column":6},"end":{"line":150,"column":9}},"64":{"start":{"line":153,"column":22},"end":{"line":155,"column":5}},"65":{"start":{"line":154,"column":6},"end":{"line":154,"column":60}},"66":{"start":{"line":157,"column":4},"end":{"line":162,"column":5}},"67":{"start":{"line":158,"column":6},"end":{"line":161,"column":9}},"68":{"start":{"line":164,"column":4},"end":{"line":164,"column":11}},"69":{"start":{"line":169,"column":24},"end":{"line":174,"column":1}},"70":{"start":{"line":170,"column":2},"end":{"line":173,"column":4}},"71":{"start":{"line":171,"column":4},"end":{"line":171,"column":58}},"72":{"start":{"line":172,"column":4},"end":{"line":172,"column":11}},"73":{"start":{"line":177,"column":19},"end":{"line":202,"column":1}},"74":{"start":{"line":178,"column":25},"end":{"line":183,"column":3}},"75":{"start":{"line":185,"column":22},"end":{"line":185,"column":55}},"76":{"start":{"line":187,"column":2},"end":{"line":201,"column":4}},"77":{"start":{"line":188,"column":4},"end":{"line":188,"column":66}},"78":{"start":{"line":189,"column":4},"end":{"line":189,"column":79}},"79":{"start":{"line":190,"column":4},"end":{"line":190,"column":86}},"80":{"start":{"line":192,"column":4},"end":{"line":194,"column":5}},"81":{"start":{"line":193,"column":6},"end":{"line":193,"column":61}},"82":{"start":{"line":196,"column":4},"end":{"line":198,"column":5}},"83":{"start":{"line":197,"column":6},"end":{"line":197,"column":33}},"84":{"start":{"line":200,"column":4},"end":{"line":200,"column":11}},"85":{"start":{"line":204,"column":0},"end":{"line":215,"column":2}}},"fnMap":{"0":{"name":"(anonymous_0)","decl":{"start":{"line":4,"column":31},"end":{"line":4,"column":32}},"loc":{"start":{"line":4,"column":51},"end":{"line":17,"column":1}},"line":4},"1":{"name":"(anonymous_1)","decl":{"start":{"line":9,"column":34},"end":{"line":9,"column":35}},"loc":{"start":{"line":9,"column":44},"end":{"line":13,"column":7}},"line":9},"2":{"name":"(anonymous_2)","decl":{"start":{"line":20,"column":22},"end":{"line":20,"column":23}},"loc":{"start":{"line":20,"column":42},"end":{"line":51,"column":1}},"line":20},"3":{"name":"(anonymous_3)","decl":{"start":{"line":22,"column":19},"end":{"line":22,"column":20}},"loc":{"start":{"line":22,"column":28},"end":{"line":37,"column":3}},"line":22},"4":{"name":"(anonymous_4)","decl":{"start":{"line":54,"column":19},"end":{"line":54,"column":20}},"loc":{"start":{"line":54,"column":39},"end":{"line":67,"column":1}},"line":54},"5":{"name":"(anonymous_5)","decl":{"start":{"line":61,"column":19},"end":{"line":61,"column":20}},"loc":{"start":{"line":61,"column":25},"end":{"line":64,"column":3}},"line":61},"6":{"name":"(anonymous_6)","decl":{"start":{"line":70,"column":27},"end":{"line":70,"column":28}},"loc":{"start":{"line":70,"column":47},"end":{"line":97,"column":1}},"line":70},"7":{"name":"(anonymous_7)","decl":{"start":{"line":100,"column":26},"end":{"line":100,"column":27}},"loc":{"start":{"line":100,"column":48},"end":{"line":114,"column":1}},"line":100},"8":{"name":"(anonymous_8)","decl":{"start":{"line":101,"column":9},"end":{"line":101,"column":10}},"loc":{"start":{"line":101,"column":29},"end":{"line":113,"column":3}},"line":101},"9":{"name":"(anonymous_9)","decl":{"start":{"line":117,"column":21},"end":{"line":117,"column":22}},"loc":{"start":{"line":117,"column":29},"end":{"line":121,"column":1}},"line":117},"10":{"name":"(anonymous_10)","decl":{"start":{"line":118,"column":9},"end":{"line":118,"column":10}},"loc":{"start":{"line":118,"column":29},"end":{"line":120,"column":3}},"line":118},"11":{"name":"(anonymous_11)","decl":{"start":{"line":124,"column":21},"end":{"line":124,"column":22}},"loc":{"start":{"line":124,"column":41},"end":{"line":139,"column":1}},"line":124},"12":{"name":"(anonymous_12)","decl":{"start":{"line":142,"column":28},"end":{"line":142,"column":29}},"loc":{"start":{"line":142,"column":92},"end":{"line":166,"column":1}},"line":142},"13":{"name":"(anonymous_13)","decl":{"start":{"line":143,"column":9},"end":{"line":143,"column":10}},"loc":{"start":{"line":143,"column":29},"end":{"line":165,"column":3}},"line":143},"14":{"name":"(anonymous_14)","decl":{"start":{"line":153,"column":40},"end":{"line":153,"column":41}},"loc":{"start":{"line":154,"column":6},"end":{"line":154,"column":60}},"line":154},"15":{"name":"(anonymous_15)","decl":{"start":{"line":169,"column":24},"end":{"line":169,"column":25}},"loc":{"start":{"line":169,"column":43},"end":{"line":174,"column":1}},"line":169},"16":{"name":"(anonymous_16)","decl":{"start":{"line":170,"column":9},"end":{"line":170,"column":10}},"loc":{"start":{"line":170,"column":29},"end":{"line":173,"column":3}},"line":170},"17":{"name":"(anonymous_17)","decl":{"start":{"line":177,"column":19},"end":{"line":177,"column":20}},"loc":{"start":{"line":177,"column":37},"end":{"line":202,"column":1}},"line":177},"18":{"name":"(anonymous_18)","decl":{"start":{"line":187,"column":9},"end":{"line":187,"column":10}},"loc":{"start":{"line":187,"column":29},"end":{"line":201,"column":3}},"line":187}},"branchMap":{"0":{"loc":{"start":{"line":6,"column":2},"end":{"line":15,"column":3}},"type":"if","locations":[{"start":{"line":6,"column":2},"end":{"line":15,"column":3}},{"start":{},"end":{}}],"line":6},"1":{"loc":{"start":{"line":10,"column":15},"end":{"line":10,"column":40}},"type":"binary-expr","locations":[{"start":{"line":10,"column":15},"end":{"line":10,"column":25}},{"start":{"line":10,"column":29},"end":{"line":10,"column":40}}],"line":10},"2":{"loc":{"start":{"line":23,"column":4},"end":{"line":25,"column":5}},"type":"if","locations":[{"start":{"line":23,"column":4},"end":{"line":25,"column":5}},{"start":{},"end":{}}],"line":23},"3":{"loc":{"start":{"line":26,"column":4},"end":{"line":28,"column":5}},"type":"if","locations":[{"start":{"line":26,"column":4},"end":{"line":28,"column":5}},{"start":{},"end":{}}],"line":26},"4":{"loc":{"start":{"line":29,"column":4},"end":{"line":35,"column":5}},"type":"if","locations":[{"start":{"line":29,"column":4},"end":{"line":35,"column":5}},{"start":{},"end":{}}],"line":29},"5":{"loc":{"start":{"line":29,"column":8},"end":{"line":29,"column":38}},"type":"binary-expr","locations":[{"start":{"line":29,"column":8},"end":{"line":29,"column":11}},{"start":{"line":29,"column":15},"end":{"line":29,"column":38}}],"line":29},"6":{"loc":{"start":{"line":40,"column":2},"end":{"line":42,"column":3}},"type":"if","locations":[{"start":{"line":40,"column":2},"end":{"line":42,"column":3}},{"start":{},"end":{}}],"line":40},"7":{"loc":{"start":{"line":43,"column":2},"end":{"line":45,"column":3}},"type":"if","locations":[{"start":{"line":43,"column":2},"end":{"line":45,"column":3}},{"start":{},"end":{}}],"line":43},"8":{"loc":{"start":{"line":46,"column":2},"end":{"line":48,"column":3}},"type":"if","locations":[{"start":{"line":46,"column":2},"end":{"line":48,"column":3}},{"start":{},"end":{}}],"line":46},"9":{"loc":{"start":{"line":71,"column":15},"end":{"line":71,"column":44}},"type":"binary-expr","locations":[{"start":{"line":71,"column":15},"end":{"line":71,"column":39}},{"start":{"line":71,"column":43},"end":{"line":71,"column":44}}],"line":71},"10":{"loc":{"start":{"line":72,"column":16},"end":{"line":72,"column":47}},"type":"binary-expr","locations":[{"start":{"line":72,"column":16},"end":{"line":72,"column":41}},{"start":{"line":72,"column":45},"end":{"line":72,"column":47}}],"line":72},"11":{"loc":{"start":{"line":75,"column":2},"end":{"line":80,"column":3}},"type":"if","locations":[{"start":{"line":75,"column":2},"end":{"line":80,"column":3}},{"start":{},"end":{}}],"line":75},"12":{"loc":{"start":{"line":82,"column":2},"end":{"line":87,"column":3}},"type":"if","locations":[{"start":{"line":82,"column":2},"end":{"line":87,"column":3}},{"start":{},"end":{}}],"line":82},"13":{"loc":{"start":{"line":82,"column":6},"end":{"line":82,"column":30}},"type":"binary-expr","locations":[{"start":{"line":82,"column":6},"end":{"line":82,"column":15}},{"start":{"line":82,"column":19},"end":{"line":82,"column":30}}],"line":82},"14":{"loc":{"start":{"line":100,"column":27},"end":{"line":100,"column":43}},"type":"default-arg","locations":[{"start":{"line":100,"column":39},"end":{"line":100,"column":43}}],"line":100},"15":{"loc":{"start":{"line":104,"column":4},"end":{"line":109,"column":5}},"type":"if","locations":[{"start":{"line":104,"column":4},"end":{"line":109,"column":5}},{"start":{},"end":{}}],"line":104},"16":{"loc":{"start":{"line":104,"column":8},"end":{"line":104,"column":27}},"type":"binary-expr","locations":[{"start":{"line":104,"column":8},"end":{"line":104,"column":17}},{"start":{"line":104,"column":21},"end":{"line":104,"column":27}}],"line":104},"17":{"loc":{"start":{"line":125,"column":2},"end":{"line":137,"column":3}},"type":"if","locations":[{"start":{"line":125,"column":2},"end":{"line":137,"column":3}},{"start":{},"end":{}}],"line":125},"18":{"loc":{"start":{"line":128,"column":6},"end":{"line":130,"column":7}},"type":"if","locations":[{"start":{"line":128,"column":6},"end":{"line":130,"column":7}},{"start":{},"end":{}}],"line":128},"19":{"loc":{"start":{"line":142,"column":29},"end":{"line":142,"column":87}},"type":"default-arg","locations":[{"start":{"line":142,"column":44},"end":{"line":142,"column":87}}],"line":142},"20":{"loc":{"start":{"line":146,"column":4},"end":{"line":151,"column":5}},"type":"if","locations":[{"start":{"line":146,"column":4},"end":{"line":151,"column":5}},{"start":{},"end":{}}],"line":146},"21":{"loc":{"start":{"line":157,"column":4},"end":{"line":162,"column":5}},"type":"if","locations":[{"start":{"line":157,"column":4},"end":{"line":162,"column":5}},{"start":{},"end":{}}],"line":157},"22":{"loc":{"start":{"line":169,"column":25},"end":{"line":169,"column":38}},"type":"default-arg","locations":[{"start":{"line":169,"column":34},"end":{"line":169,"column":38}}],"line":169},"23":{"loc":{"start":{"line":177,"column":20},"end":{"line":177,"column":32}},"type":"default-arg","locations":[{"start":{"line":177,"column":30},"end":{"line":177,"column":32}}],"line":177},"24":{"loc":{"start":{"line":179,"column":12},"end":{"line":179,"column":43}},"type":"binary-expr","locations":[{"start":{"line":179,"column":12},"end":{"line":179,"column":36}},{"start":{"line":179,"column":40},"end":{"line":179,"column":43}}],"line":179},"25":{"loc":{"start":{"line":192,"column":4},"end":{"line":194,"column":5}},"type":"if","locations":[{"start":{"line":192,"column":4},"end":{"line":194,"column":5}},{"start":{},"end":{}}],"line":192},"26":{"loc":{"start":{"line":196,"column":4},"end":{"line":198,"column":5}},"type":"if","locations":[{"start":{"line":196,"column":4},"end":{"line":198,"column":5}},{"start":{},"end":{}}],"line":196}},"s":{"0":1,"1":1,"2":2,"3":2,"4":1,"5":2,"6":1,"7":1,"8":3,"9":16,"10":8,"11":8,"12":1,"13":7,"14":7,"15":7,"16":9,"17":7,"18":0,"19":3,"20":3,"21":3,"22":1,"23":3,"24":1,"25":3,"26":1,"27":1,"28":1,"29":1,"30":1,"31":1,"32":1,"33":1,"34":4,"35":4,"36":4,"37":1,"38":3,"39":1,"40":2,"41":2,"42":1,"43":3,"44":3,"45":3,"46":2,"47":1,"48":1,"49":1,"50":2,"51":2,"52":1,"53":2,"54":1,"55":1,"56":1,"57":0,"58":1,"59":1,"60":3,"61":3,"62":3,"63":1,"64":2,"65":2,"66":2,"67":1,"68":1,"69":1,"70":1,"71":1,"72":1,"73":1,"74":2,"75":2,"76":2,"77":2,"78":2,"79":2,"80":2,"81":2,"82":2,"83":1,"84":1,"85":1},"f":{"0":2,"1":2,"2":3,"3":16,"4":1,"5":1,"6":4,"7":3,"8":3,"9":2,"10":2,"11":2,"12":3,"13":3,"14":2,"15":1,"16":1,"17":2,"18":2},"b":{"0":[1,1],"1":[2,1],"2":[8,8],"3":[1,7],"4":[7,0],"5":[7,7],"6":[3,0],"7":[1,2],"8":[1,2],"9":[4,2],"10":[4,2],"11":[1,3],"12":[1,2],"13":[3,3],"14":[0],"15":[2,1],"16":[3,2],"17":[1,1],"18":[1,0],"19":[1],"20":[1,2],"21":[1,1],"22":[0],"23":[1],"24":[2,2],"25":[2,0],"26":[1,1]},"inputSourceMap":null,"_coverageSchema":"1a1c01bbd47fc00a2c39e90264f33305004495a9","hash":"d1806172ff8428559a3c4a82ca5825b569edbaaa"}
,"/Users/mfrias/Documents/Facultad/4to/Ingenieria de software 3/Repuestera/backend/models/Admin.js": {"path":"/Users/mfrias/Documents/Facultad/4to/Ingenieria de software 3/Repuestera/backend/models/Admin.js","statementMap":{"0":{"start":{"line":1,"column":25},"end":{"line":1,"column":60}},"1":{"start":{"line":2,"column":15},"end":{"line":2,"column":34}},"2":{"start":{"line":6,"column":4},"end":{"line":6,"column":22}},"3":{"start":{"line":7,"column":4},"end":{"line":7,"column":30}},"4":{"start":{"line":8,"column":4},"end":{"line":8,"column":34}},"5":{"start":{"line":9,"column":4},"end":{"line":9,"column":28}},"6":{"start":{"line":10,"column":4},"end":{"line":10,"column":34}},"7":{"start":{"line":11,"column":4},"end":{"line":11,"column":35}},"8":{"start":{"line":12,"column":4},"end":{"line":12,"column":46}},"9":{"start":{"line":13,"column":4},"end":{"line":13,"column":44}},"10":{"start":{"line":14,"column":4},"end":{"line":14,"column":30}},"11":{"start":{"line":19,"column":65},"end":{"line":19,"column":74}},"12":{"start":{"line":22,"column":27},"end":{"line":22,"column":58}},"13":{"start":{"line":24,"column":18},"end":{"line":27,"column":5}},"14":{"start":{"line":29,"column":19},"end":{"line":29,"column":92}},"15":{"start":{"line":31,"column":4},"end":{"line":33,"column":5}},"16":{"start":{"line":32,"column":6},"end":{"line":32,"column":51}},"17":{"start":{"line":35,"column":4},"end":{"line":35,"column":52}},"18":{"start":{"line":40,"column":18},"end":{"line":40,"column":80}},"19":{"start":{"line":41,"column":20},"end":{"line":41,"column":51}},"20":{"start":{"line":43,"column":4},"end":{"line":45,"column":5}},"21":{"start":{"line":44,"column":6},"end":{"line":44,"column":35}},"22":{"start":{"line":47,"column":4},"end":{"line":47,"column":16}},"23":{"start":{"line":52,"column":18},"end":{"line":52,"column":83}},"24":{"start":{"line":53,"column":20},"end":{"line":53,"column":54}},"25":{"start":{"line":55,"column":4},"end":{"line":57,"column":5}},"26":{"start":{"line":56,"column":6},"end":{"line":56,"column":35}},"27":{"start":{"line":59,"column":4},"end":{"line":59,"column":16}},"28":{"start":{"line":65,"column":21},"end":{"line":65,"column":42}},"29":{"start":{"line":66,"column":22},"end":{"line":66,"column":43}},"30":{"start":{"line":68,"column":18},"end":{"line":74,"column":5}},"31":{"start":{"line":76,"column":20},"end":{"line":76,"column":49}},"32":{"start":{"line":77,"column":4},"end":{"line":77,"column":50}},"33":{"start":{"line":77,"column":32},"end":{"line":77,"column":48}},"34":{"start":{"line":82,"column":26},"end":{"line":82,"column":55}},"35":{"start":{"line":83,"column":20},"end":{"line":83,"column":22}},"36":{"start":{"line":84,"column":19},"end":{"line":84,"column":21}},"37":{"start":{"line":86,"column":4},"end":{"line":91,"column":5}},"38":{"start":{"line":87,"column":6},"end":{"line":90,"column":7}},"39":{"start":{"line":88,"column":8},"end":{"line":88,"column":35}},"40":{"start":{"line":89,"column":8},"end":{"line":89,"column":27}},"41":{"start":{"line":93,"column":4},"end":{"line":95,"column":5}},"42":{"start":{"line":94,"column":6},"end":{"line":94,"column":63}},"43":{"start":{"line":97,"column":4},"end":{"line":97,"column":25}},"44":{"start":{"line":99,"column":18},"end":{"line":99,"column":81}},"45":{"start":{"line":100,"column":4},"end":{"line":100,"column":38}},"46":{"start":{"line":103,"column":25},"end":{"line":103,"column":54}},"47":{"start":{"line":104,"column":4},"end":{"line":104,"column":38}},"48":{"start":{"line":106,"column":4},"end":{"line":106,"column":16}},"49":{"start":{"line":112,"column":20},"end":{"line":112,"column":72}},"50":{"start":{"line":113,"column":4},"end":{"line":115,"column":5}},"51":{"start":{"line":114,"column":6},"end":{"line":114,"column":52}},"52":{"start":{"line":118,"column":27},"end":{"line":118,"column":61}},"53":{"start":{"line":120,"column":18},"end":{"line":120,"column":72}},"54":{"start":{"line":121,"column":4},"end":{"line":121,"column":57}},"55":{"start":{"line":123,"column":4},"end":{"line":123,"column":35}},"56":{"start":{"line":124,"column":4},"end":{"line":124,"column":16}},"57":{"start":{"line":129,"column":4},"end":{"line":129,"column":57}},"58":{"start":{"line":134,"column":18},"end":{"line":134,"column":93}},"59":{"start":{"line":135,"column":4},"end":{"line":135,"column":41}},"60":{"start":{"line":136,"column":4},"end":{"line":136,"column":36}},"61":{"start":{"line":137,"column":4},"end":{"line":137,"column":16}},"62":{"start":{"line":142,"column":18},"end":{"line":142,"column":74}},"63":{"start":{"line":143,"column":4},"end":{"line":143,"column":41}},"64":{"start":{"line":144,"column":4},"end":{"line":144,"column":24}},"65":{"start":{"line":145,"column":4},"end":{"line":145,"column":16}},"66":{"start":{"line":150,"column":18},"end":{"line":150,"column":73}},"67":{"start":{"line":151,"column":4},"end":{"line":151,"column":41}},"68":{"start":{"line":152,"column":4},"end":{"line":152,"column":23}},"69":{"start":{"line":153,"column":4},"end":{"line":153,"column":16}},"70":{"start":{"line":158,"column":4},"end":{"line":158,"column":38}},"71":{"start":{"line":164,"column":16},"end":{"line":164,"column":35}},"72":{"start":{"line":166,"column":24},"end":{"line":171,"column":5}},"73":{"start":{"line":173,"column":4},"end":{"line":173,"column":55}},"74":{"start":{"line":178,"column":18},"end":{"line":178,"column":85}},"75":{"start":{"line":179,"column":20},"end":{"line":179,"column":45}},"76":{"start":{"line":180,"column":4},"end":{"line":180,"column":28}},"77":{"start":{"line":185,"column":18},"end":{"line":192,"column":5}},"78":{"start":{"line":194,"column":26},"end":{"line":194,"column":43}},"79":{"start":{"line":195,"column":20},"end":{"line":195,"column":107}},"80":{"start":{"line":196,"column":4},"end":{"line":196,"column":50}},"81":{"start":{"line":196,"column":32},"end":{"line":196,"column":48}},"82":{"start":{"line":203,"column":4},"end":{"line":209,"column":6}},"83":{"start":{"line":214,"column":50},"end":{"line":214,"column":54}},"84":{"start":{"line":216,"column":4},"end":{"line":218,"column":5}},"85":{"start":{"line":217,"column":6},"end":{"line":217,"column":41}},"86":{"start":{"line":219,"column":4},"end":{"line":219,"column":32}},"87":{"start":{"line":223,"column":0},"end":{"line":223,"column":23}}},"fnMap":{"0":{"name":"(anonymous_0)","decl":{"start":{"line":5,"column":2},"end":{"line":5,"column":3}},"loc":{"start":{"line":5,"column":20},"end":{"line":15,"column":3}},"line":5},"1":{"name":"(anonymous_1)","decl":{"start":{"line":18,"column":2},"end":{"line":18,"column":3}},"loc":{"start":{"line":18,"column":33},"end":{"line":36,"column":3}},"line":18},"2":{"name":"(anonymous_2)","decl":{"start":{"line":39,"column":2},"end":{"line":39,"column":3}},"loc":{"start":{"line":39,"column":28},"end":{"line":48,"column":3}},"line":39},"3":{"name":"(anonymous_3)","decl":{"start":{"line":51,"column":2},"end":{"line":51,"column":3}},"loc":{"start":{"line":51,"column":34},"end":{"line":60,"column":3}},"line":51},"4":{"name":"(anonymous_4)","decl":{"start":{"line":63,"column":2},"end":{"line":63,"column":3}},"loc":{"start":{"line":63,"column":47},"end":{"line":78,"column":3}},"line":63},"5":{"name":"(anonymous_5)","decl":{"start":{"line":77,"column":23},"end":{"line":77,"column":24}},"loc":{"start":{"line":77,"column":32},"end":{"line":77,"column":48}},"line":77},"6":{"name":"(anonymous_6)","decl":{"start":{"line":81,"column":2},"end":{"line":81,"column":3}},"loc":{"start":{"line":81,"column":27},"end":{"line":107,"column":3}},"line":81},"7":{"name":"(anonymous_7)","decl":{"start":{"line":110,"column":2},"end":{"line":110,"column":3}},"loc":{"start":{"line":110,"column":53},"end":{"line":125,"column":3}},"line":110},"8":{"name":"(anonymous_8)","decl":{"start":{"line":128,"column":2},"end":{"line":128,"column":3}},"loc":{"start":{"line":128,"column":33},"end":{"line":130,"column":3}},"line":128},"9":{"name":"(anonymous_9)","decl":{"start":{"line":133,"column":2},"end":{"line":133,"column":3}},"loc":{"start":{"line":133,"column":27},"end":{"line":138,"column":3}},"line":133},"10":{"name":"(anonymous_10)","decl":{"start":{"line":141,"column":2},"end":{"line":141,"column":3}},"loc":{"start":{"line":141,"column":21},"end":{"line":146,"column":3}},"line":141},"11":{"name":"(anonymous_11)","decl":{"start":{"line":149,"column":2},"end":{"line":149,"column":3}},"loc":{"start":{"line":149,"column":19},"end":{"line":154,"column":3}},"line":149},"12":{"name":"(anonymous_12)","decl":{"start":{"line":157,"column":2},"end":{"line":157,"column":3}},"loc":{"start":{"line":157,"column":17},"end":{"line":159,"column":3}},"line":157},"13":{"name":"(anonymous_13)","decl":{"start":{"line":162,"column":2},"end":{"line":162,"column":3}},"loc":{"start":{"line":162,"column":27},"end":{"line":174,"column":3}},"line":162},"14":{"name":"(anonymous_14)","decl":{"start":{"line":177,"column":2},"end":{"line":177,"column":3}},"loc":{"start":{"line":177,"column":23},"end":{"line":181,"column":3}},"line":177},"15":{"name":"(anonymous_15)","decl":{"start":{"line":184,"column":2},"end":{"line":184,"column":3}},"loc":{"start":{"line":184,"column":58},"end":{"line":197,"column":3}},"line":184},"16":{"name":"(anonymous_16)","decl":{"start":{"line":196,"column":23},"end":{"line":196,"column":24}},"loc":{"start":{"line":196,"column":32},"end":{"line":196,"column":48}},"line":196},"17":{"name":"(anonymous_17)","decl":{"start":{"line":200,"column":2},"end":{"line":200,"column":3}},"loc":{"start":{"line":200,"column":19},"end":{"line":210,"column":3}},"line":200},"18":{"name":"(anonymous_18)","decl":{"start":{"line":213,"column":2},"end":{"line":213,"column":3}},"loc":{"start":{"line":213,"column":11},"end":{"line":220,"column":3}},"line":213}},"branchMap":{"0":{"loc":{"start":{"line":11,"column":15},"end":{"line":11,"column":34}},"type":"binary-expr","locations":[{"start":{"line":11,"column":15},"end":{"line":11,"column":23}},{"start":{"line":11,"column":27},"end":{"line":11,"column":34}}],"line":11},"1":{"loc":{"start":{"line":19,"column":47},"end":{"line":19,"column":60}},"type":"default-arg","locations":[{"start":{"line":19,"column":53},"end":{"line":19,"column":60}}],"line":19},"2":{"loc":{"start":{"line":31,"column":4},"end":{"line":33,"column":5}},"type":"if","locations":[{"start":{"line":31,"column":4},"end":{"line":33,"column":5}},{"start":{},"end":{}}],"line":31},"3":{"loc":{"start":{"line":43,"column":4},"end":{"line":45,"column":5}},"type":"if","locations":[{"start":{"line":43,"column":4},"end":{"line":45,"column":5}},{"start":{},"end":{}}],"line":43},"4":{"loc":{"start":{"line":55,"column":4},"end":{"line":57,"column":5}},"type":"if","locations":[{"start":{"line":55,"column":4},"end":{"line":57,"column":5}},{"start":{},"end":{}}],"line":55},"5":{"loc":{"start":{"line":63,"column":23},"end":{"line":63,"column":33}},"type":"default-arg","locations":[{"start":{"line":63,"column":31},"end":{"line":63,"column":33}}],"line":63},"6":{"loc":{"start":{"line":63,"column":35},"end":{"line":63,"column":45}},"type":"default-arg","locations":[{"start":{"line":63,"column":44},"end":{"line":63,"column":45}}],"line":63},"7":{"loc":{"start":{"line":65,"column":21},"end":{"line":65,"column":42}},"type":"binary-expr","locations":[{"start":{"line":65,"column":21},"end":{"line":65,"column":36}},{"start":{"line":65,"column":40},"end":{"line":65,"column":42}}],"line":65},"8":{"loc":{"start":{"line":66,"column":22},"end":{"line":66,"column":43}},"type":"binary-expr","locations":[{"start":{"line":66,"column":22},"end":{"line":66,"column":38}},{"start":{"line":66,"column":42},"end":{"line":66,"column":43}}],"line":66},"9":{"loc":{"start":{"line":87,"column":6},"end":{"line":90,"column":7}},"type":"if","locations":[{"start":{"line":87,"column":6},"end":{"line":90,"column":7}},{"start":{},"end":{}}],"line":87},"10":{"loc":{"start":{"line":87,"column":10},"end":{"line":87,"column":60}},"type":"binary-expr","locations":[{"start":{"line":87,"column":10},"end":{"line":87,"column":37}},{"start":{"line":87,"column":41},"end":{"line":87,"column":60}}],"line":87},"11":{"loc":{"start":{"line":93,"column":4},"end":{"line":95,"column":5}},"type":"if","locations":[{"start":{"line":93,"column":4},"end":{"line":95,"column":5}},{"start":{},"end":{}}],"line":93},"12":{"loc":{"start":{"line":113,"column":4},"end":{"line":115,"column":5}},"type":"if","locations":[{"start":{"line":113,"column":4},"end":{"line":115,"column":5}},{"start":{},"end":{}}],"line":113},"13":{"loc":{"start":{"line":164,"column":16},"end":{"line":164,"column":35}},"type":"binary-expr","locations":[{"start":{"line":164,"column":16},"end":{"line":164,"column":24}},{"start":{"line":164,"column":28},"end":{"line":164,"column":35}}],"line":164},"14":{"loc":{"start":{"line":173,"column":11},"end":{"line":173,"column":54}},"type":"binary-expr","locations":[{"start":{"line":173,"column":11},"end":{"line":173,"column":45}},{"start":{"line":173,"column":49},"end":{"line":173,"column":54}}],"line":173},"15":{"loc":{"start":{"line":184,"column":34},"end":{"line":184,"column":44}},"type":"default-arg","locations":[{"start":{"line":184,"column":42},"end":{"line":184,"column":44}}],"line":184},"16":{"loc":{"start":{"line":184,"column":46},"end":{"line":184,"column":56}},"type":"default-arg","locations":[{"start":{"line":184,"column":55},"end":{"line":184,"column":56}}],"line":184},"17":{"loc":{"start":{"line":206,"column":11},"end":{"line":206,"column":30}},"type":"binary-expr","locations":[{"start":{"line":206,"column":11},"end":{"line":206,"column":19}},{"start":{"line":206,"column":23},"end":{"line":206,"column":30}}],"line":206},"18":{"loc":{"start":{"line":216,"column":4},"end":{"line":218,"column":5}},"type":"if","locations":[{"start":{"line":216,"column":4},"end":{"line":218,"column":5}},{"start":{},"end":{}}],"line":216}},"s":{"0":1,"1":1,"2":27,"3":27,"4":27,"5":27,"6":27,"7":27,"8":27,"9":27,"10":27,"11":2,"12":2,"13":2,"14":2,"15":2,"16":2,"17":0,"18":5,"19":5,"20":5,"21":4,"22":1,"23":1,"24":1,"25":1,"26":1,"27":0,"28":1,"29":1,"30":1,"31":1,"32":1,"33":2,"34":2,"35":2,"36":2,"37":2,"38":4,"39":2,"40":2,"41":2,"42":1,"43":1,"44":1,"45":1,"46":1,"47":1,"48":1,"49":2,"50":2,"51":1,"52":1,"53":1,"54":1,"55":1,"56":1,"57":1,"58":1,"59":1,"60":1,"61":1,"62":1,"63":1,"64":1,"65":1,"66":1,"67":1,"68":1,"69":1,"70":2,"71":11,"72":11,"73":11,"74":1,"75":1,"76":1,"77":1,"78":1,"79":1,"80":1,"81":1,"82":1,"83":2,"84":2,"85":0,"86":2,"87":1},"f":{"0":27,"1":2,"2":5,"3":1,"4":1,"5":2,"6":2,"7":2,"8":1,"9":1,"10":1,"11":1,"12":2,"13":11,"14":1,"15":1,"16":1,"17":1,"18":2},"b":{"0":[27,3],"1":[1],"2":[2,0],"3":[4,1],"4":[1,0],"5":[0],"6":[0],"7":[1,0],"8":[1,1],"9":[2,2],"10":[4,2],"11":[1,1],"12":[1,1],"13":[11,0],"14":[11,4],"15":[0],"16":[0],"17":[1,0],"18":[0,2]},"inputSourceMap":null,"_coverageSchema":"1a1c01bbd47fc00a2c39e90264f33305004495a9","hash":"2d0c8a15e102ede3444f8472b42628287c3b2a90"}
[...]
,"/Users/mfrias/Documents/Facultad/4to/Ingenieria de software 3/Repuestera/backend/routes/users.js": {"path":"/Users/mfrias/Documents/Facultad/4to/Ingenieria de software 3/Repuestera/backend/routes/users.js","statementMap":{"0":{"start":{"line":1,"column":16},"end":{"line":1,"column":34}},"1":{"start":{"line":2,"column":49},"end":{"line":2,"column":77}},"2":{"start":{"line":3,"column":13},"end":{"line":3,"column":38}},"3":{"start":{"line":4,"column":14},"end":{"line":4,"column":40}},"4":{"start":{"line":5,"column":17},"end":{"line":5,"column":46}},"5":{"start":{"line":11,"column":4},"end":{"line":11,"column":33}},"6":{"start":{"line":13,"column":15},"end":{"line":13,"column":31}},"7":{"start":{"line":16,"column":31},"end":{"line":25,"column":1}},"8":{"start":{"line":17,"column":17},"end":{"line":17,"column":38}},"9":{"start":{"line":18,"column":2},"end":{"line":23,"column":3}},"10":{"start":{"line":19,"column":4},"end":{"line":22,"column":7}},"11":{"start":{"line":24,"column":2},"end":{"line":24,"column":9}},"12":{"start":{"line":30,"column":0},"end":{"line":105,"column":2}},"13":{"start":{"line":41,"column":4},"end":{"line":103,"column":5}},"14":{"start":{"line":42,"column":19},"end":{"line":42,"column":48}},"15":{"start":{"line":43,"column":20},"end":{"line":43,"column":51}},"16":{"start":{"line":44,"column":21},"end":{"line":44,"column":39}},"17":{"start":{"line":45,"column":21},"end":{"line":45,"column":37}},"18":{"start":{"line":49,"column":6},"end":{"line":58,"column":7}},"19":{"start":{"line":50,"column":8},"end":{"line":50,"column":57}},"20":{"start":{"line":52,"column":8},"end":{"line":52,"column":29}},"21":{"start":{"line":54,"column":8},"end":{"line":57,"column":11}},"22":{"start":{"line":60,"column":25},"end":{"line":60,"column":49}},"23":{"start":{"line":62,"column":6},"end":{"line":72,"column":9}},"24":{"start":{"line":63,"column":33},"end":{"line":63,"column":46}},"25":{"start":{"line":75,"column":6},"end":{"line":82,"column":9}},"26":{"start":{"line":84,"column":6},"end":{"line":89,"column":7}},"27":{"start":{"line":85,"column":8},"end":{"line":88,"column":11}},"28":{"start":{"line":91,"column":6},"end":{"line":96,"column":7}},"29":{"start":{"line":92,"column":8},"end":{"line":95,"column":11}},"30":{"start":{"line":98,"column":6},"end":{"line":102,"column":9}},"31":{"start":{"line":108,"column":0},"end":{"line":139,"column":2}},"32":{"start":{"line":117,"column":4},"end":{"line":137,"column":5}},"33":{"start":{"line":118,"column":19},"end":{"line":118,"column":53}},"34":{"start":{"line":120,"column":6},"end":{"line":125,"column":7}},"35":{"start":{"line":121,"column":8},"end":{"line":124,"column":11}},"36":{"start":{"line":127,"column":6},"end":{"line":129,"column":9}},"37":{"start":{"line":132,"column":6},"end":{"line":132,"column":56}},"38":{"start":{"line":133,"column":6},"end":{"line":136,"column":9}},"39":{"start":{"line":142,"column":0},"end":{"line":180,"column":2}},"40":{"start":{"line":155,"column":4},"end":{"line":178,"column":5}},"41":{"start":{"line":156,"column":19},"end":{"line":156,"column":53}},"42":{"start":{"line":158,"column":6},"end":{"line":163,"column":7}},"43":{"start":{"line":159,"column":8},"end":{"line":162,"column":11}},"44":{"start":{"line":165,"column":26},"end":{"line":165,"column":53}},"45":{"start":{"line":167,"column":6},"end":{"line":170,"column":9}},"46":{"start":{"line":173,"column":6},"end":{"line":173,"column":58}},"47":{"start":{"line":174,"column":6},"end":{"line":177,"column":9}},"48":{"start":{"line":183,"column":0},"end":{"line":217,"column":2}},"49":{"start":{"line":192,"column":4},"end":{"line":215,"column":5}},"50":{"start":{"line":193,"column":19},"end":{"line":193,"column":53}},"51":{"start":{"line":195,"column":6},"end":{"line":200,"column":7}},"52":{"start":{"line":196,"column":8},"end":{"line":199,"column":11}},"53":{"start":{"line":202,"column":6},"end":{"line":202,"column":30}},"54":{"start":{"line":204,"column":6},"end":{"line":207,"column":9}},"55":{"start":{"line":210,"column":6},"end":{"line":210,"column":58}},"56":{"start":{"line":211,"column":6},"end":{"line":214,"column":9}},"57":{"start":{"line":222,"column":0},"end":{"line":264,"column":2}},"58":{"start":{"line":232,"column":4},"end":{"line":262,"column":5}},"59":{"start":{"line":233,"column":19},"end":{"line":233,"column":48}},"60":{"start":{"line":234,"column":20},"end":{"line":234,"column":51}},"61":{"start":{"line":235,"column":21},"end":{"line":235,"column":39}},"62":{"start":{"line":237,"column":30},"end":{"line":240,"column":8}},"63":{"start":{"line":242,"column":25},"end":{"line":242,"column":49}},"64":{"start":{"line":244,"column":6},"end":{"line":254,"column":9}},"65":{"start":{"line":245,"column":36},"end":{"line":245,"column":50}},"66":{"start":{"line":257,"column":6},"end":{"line":257,"column":64}},"67":{"start":{"line":258,"column":6},"end":{"line":261,"column":9}},"68":{"start":{"line":267,"column":0},"end":{"line":311,"column":2}},"69":{"start":{"line":280,"column":4},"end":{"line":309,"column":5}},"70":{"start":{"line":281,"column":24},"end":{"line":281,"column":32}},"71":{"start":{"line":284,"column":44},"end":{"line":287,"column":8}},"72":{"start":{"line":289,"column":6},"end":{"line":294,"column":7}},"73":{"start":{"line":290,"column":8},"end":{"line":293,"column":11}},"74":{"start":{"line":296,"column":20},"end":{"line":296,"column":48}},"75":{"start":{"line":298,"column":6},"end":{"line":301,"column":9}},"76":{"start":{"line":304,"column":6},"end":{"line":304,"column":59}},"77":{"start":{"line":305,"column":6},"end":{"line":308,"column":9}},"78":{"start":{"line":316,"column":0},"end":{"line":332,"column":3}},"79":{"start":{"line":317,"column":2},"end":{"line":331,"column":3}},"80":{"start":{"line":318,"column":32},"end":{"line":318,"column":67}},"81":{"start":{"line":319,"column":23},"end":{"line":319,"column":66}},"82":{"start":{"line":321,"column":4},"end":{"line":323,"column":7}},"83":{"start":{"line":322,"column":45},"end":{"line":322,"column":62}},"84":{"start":{"line":326,"column":4},"end":{"line":326,"column":57}},"85":{"start":{"line":327,"column":4},"end":{"line":330,"column":7}},"86":{"start":{"line":335,"column":0},"end":{"line":367,"column":2}},"87":{"start":{"line":341,"column":4},"end":{"line":365,"column":5}},"88":{"start":{"line":342,"column":23},"end":{"line":342,"column":61}},"89":{"start":{"line":344,"column":6},"end":{"line":349,"column":7}},"90":{"start":{"line":345,"column":8},"end":{"line":348,"column":11}},"91":{"start":{"line":352,"column":20},"end":{"line":352,"column":45}},"92":{"start":{"line":354,"column":6},"end":{"line":357,"column":9}},"93":{"start":{"line":360,"column":6},"end":{"line":360,"column":58}},"94":{"start":{"line":361,"column":6},"end":{"line":364,"column":9}},"95":{"start":{"line":370,"column":0},"end":{"line":405,"column":2}},"96":{"start":{"line":380,"column":4},"end":{"line":403,"column":5}},"97":{"start":{"line":382,"column":31},"end":{"line":382,"column":73}},"98":{"start":{"line":383,"column":6},"end":{"line":388,"column":7}},"99":{"start":{"line":384,"column":8},"end":{"line":387,"column":11}},"100":{"start":{"line":390,"column":23},"end":{"line":390,"column":54}},"101":{"start":{"line":392,"column":6},"end":{"line":395,"column":9}},"102":{"start":{"line":398,"column":6},"end":{"line":398,"column":55}},"103":{"start":{"line":399,"column":6},"end":{"line":402,"column":9}},"104":{"start":{"line":408,"column":0},"end":{"line":455,"column":2}},"105":{"start":{"line":419,"column":4},"end":{"line":453,"column":5}},"106":{"start":{"line":420,"column":23},"end":{"line":420,"column":61}},"107":{"start":{"line":422,"column":6},"end":{"line":427,"column":7}},"108":{"start":{"line":423,"column":8},"end":{"line":426,"column":11}},"109":{"start":{"line":430,"column":6},"end":{"line":438,"column":7}},"110":{"start":{"line":431,"column":33},"end":{"line":431,"column":75}},"111":{"start":{"line":432,"column":8},"end":{"line":437,"column":9}},"112":{"start":{"line":433,"column":10},"end":{"line":436,"column":13}},"113":{"start":{"line":440,"column":30},"end":{"line":440,"column":61}},"114":{"start":{"line":442,"column":6},"end":{"line":445,"column":9}},"115":{"start":{"line":448,"column":6},"end":{"line":448,"column":60}},"116":{"start":{"line":449,"column":6},"end":{"line":452,"column":9}},"117":{"start":{"line":458,"column":0},"end":{"line":501,"column":2}},"118":{"start":{"line":467,"column":4},"end":{"line":499,"column":5}},"119":{"start":{"line":468,"column":23},"end":{"line":468,"column":61}},"120":{"start":{"line":470,"column":6},"end":{"line":475,"column":7}},"121":{"start":{"line":471,"column":8},"end":{"line":474,"column":11}},"122":{"start":{"line":478,"column":24},"end":{"line":478,"column":50}},"123":{"start":{"line":479,"column":6},"end":{"line":484,"column":7}},"124":{"start":{"line":480,"column":8},"end":{"line":483,"column":11}},"125":{"start":{"line":486,"column":6},"end":{"line":486,"column":34}},"126":{"start":{"line":488,"column":6},"end":{"line":491,"column":9}},"127":{"start":{"line":494,"column":6},"end":{"line":494,"column":58}},"128":{"start":{"line":495,"column":6},"end":{"line":498,"column":9}},"129":{"start":{"line":503,"column":0},"end":{"line":503,"column":24}}},"fnMap":{"0":{"name":"(anonymous_0)","decl":{"start":{"line":16,"column":31},"end":{"line":16,"column":32}},"loc":{"start":{"line":16,"column":51},"end":{"line":25,"column":1}},"line":16},"1":{"name":"(anonymous_1)","decl":{"start":{"line":40,"column":2},"end":{"line":40,"column":3}},"loc":{"start":{"line":40,"column":22},"end":{"line":104,"column":3}},"line":40},"2":{"name":"(anonymous_2)","decl":{"start":{"line":63,"column":25},"end":{"line":63,"column":26}},"loc":{"start":{"line":63,"column":33},"end":{"line":63,"column":46}},"line":63},"3":{"name":"(anonymous_3)","decl":{"start":{"line":116,"column":2},"end":{"line":116,"column":3}},"loc":{"start":{"line":116,"column":22},"end":{"line":138,"column":3}},"line":116},"4":{"name":"(anonymous_4)","decl":{"start":{"line":154,"column":2},"end":{"line":154,"column":3}},"loc":{"start":{"line":154,"column":22},"end":{"line":179,"column":3}},"line":154},"5":{"name":"(anonymous_5)","decl":{"start":{"line":191,"column":2},"end":{"line":191,"column":3}},"loc":{"start":{"line":191,"column":22},"end":{"line":216,"column":3}},"line":191},"6":{"name":"(anonymous_6)","decl":{"start":{"line":231,"column":2},"end":{"line":231,"column":3}},"loc":{"start":{"line":231,"column":22},"end":{"line":263,"column":3}},"line":231},"7":{"name":"(anonymous_7)","decl":{"start":{"line":245,"column":27},"end":{"line":245,"column":28}},"loc":{"start":{"line":245,"column":36},"end":{"line":245,"column":50}},"line":245},"8":{"name":"(anonymous_8)","decl":{"start":{"line":279,"column":2},"end":{"line":279,"column":3}},"loc":{"start":{"line":279,"column":22},"end":{"line":310,"column":3}},"line":279},"9":{"name":"(anonymous_9)","decl":{"start":{"line":316,"column":26},"end":{"line":316,"column":27}},"loc":{"start":{"line":316,"column":46},"end":{"line":332,"column":1}},"line":316},"10":{"name":"(anonymous_10)","decl":{"start":{"line":322,"column":33},"end":{"line":322,"column":34}},"loc":{"start":{"line":322,"column":45},"end":{"line":322,"column":62}},"line":322},"11":{"name":"(anonymous_11)","decl":{"start":{"line":340,"column":2},"end":{"line":340,"column":3}},"loc":{"start":{"line":340,"column":22},"end":{"line":366,"column":3}},"line":340},"12":{"name":"(anonymous_12)","decl":{"start":{"line":379,"column":2},"end":{"line":379,"column":3}},"loc":{"start":{"line":379,"column":22},"end":{"line":404,"column":3}},"line":379},"13":{"name":"(anonymous_13)","decl":{"start":{"line":418,"column":2},"end":{"line":418,"column":3}},"loc":{"start":{"line":418,"column":22},"end":{"line":454,"column":3}},"line":418},"14":{"name":"(anonymous_14)","decl":{"start":{"line":466,"column":2},"end":{"line":466,"column":3}},"loc":{"start":{"line":466,"column":22},"end":{"line":500,"column":3}},"line":466}},"branchMap":{"0":{"loc":{"start":{"line":18,"column":2},"end":{"line":23,"column":3}},"type":"if","locations":[{"start":{"line":18,"column":2},"end":{"line":23,"column":3}},{"start":{},"end":{}}],"line":18},"1":{"loc":{"start":{"line":42,"column":19},"end":{"line":42,"column":48}},"type":"binary-expr","locations":[{"start":{"line":42,"column":19},"end":{"line":42,"column":43}},{"start":{"line":42,"column":47},"end":{"line":42,"column":48}}],"line":42},"2":{"loc":{"start":{"line":43,"column":20},"end":{"line":43,"column":51}},"type":"binary-expr","locations":[{"start":{"line":43,"column":20},"end":{"line":43,"column":45}},{"start":{"line":43,"column":49},"end":{"line":43,"column":51}}],"line":43},"3":{"loc":{"start":{"line":49,"column":6},"end":{"line":58,"column":7}},"type":"if","locations":[{"start":{"line":49,"column":6},"end":{"line":58,"column":7}},{"start":{"line":53,"column":13},"end":{"line":58,"column":7}}],"line":49},"4":{"loc":{"start":{"line":84,"column":6},"end":{"line":89,"column":7}},"type":"if","locations":[{"start":{"line":84,"column":6},"end":{"line":89,"column":7}},{"start":{},"end":{}}],"line":84},"5":{"loc":{"start":{"line":91,"column":6},"end":{"line":96,"column":7}},"type":"if","locations":[{"start":{"line":91,"column":6},"end":{"line":96,"column":7}},{"start":{},"end":{}}],"line":91},"6":{"loc":{"start":{"line":91,"column":10},"end":{"line":91,"column":69}},"type":"binary-expr","locations":[{"start":{"line":91,"column":10},"end":{"line":91,"column":39}},{"start":{"line":91,"column":43},"end":{"line":91,"column":69}}],"line":91},"7":{"loc":{"start":{"line":100,"column":17},"end":{"line":100,"column":71}},"type":"binary-expr","locations":[{"start":{"line":100,"column":17},"end":{"line":100,"column":30}},{"start":{"line":100,"column":34},"end":{"line":100,"column":71}}],"line":100},"8":{"loc":{"start":{"line":101,"column":17},"end":{"line":101,"column":81}},"type":"cond-expr","locations":[{"start":{"line":101,"column":58},"end":{"line":101,"column":69}},{"start":{"line":101,"column":72},"end":{"line":101,"column":81}}],"line":101},"9":{"loc":{"start":{"line":120,"column":6},"end":{"line":125,"column":7}},"type":"if","locations":[{"start":{"line":120,"column":6},"end":{"line":125,"column":7}},{"start":{},"end":{}}],"line":120},"10":{"loc":{"start":{"line":158,"column":6},"end":{"line":163,"column":7}},"type":"if","locations":[{"start":{"line":158,"column":6},"end":{"line":163,"column":7}},{"start":{},"end":{}}],"line":158},"11":{"loc":{"start":{"line":195,"column":6},"end":{"line":200,"column":7}},"type":"if","locations":[{"start":{"line":195,"column":6},"end":{"line":200,"column":7}},{"start":{},"end":{}}],"line":195},"12":{"loc":{"start":{"line":233,"column":19},"end":{"line":233,"column":48}},"type":"binary-expr","locations":[{"start":{"line":233,"column":19},"end":{"line":233,"column":43}},{"start":{"line":233,"column":47},"end":{"line":233,"column":48}}],"line":233},"13":{"loc":{"start":{"line":234,"column":20},"end":{"line":234,"column":51}},"type":"binary-expr","locations":[{"start":{"line":234,"column":20},"end":{"line":234,"column":45}},{"start":{"line":234,"column":49},"end":{"line":234,"column":51}}],"line":234},"14":{"loc":{"start":{"line":289,"column":6},"end":{"line":294,"column":7}},"type":"if","locations":[{"start":{"line":289,"column":6},"end":{"line":294,"column":7}},{"start":{},"end":{}}],"line":289},"15":{"loc":{"start":{"line":289,"column":10},"end":{"line":289,"column":39}},"type":"binary-expr","locations":[{"start":{"line":289,"column":10},"end":{"line":289,"column":23}},{"start":{"line":289,"column":27},"end":{"line":289,"column":39}}],"line":289},"16":{"loc":{"start":{"line":344,"column":6},"end":{"line":349,"column":7}},"type":"if","locations":[{"start":{"line":344,"column":6},"end":{"line":349,"column":7}},{"start":{},"end":{}}],"line":344},"17":{"loc":{"start":{"line":383,"column":6},"end":{"line":388,"column":7}},"type":"if","locations":[{"start":{"line":383,"column":6},"end":{"line":388,"column":7}},{"start":{},"end":{}}],"line":383},"18":{"loc":{"start":{"line":422,"column":6},"end":{"line":427,"column":7}},"type":"if","locations":[{"start":{"line":422,"column":6},"end":{"line":427,"column":7}},{"start":{},"end":{}}],"line":422},"19":{"loc":{"start":{"line":430,"column":6},"end":{"line":438,"column":7}},"type":"if","locations":[{"start":{"line":430,"column":6},"end":{"line":438,"column":7}},{"start":{},"end":{}}],"line":430},"20":{"loc":{"start":{"line":430,"column":10},"end":{"line":430,"column":64}},"type":"binary-expr","locations":[{"start":{"line":430,"column":10},"end":{"line":430,"column":25}},{"start":{"line":430,"column":29},"end":{"line":430,"column":64}}],"line":430},"21":{"loc":{"start":{"line":432,"column":8},"end":{"line":437,"column":9}},"type":"if","locations":[{"start":{"line":432,"column":8},"end":{"line":437,"column":9}},{"start":{},"end":{}}],"line":432},"22":{"loc":{"start":{"line":470,"column":6},"end":{"line":475,"column":7}},"type":"if","locations":[{"start":{"line":470,"column":6},"end":{"line":475,"column":7}},{"start":{},"end":{}}],"line":470},"23":{"loc":{"start":{"line":479,"column":6},"end":{"line":484,"column":7}},"type":"if","locations":[{"start":{"line":479,"column":6},"end":{"line":484,"column":7}},{"start":{},"end":{}}],"line":479}},"s":{"0":0,"1":0,"2":0,"3":0,"4":0,"5":0,"6":0,"7":0,"8":0,"9":0,"10":0,"11":0,"12":0,"13":0,"14":0,"15":0,"16":0,"17":0,"18":0,"19":0,"20":0,"21":0,"22":0,"23":0,"24":0,"25":0,"26":0,"27":0,"28":0,"29":0,"30":0,"31":0,"32":0,"33":0,"34":0,"35":0,"36":0,"37":0,"38":0,"39":0,"40":0,"41":0,"42":0,"43":0,"44":0,"45":0,"46":0,"47":0,"48":0,"49":0,"50":0,"51":0,"52":0,"53":0,"54":0,"55":0,"56":0,"57":0,"58":0,"59":0,"60":0,"61":0,"62":0,"63":0,"64":0,"65":0,"66":0,"67":0,"68":0,"69":0,"70":0,"71":0,"72":0,"73":0,"74":0,"75":0,"76":0,"77":0,"78":0,"79":0,"80":0,"81":0,"82":0,"83":0,"84":0,"85":0,"86":0,"87":0,"88":0,"89":0,"90":0,"91":0,"92":0,"93":0,"94":0,"95":0,"96":0,"97":0,"98":0,"99":0,"100":0,"101":0,"102":0,"103":0,"104":0,"105":0,"106":0,"107":0,"108":0,"109":0,"110":0,"111":0,"112":0,"113":0,"114":0,"115":0,"116":0,"117":0,"118":0,"119":0,"120":0,"121":0,"122":0,"123":0,"124":0,"125":0,"126":0,"127":0,"128":0,"129":0},"f":{"0":0,"1":0,"2":0,"3":0,"4":0,"5":0,"6":0,"7":0,"8":0,"9":0,"10":0,"11":0,"12":0,"13":0,"14":0},"b":{"0":[0,0],"1":[0,0],"2":[0,0],"3":[0,0],"4":[0,0],"5":[0,0],"6":[0,0],"7":[0,0],"8":[0,0],"9":[0,0],"10":[0,0],"11":[0,0],"12":[0,0],"13":[0,0],"14":[0,0],"15":[0,0],"16":[0,0],"17":[0,0],"18":[0,0],"19":[0,0],"20":[0,0],"21":[0,0],"22":[0,0],"23":[0,0]},"inputSourceMap":null}
}
