TN:
SF:models/Admin.js
FN:5,(anonymous_0)
FN:18,(anonymous_1)
FN:39,(anonymous_2)
FN:51,(anonymous_3)
FN:63,(anonymous_4)
FN:77,(anonymous_5)
FN:81,(anonymous_6)
FN:110,(anonymous_7)
FN:128,(anonymous_8)
FN:133,(anonymous_9)
FN:141,(anonymous_10)
FN:149,(anonymous_11)
FN:157,(anonymous_12)
FN:162,(anonymous_13)
FN:174,(anonymous_14)
FN:181,(anonymous_15)
FN:193,(anonymous_16)
FN:197,(anonymous_17)
FN:210,(anonymous_18)
FNF:19
FNH:13
FNDA:20,(anonymous_0)
FNDA:2,(anonymous_1)
FNDA:5,(anonymous_2)
FNDA:1,(anonymous_3)
FNDA:0,(anonymous_4)
FNDA:0,(anonymous_5)
FNDA:2,(anonymous_6)
FNDA:2,(anonymous_7)
FNDA:1,(anonymous_8)
FNDA:1,(anonymous_9)
FNDA:1,(anonymous_10)
FNDA:0,(anonymous_11)
FNDA:2,(anonymous_12)
FNDA:6,(anonymous_13)
FNDA:0,(anonymous_14)
FNDA:0,(anonymous_15)
FNDA:0,(anonymous_16)
FNDA:1,(anonymous_17)
FNDA:2,(anonymous_18)
DA:1,1
DA:2,1
DA:6,20
DA:7,20
DA:8,20
DA:9,20
DA:10,20
DA:11,20
DA:12,20
DA:13,20
DA:14,20
DA:19,2
DA:22,2
DA:24,2
DA:29,2
DA:31,2
DA:32,2
DA:35,0
DA:40,5
DA:41,5
DA:43,5
DA:44,4
DA:47,1
DA:52,1
DA:53,1
DA:55,1
DA:56,1
DA:59,0
DA:65,0
DA:66,0
DA:68,0
DA:76,0
DA:77,0
DA:82,2
DA:83,2
DA:84,2
DA:86,2
DA:87,3
DA:88,2
DA:89,2
DA:93,2
DA:94,1
DA:97,1
DA:99,1
DA:100,1
DA:103,1
DA:104,1
DA:106,1
DA:112,2
DA:113,2
DA:114,1
DA:118,1
DA:120,1
DA:121,1
DA:123,1
DA:124,1
DA:129,1
DA:134,1
DA:135,1
DA:136,1
DA:137,1
DA:142,1
DA:143,1
DA:144,1
DA:145,1
DA:150,0
DA:151,0
DA:152,0
DA:153,0
DA:158,2
DA:163,6
DA:170,6
DA:175,0
DA:176,0
DA:177,0
DA:182,0
DA:191,0
DA:192,0
DA:193,0
DA:200,1
DA:211,2
DA:213,2
DA:214,1
DA:216,2
DA:220,1
LF:85
LH:67
BRDA:19,0,0,1
BRDA:31,1,0,2
BRDA:31,1,1,0
BRDA:43,2,0,4
BRDA:43,2,1,1
BRDA:55,3,0,1
BRDA:55,3,1,0
BRDA:63,4,0,0
BRDA:63,5,0,0
BRDA:65,6,0,0
BRDA:65,6,1,0
BRDA:66,7,0,0
BRDA:66,7,1,0
BRDA:87,8,0,2
BRDA:87,8,1,1
BRDA:87,9,0,3
BRDA:87,9,1,2
BRDA:93,10,0,1
BRDA:93,10,1,1
BRDA:113,11,0,1
BRDA:113,11,1,1
BRDA:170,12,0,6
BRDA:170,12,1,1
BRDA:181,13,0,0
BRDA:181,14,0,0
BRDA:203,15,0,1
BRDA:203,15,1,0
BRDA:213,16,0,1
BRDA:213,16,1,1
BRF:29
BRH:18
end_of_record
TN:
SF:models/Category.js
FN:4,(anonymous_0)
FN:14,(anonymous_1)
FN:32,(anonymous_2)
FN:51,(anonymous_3)
FN:70,(anonymous_4)
FN:91,(anonymous_5)
FN:95,(anonymous_6)
FN:107,(anonymous_7)
FN:111,(anonymous_8)
FN:140,(anonymous_9)
FN:154,(anonymous_10)
FN:162,(anonymous_11)
FN:191,(anonymous_12)
FN:195,(anonymous_13)
FN:202,(anonymous_14)
FN:233,(anonymous_15)
FN:240,(anonymous_16)
FN:254,(anonymous_17)
FN:258,(anonymous_18)
FN:264,(anonymous_19)
FNF:20
FNH:17
FNDA:21,(anonymous_0)
FNDA:2,(anonymous_1)
FNDA:4,(anonymous_2)
FNDA:1,(anonymous_3)
FNDA:2,(anonymous_4)
FNDA:4,(anonymous_5)
FNDA:0,(anonymous_6)
FNDA:0,(anonymous_7)
FNDA:2,(anonymous_8)
FNDA:2,(anonymous_9)
FNDA:1,(anonymous_10)
FNDA:1,(anonymous_11)
FNDA:2,(anonymous_12)
FNDA:5,(anonymous_13)
FNDA:1,(anonymous_14)
FNDA:0,(anonymous_15)
FNDA:1,(anonymous_16)
FNDA:1,(anonymous_17)
FNDA:2,(anonymous_18)
FNDA:1,(anonymous_19)
DA:1,1
DA:5,21
DA:6,21
DA:7,21
DA:8,21
DA:9,21
DA:10,21
DA:15,2
DA:17,2
DA:22,2
DA:24,2
DA:25,1
DA:28,1
DA:33,4
DA:41,4
DA:43,4
DA:44,3
DA:47,1
DA:52,1
DA:60,1
DA:62,1
DA:63,1
DA:66,0
DA:73,2
DA:74,1
DA:83,1
DA:90,2
DA:91,4
DA:96,0
DA:106,0
DA:107,0
DA:112,2
DA:113,2
DA:114,2
DA:116,2
DA:117,3
DA:118,2
DA:119,2
DA:123,2
DA:124,1
DA:127,1
DA:129,1
DA:130,1
DA:133,1
DA:134,1
DA:136,1
DA:142,2
DA:143,2
DA:144,1
DA:147,1
DA:148,1
DA:149,1
DA:150,1
DA:155,1
DA:156,1
DA:157,1
DA:158,1
DA:168,1
DA:170,1
DA:171,1
DA:173,1
DA:174,1
DA:175,1
DA:178,1
DA:187,1
DA:190,1
DA:191,2
DA:196,5
DA:197,5
DA:198,5
DA:203,1
DA:216,1
DA:217,1
DA:219,1
DA:234,0
DA:235,0
DA:236,0
DA:241,1
DA:252,1
DA:253,1
DA:254,1
DA:259,2
DA:260,2
DA:265,1
DA:276,1
LF:85
LH:78
BRDA:10,0,0,21
BRDA:10,0,1,13
BRDA:24,1,0,1
BRDA:24,1,1,1
BRDA:43,2,0,3
BRDA:43,2,1,1
BRDA:62,3,0,1
BRDA:62,3,1,0
BRDA:70,4,0,0
BRDA:73,5,0,1
BRDA:73,5,1,1
BRDA:117,6,0,2
BRDA:117,6,1,1
BRDA:117,7,0,3
BRDA:117,7,1,2
BRDA:123,8,0,1
BRDA:123,8,1,1
BRDA:143,9,0,1
BRDA:143,9,1,1
BRDA:162,10,0,1
BRDA:164,11,0,1
BRDA:165,12,0,1
BRDA:166,13,0,1
BRDA:167,14,0,1
BRDA:174,15,0,1
BRDA:174,15,1,0
BRDA:174,16,0,1
BRDA:174,16,1,1
BRDA:222,17,0,1
BRDA:222,17,1,0
BRDA:223,18,0,1
BRDA:223,18,1,0
BRDA:224,19,0,1
BRDA:224,19,1,0
BRDA:225,20,0,1
BRDA:225,20,1,0
BRDA:226,21,0,1
BRDA:226,21,1,0
BRDA:227,22,0,1
BRDA:227,22,1,0
BRDA:228,23,0,1
BRDA:228,23,1,0
BRDA:240,24,0,1
BRDA:240,25,0,1
BRF:44
BRH:34
end_of_record
TN:
SF:models/Product.js
FN:4,(anonymous_0)
FN:24,(anonymous_1)
FN:59,(anonymous_2)
FN:77,(anonymous_3)
FN:95,(anonymous_4)
FN:156,(anonymous_5)
FN:160,(anonymous_6)
FN:204,(anonymous_7)
FN:237,(anonymous_8)
FN:252,(anonymous_9)
FN:266,(anonymous_10)
FN:276,(anonymous_11)
FN:284,(anonymous_12)
FN:292,(anonymous_13)
FN:297,(anonymous_14)
FN:302,(anonymous_15)
FN:313,(anonymous_16)
FN:317,(anonymous_17)
FN:327,(anonymous_18)
FN:331,(anonymous_19)
FN:341,(anonymous_20)
FN:345,(anonymous_21)
FNF:22
FNH:16
FNDA:27,(anonymous_0)
FNDA:3,(anonymous_1)
FNDA:5,(anonymous_2)
FNDA:1,(anonymous_3)
FNDA:2,(anonymous_4)
FNDA:2,(anonymous_5)
FNDA:0,(anonymous_6)
FNDA:2,(anonymous_7)
FNDA:4,(anonymous_8)
FNDA:4,(anonymous_9)
FNDA:2,(anonymous_10)
FNDA:1,(anonymous_11)
FNDA:0,(anonymous_12)
FNDA:3,(anonymous_13)
FNDA:3,(anonymous_14)
FNDA:0,(anonymous_15)
FNDA:0,(anonymous_16)
FNDA:1,(anonymous_17)
FNDA:2,(anonymous_18)
FNDA:0,(anonymous_19)
FNDA:0,(anonymous_20)
FNDA:1,(anonymous_21)
DA:1,2
DA:5,27
DA:6,27
DA:7,27
DA:8,27
DA:9,27
DA:10,27
DA:11,27
DA:12,27
DA:13,27
DA:14,27
DA:15,27
DA:16,27
DA:17,27
DA:18,27
DA:19,27
DA:20,27
DA:28,3
DA:30,3
DA:37,3
DA:51,3
DA:52,2
DA:55,1
DA:60,5
DA:67,5
DA:69,5
DA:70,4
DA:73,1
DA:78,1
DA:85,1
DA:87,1
DA:88,1
DA:91,0
DA:106,2
DA:108,2
DA:115,2
DA:118,2
DA:119,1
DA:120,1
DA:123,2
DA:124,1
DA:125,1
DA:126,1
DA:129,2
DA:130,1
DA:131,1
DA:134,2
DA:135,1
DA:136,1
DA:139,2
DA:140,1
DA:141,1
DA:142,0
DA:146,2
DA:147,2
DA:149,2
DA:150,2
DA:153,2
DA:155,2
DA:156,2
DA:167,0
DA:169,0
DA:170,0
DA:172,0
DA:173,0
DA:174,0
DA:177,0
DA:178,0
DA:179,0
DA:180,0
DA:183,0
DA:184,0
DA:185,0
DA:188,0
DA:189,0
DA:190,0
DA:193,0
DA:194,0
DA:195,0
DA:196,0
DA:199,0
DA:200,0
DA:205,2
DA:210,2
DA:211,2
DA:213,2
DA:214,3
DA:215,2
DA:216,2
DA:220,2
DA:221,1
DA:224,1
DA:226,1
DA:227,1
DA:230,1
DA:231,1
DA:233,1
DA:238,4
DA:239,1
DA:242,3
DA:243,3
DA:245,3
DA:246,3
DA:248,3
DA:253,4
DA:254,2
DA:257,2
DA:258,1
DA:261,1
DA:262,1
DA:267,2
DA:268,1
DA:271,1
DA:272,1
DA:277,1
DA:278,1
DA:279,1
DA:280,1
DA:285,0
DA:286,0
DA:287,0
DA:288,0
DA:293,3
DA:298,3
DA:303,0
DA:312,0
DA:313,0
DA:318,1
DA:326,1
DA:327,2
DA:332,0
DA:340,0
DA:341,0
DA:346,1
DA:369,2
LF:135
LH:101
BRDA:39,0,0,3
BRDA:39,0,1,2
BRDA:42,1,0,3
BRDA:42,1,1,3
BRDA:43,2,0,3
BRDA:43,2,1,2
BRDA:44,3,0,3
BRDA:44,3,1,2
BRDA:45,4,0,3
BRDA:45,4,1,2
BRDA:46,5,0,3
BRDA:46,5,1,3
BRDA:47,6,0,3
BRDA:47,6,1,3
BRDA:48,7,0,3
BRDA:48,7,1,3
BRDA:51,8,0,2
BRDA:51,8,1,1
BRDA:69,9,0,4
BRDA:69,9,1,1
BRDA:87,10,0,1
BRDA:87,10,1,0
BRDA:95,11,0,1
BRDA:97,12,0,2
BRDA:98,13,0,2
BRDA:99,14,0,1
BRDA:100,15,0,1
BRDA:101,16,0,2
BRDA:102,17,0,2
BRDA:103,18,0,1
BRDA:104,19,0,1
BRDA:105,20,0,1
BRDA:118,21,0,1
BRDA:118,21,1,1
BRDA:123,22,0,1
BRDA:123,22,1,1
BRDA:129,23,0,1
BRDA:129,23,1,1
BRDA:134,24,0,1
BRDA:134,24,1,1
BRDA:139,25,0,1
BRDA:139,25,1,1
BRDA:141,26,0,0
BRDA:141,26,1,1
BRDA:149,27,0,2
BRDA:149,27,1,0
BRDA:149,28,0,2
BRDA:149,28,1,2
BRDA:160,29,0,0
BRDA:162,30,0,0
BRDA:163,31,0,0
BRDA:164,32,0,0
BRDA:165,33,0,0
BRDA:166,34,0,0
BRDA:172,35,0,0
BRDA:172,35,1,0
BRDA:177,36,0,0
BRDA:177,36,1,0
BRDA:183,37,0,0
BRDA:183,37,1,0
BRDA:188,38,0,0
BRDA:188,38,1,0
BRDA:193,39,0,0
BRDA:193,39,1,0
BRDA:195,40,0,0
BRDA:195,40,1,0
BRDA:214,41,0,2
BRDA:214,41,1,1
BRDA:214,42,0,3
BRDA:214,42,1,2
BRDA:220,43,0,1
BRDA:220,43,1,1
BRDA:238,44,0,1
BRDA:238,44,1,3
BRDA:253,45,0,2
BRDA:253,45,1,2
BRDA:257,46,0,1
BRDA:257,46,1,1
BRDA:267,47,0,1
BRDA:267,47,1,1
BRDA:297,48,0,1
BRDA:298,49,0,3
BRDA:298,49,1,1
BRDA:302,50,0,0
BRDA:317,51,0,0
BRF:85
BRH:62
end_of_record
TN:
SF:models/User.js
FN:5,(anonymous_0)
FN:18,(anonymous_1)
FN:47,(anonymous_2)
FN:59,(anonymous_3)
FN:71,(anonymous_4)
FN:85,(anonymous_5)
FN:89,(anonymous_6)
FN:118,(anonymous_7)
FN:136,(anonymous_8)
FN:141,(anonymous_9)
FN:149,(anonymous_10)
FN:157,(anonymous_11)
FN:164,(anonymous_12)
FN:176,(anonymous_13)
FN:180,(anonymous_14)
FNF:15
FNH:15
FNDA:21,(anonymous_0)
FNDA:3,(anonymous_1)
FNDA:7,(anonymous_2)
FNDA:2,(anonymous_3)
FNDA:2,(anonymous_4)
FNDA:3,(anonymous_5)
FNDA:3,(anonymous_6)
FNDA:2,(anonymous_7)
FNDA:2,(anonymous_8)
FNDA:1,(anonymous_9)
FNDA:1,(anonymous_10)
FNDA:1,(anonymous_11)
FNDA:1,(anonymous_12)
FNDA:1,(anonymous_13)
FNDA:1,(anonymous_14)
DA:1,1
DA:2,1
DA:6,21
DA:7,21
DA:8,21
DA:9,21
DA:10,21
DA:11,21
DA:12,21
DA:13,21
DA:14,21
DA:19,3
DA:22,3
DA:24,3
DA:30,3
DA:39,3
DA:40,2
DA:43,1
DA:48,7
DA:49,7
DA:51,7
DA:52,5
DA:55,2
DA:60,2
DA:61,2
DA:63,2
DA:64,1
DA:67,1
DA:73,2
DA:74,2
DA:76,2
DA:84,2
DA:85,3
DA:90,3
DA:91,3
DA:92,3
DA:94,3
DA:95,7
DA:96,3
DA:97,3
DA:101,3
DA:102,1
DA:105,2
DA:107,2
DA:108,2
DA:111,2
DA:112,2
DA:114,2
DA:120,2
DA:121,2
DA:122,1
DA:126,1
DA:128,1
DA:129,1
DA:131,1
DA:132,1
DA:137,2
DA:142,1
DA:143,1
DA:144,1
DA:145,1
DA:150,1
DA:151,1
DA:152,1
DA:153,1
DA:158,1
DA:159,1
DA:160,1
DA:165,1
DA:174,1
DA:175,1
DA:176,1
DA:181,1
DA:182,1
DA:186,1
LF:75
LH:75
BRDA:35,0,0,3
BRDA:35,0,1,2
BRDA:36,1,0,3
BRDA:36,1,1,2
BRDA:39,2,0,2
BRDA:39,2,1,1
BRDA:51,3,0,5
BRDA:51,3,1,2
BRDA:63,4,0,1
BRDA:63,4,1,1
BRDA:71,5,0,1
BRDA:71,6,0,1
BRDA:73,7,0,2
BRDA:73,7,1,0
BRDA:74,8,0,2
BRDA:74,8,1,1
BRDA:95,9,0,3
BRDA:95,9,1,4
BRDA:95,10,0,7
BRDA:95,10,1,3
BRDA:101,11,0,1
BRDA:101,11,1,2
BRDA:121,12,0,1
BRDA:121,12,1,1
BRDA:164,13,0,1
BRDA:164,14,0,1
BRF:26
BRH:25
end_of_record
