TN:
SF:ecosystem.config.js
FNF:0
FNH:0
DA:1,0
LF:1
LH:0
BRF:0
BRH:0
end_of_record
TN:
SF:config/database-mysql.js
FN:32,getConnection
FN:46,testConnection
FN:79,executeQuery
FN:106,executeTransaction
FN:131,initializeTables
FN:256,(anonymous_5)
FN:278,(anonymous_6)
FN:321,insertSampleData
FN:356,closeConnection
FNF:9
FNH:0
FNDA:0,getConnection
FNDA:0,testConnection
FNDA:0,executeQuery
FNDA:0,executeTransaction
FNDA:0,initializeTables
FNDA:0,(anonymous_5)
FNDA:0,(anonymous_6)
FNDA:0,insertSampleData
FNDA:0,closeConnection
DA:1,0
DA:2,0
DA:5,0
DA:20,0
DA:21,0
DA:22,0
DA:23,0
DA:24,0
DA:25,0
DA:26,0
DA:33,0
DA:34,0
DA:35,0
DA:36,0
DA:38,0
DA:40,0
DA:41,0
DA:47,0
DA:48,0
DA:49,0
DA:59,0
DA:60,0
DA:61,0
DA:62,0
DA:63,0
DA:64,0
DA:66,0
DA:74,0
DA:80,0
DA:81,0
DA:82,0
DA:83,0
DA:85,0
DA:96,0
DA:97,0
DA:98,0
DA:101,0
DA:107,0
DA:108,0
DA:110,0
DA:111,0
DA:113,0
DA:114,0
DA:115,0
DA:116,0
DA:119,0
DA:120,0
DA:122,0
DA:123,0
DA:124,0
DA:126,0
DA:132,0
DA:133,0
DA:136,0
DA:137,0
DA:140,0
DA:156,0
DA:172,0
DA:173,0
DA:180,0
DA:181,0
DA:185,0
DA:188,0
DA:192,0
DA:193,0
DA:200,0
DA:201,0
DA:205,0
DA:208,0
DA:212,0
DA:223,0
DA:248,0
DA:249,0
DA:256,0
DA:257,0
DA:258,0
DA:259,0
DA:261,0
DA:262,0
DA:263,0
DA:266,0
DA:270,0
DA:271,0
DA:278,0
DA:279,0
DA:280,0
DA:284,0
DA:287,0
DA:291,0
DA:292,0
DA:294,0
DA:297,0
DA:298,0
DA:300,0
DA:303,0
DA:304,0
DA:306,0
DA:309,0
DA:312,0
DA:315,0
DA:316,0
DA:322,0
DA:324,0
DA:325,0
DA:326,0
DA:327,0
DA:331,0
DA:340,0
DA:348,0
DA:350,0
DA:351,0
DA:357,0
DA:358,0
DA:359,0
DA:360,0
DA:363,0
DA:368,0
DA:369,0
DA:371,0
LF:119
LH:0
BRDA:6,0,0,0
BRDA:6,0,1,0
BRDA:7,1,0,0
BRDA:7,1,1,0
BRDA:8,2,0,0
BRDA:8,2,1,0
BRDA:9,3,0,0
BRDA:9,3,1,0
BRDA:10,4,0,0
BRDA:10,4,1,0
BRDA:11,5,0,0
BRDA:11,5,1,0
BRDA:11,6,0,0
BRDA:11,6,1,0
BRDA:25,7,0,0
BRDA:25,7,1,0
BRDA:26,8,0,0
BRDA:26,8,1,0
BRDA:34,9,0,0
BRDA:34,9,1,0
BRDA:50,10,0,0
BRDA:50,10,1,0
BRDA:51,11,0,0
BRDA:51,11,1,0
BRDA:52,12,0,0
BRDA:52,12,1,0
BRDA:53,13,0,0
BRDA:53,13,1,0
BRDA:54,14,0,0
BRDA:54,14,1,0
BRDA:55,15,0,0
BRDA:55,15,1,0
BRDA:56,16,0,0
BRDA:56,16,1,0
BRDA:79,17,0,0
BRDA:91,18,0,0
BRDA:91,18,1,0
BRDA:92,19,0,0
BRDA:92,19,1,0
BRDA:96,20,0,0
BRDA:96,20,1,0
BRDA:96,21,0,0
BRDA:96,21,1,0
BRDA:96,21,2,0
BRDA:180,22,0,0
BRDA:180,22,1,0
BRDA:200,23,0,0
BRDA:200,23,1,0
BRDA:257,24,0,0
BRDA:257,24,1,0
BRDA:261,25,0,0
BRDA:261,25,1,0
BRDA:279,26,0,0
BRDA:279,26,1,0
BRDA:279,27,0,0
BRDA:279,27,1,0
BRDA:294,28,0,0
BRDA:294,28,1,0
BRDA:300,29,0,0
BRDA:300,29,1,0
BRDA:306,30,0,0
BRDA:306,30,1,0
BRDA:325,31,0,0
BRDA:325,31,1,0
BRDA:358,32,0,0
BRDA:358,32,1,0
BRF:66
BRH:0
end_of_record
TN:
SF:middleware/auth.js
FN:6,(anonymous_0)
FN:57,(anonymous_1)
FN:93,(anonymous_2)
FN:148,(anonymous_3)
FN:149,(anonymous_4)
FN:175,(anonymous_5)
FN:194,(anonymous_6)
FN:234,(anonymous_7)
FN:239,(anonymous_8)
FN:250,(anonymous_9)
FNF:10
FNH:8
FNDA:4,(anonymous_0)
FNDA:0,(anonymous_1)
FNDA:4,(anonymous_2)
FNDA:3,(anonymous_3)
FNDA:3,(anonymous_4)
FNDA:2,(anonymous_5)
FNDA:0,(anonymous_6)
FNDA:3,(anonymous_7)
FNDA:1,(anonymous_8)
FNDA:2,(anonymous_9)
DA:1,1
DA:2,1
DA:3,1
DA:6,1
DA:7,4
DA:8,4
DA:10,4
DA:11,1
DA:17,3
DA:19,3
DA:20,0
DA:27,3
DA:30,1
DA:31,1
DA:33,1
DA:35,2
DA:36,1
DA:42,1
DA:43,1
DA:49,0
DA:57,1
DA:58,0
DA:59,0
DA:60,0
DA:66,0
DA:68,0
DA:69,0
DA:75,0
DA:76,0
DA:82,0
DA:83,0
DA:85,0
DA:93,1
DA:94,4
DA:95,4
DA:96,1
DA:100,1
DA:106,3
DA:107,3
DA:109,3
DA:110,1
DA:111,1
DA:117,2
DA:119,2
DA:120,0
DA:121,0
DA:128,2
DA:129,1
DA:130,1
DA:134,2
DA:136,2
DA:137,2
DA:139,0
DA:140,0
DA:148,1
DA:149,3
DA:150,3
DA:151,1
DA:152,1
DA:158,2
DA:159,2
DA:160,2
DA:162,2
DA:163,1
DA:164,1
DA:170,1
DA:175,1
DA:176,2
DA:177,0
DA:183,2
DA:184,1
DA:190,1
DA:194,1
DA:195,0
DA:196,0
DA:198,0
DA:199,0
DA:202,0
DA:204,0
DA:205,0
DA:208,0
DA:209,0
DA:210,0
DA:213,0
DA:214,0
DA:215,0
DA:216,0
DA:218,0
DA:219,0
DA:220,0
DA:221,0
DA:222,0
DA:226,0
DA:229,0
DA:234,1
DA:235,3
DA:239,1
DA:240,1
DA:246,1
DA:250,1
DA:251,2
DA:258,2
DA:261,1
LF:103
LH:64
BRDA:10,0,0,1
BRDA:10,0,1,3
BRDA:10,1,0,4
BRDA:10,1,1,3
BRDA:19,2,0,0
BRDA:19,2,1,3
BRDA:35,3,0,1
BRDA:35,3,1,1
BRDA:42,4,0,1
BRDA:42,4,1,0
BRDA:59,5,0,0
BRDA:59,5,1,0
BRDA:59,6,0,0
BRDA:59,6,1,0
BRDA:68,7,0,0
BRDA:68,7,1,0
BRDA:75,8,0,0
BRDA:75,8,1,0
BRDA:95,9,0,1
BRDA:95,9,1,3
BRDA:95,10,0,4
BRDA:95,10,1,4
BRDA:109,11,0,1
BRDA:109,11,1,2
BRDA:117,12,0,2
BRDA:117,12,1,1
BRDA:119,13,0,0
BRDA:119,13,1,2
BRDA:128,14,0,1
BRDA:128,14,1,1
BRDA:150,15,0,1
BRDA:150,15,1,2
BRDA:158,16,0,2
BRDA:158,16,1,0
BRDA:162,17,0,1
BRDA:162,17,1,1
BRDA:163,18,0,1
BRDA:163,18,1,0
BRDA:176,19,0,0
BRDA:176,19,1,2
BRDA:183,20,0,1
BRDA:183,20,1,1
BRDA:198,21,0,0
BRDA:198,21,1,0
BRDA:198,22,0,0
BRDA:198,22,1,0
BRDA:204,23,0,0
BRDA:204,23,1,0
BRDA:213,24,0,0
BRDA:213,24,1,0
BRDA:215,25,0,0
BRDA:215,25,1,0
BRDA:215,26,0,0
BRDA:215,26,1,0
BRDA:218,27,0,0
BRDA:218,27,1,0
BRDA:220,28,0,0
BRDA:220,28,1,0
BRDA:220,29,0,0
BRDA:220,29,1,0
BRDA:234,30,0,3
BRDA:234,31,0,3
BRDA:234,31,1,0
BRDA:255,32,0,2
BRDA:255,32,1,1
BRF:65
BRH:32
end_of_record
TN:
SF:middleware/upload.js
FN:8,(anonymous_0)
FN:20,(anonymous_1)
FN:31,(anonymous_2)
FN:63,(anonymous_3)
FN:100,(anonymous_4)
FN:133,(anonymous_5)
FN:152,(anonymous_6)
FNF:7
FNH:0
FNDA:0,(anonymous_0)
FNDA:0,(anonymous_1)
FNDA:0,(anonymous_2)
FNDA:0,(anonymous_3)
FNDA:0,(anonymous_4)
FNDA:0,(anonymous_5)
FNDA:0,(anonymous_6)
DA:1,0
DA:2,0
DA:3,0
DA:4,0
DA:7,0
DA:9,0
DA:10,0
DA:13,0
DA:15,0
DA:17,0
DA:22,0
DA:23,0
DA:24,0
DA:26,0
DA:31,0
DA:33,0
DA:42,0
DA:43,0
DA:45,0
DA:46,0
DA:48,0
DA:53,0
DA:63,0
DA:64,0
DA:65,0
DA:67,0
DA:72,0
DA:77,0
DA:82,0
DA:89,0
DA:90,0
DA:96,0
DA:100,0
DA:101,0
DA:102,0
DA:105,0
DA:107,0
DA:108,0
DA:111,0
DA:112,0
DA:114,0
DA:117,0
DA:118,0
DA:119,0
DA:121,0
DA:125,0
DA:133,0
DA:134,0
DA:136,0
DA:138,0
DA:139,0
DA:140,0
DA:142,0
DA:143,0
DA:144,0
DA:146,0
DA:152,0
DA:153,0
DA:154,0
DA:155,0
DA:159,0
DA:161,0
DA:166,0
LF:63
LH:0
BRDA:10,0,0,0
BRDA:10,0,1,0
BRDA:45,1,0,0
BRDA:45,1,1,0
BRDA:45,2,0,0
BRDA:45,2,1,0
BRDA:57,3,0,0
BRDA:57,3,1,0
BRDA:64,4,0,0
BRDA:64,4,1,0
BRDA:65,5,0,0
BRDA:65,5,1,0
BRDA:65,5,2,0
BRDA:65,5,3,0
BRDA:69,6,0,0
BRDA:69,6,1,0
BRDA:89,7,0,0
BRDA:89,7,1,0
BRDA:101,8,0,0
BRDA:101,8,1,0
BRDA:117,9,0,0
BRDA:117,9,1,0
BRDA:117,10,0,0
BRDA:117,10,1,0
BRDA:134,11,0,0
BRDA:134,11,1,0
BRDA:139,12,0,0
BRDA:139,12,1,0
BRDA:154,13,0,0
BRDA:154,13,1,0
BRF:30
BRH:0
end_of_record
TN:
SF:middleware/validation.js
FN:4,(anonymous_0)
FN:9,(anonymous_1)
FN:20,(anonymous_2)
FN:22,(anonymous_3)
FN:54,(anonymous_4)
FN:61,(anonymous_5)
FN:70,(anonymous_6)
FN:100,(anonymous_7)
FN:101,(anonymous_8)
FN:117,(anonymous_9)
FN:118,(anonymous_10)
FN:124,(anonymous_11)
FN:142,(anonymous_12)
FN:143,(anonymous_13)
FN:153,(anonymous_14)
FN:169,(anonymous_15)
FN:170,(anonymous_16)
FN:177,(anonymous_17)
FN:187,(anonymous_18)
FNF:19
FNH:0
FNDA:0,(anonymous_0)
FNDA:0,(anonymous_1)
FNDA:0,(anonymous_2)
FNDA:0,(anonymous_3)
FNDA:0,(anonymous_4)
FNDA:0,(anonymous_5)
FNDA:0,(anonymous_6)
FNDA:0,(anonymous_7)
FNDA:0,(anonymous_8)
FNDA:0,(anonymous_9)
FNDA:0,(anonymous_10)
FNDA:0,(anonymous_11)
FNDA:0,(anonymous_12)
FNDA:0,(anonymous_13)
FNDA:0,(anonymous_14)
FNDA:0,(anonymous_15)
FNDA:0,(anonymous_16)
FNDA:0,(anonymous_17)
FNDA:0,(anonymous_18)
DA:1,0
DA:4,0
DA:5,0
DA:6,0
DA:7,0
DA:9,0
DA:16,0
DA:20,0
DA:22,0
DA:23,0
DA:24,0
DA:26,0
DA:27,0
DA:29,0
DA:30,0
DA:31,0
DA:32,0
DA:34,0
DA:36,0
DA:40,0
DA:41,0
DA:43,0
DA:44,0
DA:46,0
DA:47,0
DA:50,0
DA:54,0
DA:55,0
DA:58,0
DA:61,0
DA:62,0
DA:63,0
DA:66,0
DA:70,0
DA:71,0
DA:72,0
DA:75,0
DA:76,0
DA:82,0
DA:83,0
DA:90,0
DA:96,0
DA:100,0
DA:101,0
DA:102,0
DA:104,0
DA:105,0
DA:111,0
DA:112,0
DA:117,0
DA:118,0
DA:119,0
DA:124,0
DA:125,0
DA:126,0
DA:128,0
DA:129,0
DA:132,0
DA:138,0
DA:142,0
DA:143,0
DA:144,0
DA:146,0
DA:147,0
DA:153,0
DA:154,0
DA:157,0
DA:158,0
DA:164,0
DA:169,0
DA:170,0
DA:171,0
DA:172,0
DA:177,0
DA:178,0
DA:185,0
DA:187,0
DA:188,0
DA:189,0
DA:190,0
DA:192,0
DA:193,0
DA:196,0
DA:197,0
DA:200,0
DA:204,0
LF:86
LH:0
BRDA:6,0,0,0
BRDA:6,0,1,0
BRDA:10,1,0,0
BRDA:10,1,1,0
BRDA:23,2,0,0
BRDA:23,2,1,0
BRDA:26,3,0,0
BRDA:26,3,1,0
BRDA:29,4,0,0
BRDA:29,4,1,0
BRDA:29,5,0,0
BRDA:29,5,1,0
BRDA:40,6,0,0
BRDA:40,6,1,0
BRDA:43,7,0,0
BRDA:43,7,1,0
BRDA:46,8,0,0
BRDA:46,8,1,0
BRDA:71,9,0,0
BRDA:71,9,1,0
BRDA:72,10,0,0
BRDA:72,10,1,0
BRDA:75,11,0,0
BRDA:75,11,1,0
BRDA:82,12,0,0
BRDA:82,12,1,0
BRDA:82,13,0,0
BRDA:82,13,1,0
BRDA:100,14,0,0
BRDA:104,15,0,0
BRDA:104,15,1,0
BRDA:104,16,0,0
BRDA:104,16,1,0
BRDA:125,17,0,0
BRDA:125,17,1,0
BRDA:128,18,0,0
BRDA:128,18,1,0
BRDA:142,19,0,0
BRDA:146,20,0,0
BRDA:146,20,1,0
BRDA:157,21,0,0
BRDA:157,21,1,0
BRDA:169,22,0,0
BRDA:177,23,0,0
BRDA:179,24,0,0
BRDA:179,24,1,0
BRDA:192,25,0,0
BRDA:192,25,1,0
BRDA:196,26,0,0
BRDA:196,26,1,0
BRF:50
BRH:0
end_of_record
TN:
SF:models/Admin.js
FN:5,(anonymous_0)
FN:18,(anonymous_1)
FN:39,(anonymous_2)
FN:51,(anonymous_3)
FN:63,(anonymous_4)
FN:77,(anonymous_5)
FN:81,(anonymous_6)
FN:110,(anonymous_7)
FN:128,(anonymous_8)
FN:133,(anonymous_9)
FN:141,(anonymous_10)
FN:149,(anonymous_11)
FN:157,(anonymous_12)
FN:162,(anonymous_13)
FN:177,(anonymous_14)
FN:184,(anonymous_15)
FN:196,(anonymous_16)
FN:200,(anonymous_17)
FN:213,(anonymous_18)
FNF:19
FNH:10
FNDA:19,(anonymous_0)
FNDA:2,(anonymous_1)
FNDA:5,(anonymous_2)
FNDA:1,(anonymous_3)
FNDA:0,(anonymous_4)
FNDA:0,(anonymous_5)
FNDA:2,(anonymous_6)
FNDA:0,(anonymous_7)
FNDA:0,(anonymous_8)
FNDA:1,(anonymous_9)
FNDA:0,(anonymous_10)
FNDA:0,(anonymous_11)
FNDA:2,(anonymous_12)
FNDA:11,(anonymous_13)
FNDA:0,(anonymous_14)
FNDA:0,(anonymous_15)
FNDA:0,(anonymous_16)
FNDA:1,(anonymous_17)
FNDA:2,(anonymous_18)
DA:1,1
DA:2,1
DA:6,19
DA:7,19
DA:8,19
DA:9,19
DA:10,19
DA:11,19
DA:12,19
DA:13,19
DA:14,19
DA:19,2
DA:22,2
DA:24,2
DA:29,2
DA:31,2
DA:32,2
DA:35,0
DA:40,5
DA:41,5
DA:43,5
DA:44,4
DA:47,1
DA:52,1
DA:53,1
DA:55,1
DA:56,1
DA:59,0
DA:65,0
DA:66,0
DA:68,0
DA:76,0
DA:77,0
DA:82,2
DA:83,2
DA:84,2
DA:86,2
DA:87,4
DA:88,2
DA:89,2
DA:93,2
DA:94,1
DA:97,1
DA:99,1
DA:100,1
DA:103,1
DA:104,1
DA:106,1
DA:112,0
DA:113,0
DA:114,0
DA:118,0
DA:120,0
DA:121,0
DA:123,0
DA:124,0
DA:129,0
DA:134,1
DA:135,1
DA:136,1
DA:137,1
DA:142,0
DA:143,0
DA:144,0
DA:145,0
DA:150,0
DA:151,0
DA:152,0
DA:153,0
DA:158,2
DA:164,11
DA:166,11
DA:173,11
DA:178,0
DA:179,0
DA:180,0
DA:185,0
DA:194,0
DA:195,0
DA:196,0
DA:203,1
DA:214,2
DA:216,2
DA:217,0
DA:219,2
DA:223,1
LF:86
LH:54
BRDA:11,0,0,19
BRDA:11,0,1,3
BRDA:19,1,0,1
BRDA:31,2,0,2
BRDA:31,2,1,0
BRDA:43,3,0,4
BRDA:43,3,1,1
BRDA:55,4,0,1
BRDA:55,4,1,0
BRDA:63,5,0,0
BRDA:63,6,0,0
BRDA:65,7,0,0
BRDA:65,7,1,0
BRDA:66,8,0,0
BRDA:66,8,1,0
BRDA:87,9,0,2
BRDA:87,9,1,2
BRDA:87,10,0,4
BRDA:87,10,1,2
BRDA:93,11,0,1
BRDA:93,11,1,1
BRDA:113,12,0,0
BRDA:113,12,1,0
BRDA:164,13,0,11
BRDA:164,13,1,0
BRDA:173,14,0,11
BRDA:173,14,1,4
BRDA:184,15,0,0
BRDA:184,16,0,0
BRDA:206,17,0,1
BRDA:206,17,1,0
BRDA:216,18,0,0
BRDA:216,18,1,2
BRF:33
BRH:18
end_of_record
TN:
SF:models/Category.js
FN:4,(anonymous_0)
FN:14,(anonymous_1)
FN:32,(anonymous_2)
FN:51,(anonymous_3)
FN:70,(anonymous_4)
FN:91,(anonymous_5)
FN:95,(anonymous_6)
FN:107,(anonymous_7)
FN:111,(anonymous_8)
FN:140,(anonymous_9)
FN:154,(anonymous_10)
FN:162,(anonymous_11)
FN:191,(anonymous_12)
FN:195,(anonymous_13)
FN:202,(anonymous_14)
FN:233,(anonymous_15)
FN:240,(anonymous_16)
FN:254,(anonymous_17)
FN:258,(anonymous_18)
FN:264,(anonymous_19)
FNF:20
FNH:11
FNDA:15,(anonymous_0)
FNDA:2,(anonymous_1)
FNDA:3,(anonymous_2)
FNDA:1,(anonymous_3)
FNDA:2,(anonymous_4)
FNDA:3,(anonymous_5)
FNDA:0,(anonymous_6)
FNDA:0,(anonymous_7)
FNDA:0,(anonymous_8)
FNDA:2,(anonymous_9)
FNDA:0,(anonymous_10)
FNDA:0,(anonymous_11)
FNDA:0,(anonymous_12)
FNDA:5,(anonymous_13)
FNDA:1,(anonymous_14)
FNDA:0,(anonymous_15)
FNDA:0,(anonymous_16)
FNDA:0,(anonymous_17)
FNDA:2,(anonymous_18)
FNDA:1,(anonymous_19)
DA:1,1
DA:5,15
DA:6,15
DA:7,15
DA:8,15
DA:9,15
DA:10,15
DA:15,2
DA:17,2
DA:22,2
DA:24,2
DA:25,1
DA:28,1
DA:33,3
DA:41,3
DA:43,3
DA:44,2
DA:47,1
DA:52,1
DA:60,1
DA:62,1
DA:63,1
DA:66,0
DA:73,2
DA:74,1
DA:83,1
DA:90,2
DA:91,3
DA:96,0
DA:106,0
DA:107,0
DA:112,0
DA:113,0
DA:114,0
DA:116,0
DA:117,0
DA:118,0
DA:119,0
DA:123,0
DA:124,0
DA:127,0
DA:129,0
DA:130,0
DA:133,0
DA:134,0
DA:136,0
DA:142,2
DA:143,2
DA:144,1
DA:147,1
DA:148,1
DA:149,1
DA:150,1
DA:155,0
DA:156,0
DA:157,0
DA:158,0
DA:168,0
DA:170,0
DA:171,0
DA:173,0
DA:174,0
DA:175,0
DA:178,0
DA:187,0
DA:190,0
DA:191,0
DA:196,5
DA:197,5
DA:198,5
DA:203,1
DA:216,1
DA:217,1
DA:219,1
DA:234,0
DA:235,0
DA:236,0
DA:241,0
DA:252,0
DA:253,0
DA:254,0
DA:259,2
DA:260,2
DA:265,1
DA:276,1
LF:85
LH:45
BRDA:10,0,0,15
BRDA:10,0,1,10
BRDA:24,1,0,1
BRDA:24,1,1,1
BRDA:43,2,0,2
BRDA:43,2,1,1
BRDA:62,3,0,1
BRDA:62,3,1,0
BRDA:70,4,0,0
BRDA:73,5,0,1
BRDA:73,5,1,1
BRDA:117,6,0,0
BRDA:117,6,1,0
BRDA:117,7,0,0
BRDA:117,7,1,0
BRDA:123,8,0,0
BRDA:123,8,1,0
BRDA:143,9,0,1
BRDA:143,9,1,1
BRDA:162,10,0,0
BRDA:164,11,0,0
BRDA:165,12,0,0
BRDA:166,13,0,0
BRDA:167,14,0,0
BRDA:174,15,0,0
BRDA:174,15,1,0
BRDA:174,16,0,0
BRDA:174,16,1,0
BRDA:222,17,0,1
BRDA:222,17,1,0
BRDA:223,18,0,1
BRDA:223,18,1,0
BRDA:224,19,0,1
BRDA:224,19,1,0
BRDA:225,20,0,1
BRDA:225,20,1,0
BRDA:226,21,0,1
BRDA:226,21,1,0
BRDA:227,22,0,1
BRDA:227,22,1,0
BRDA:228,23,0,1
BRDA:228,23,1,0
BRDA:240,24,0,0
BRDA:240,25,0,0
BRF:44
BRH:18
end_of_record
TN:
SF:models/Product.js
FN:4,(anonymous_0)
FN:24,(anonymous_1)
FN:59,(anonymous_2)
FN:77,(anonymous_3)
FN:95,(anonymous_4)
FN:156,(anonymous_5)
FN:160,(anonymous_6)
FN:204,(anonymous_7)
FN:237,(anonymous_8)
FN:252,(anonymous_9)
FN:266,(anonymous_10)
FN:276,(anonymous_11)
FN:284,(anonymous_12)
FN:292,(anonymous_13)
FN:297,(anonymous_14)
FN:302,(anonymous_15)
FN:313,(anonymous_16)
FN:317,(anonymous_17)
FN:327,(anonymous_18)
FN:331,(anonymous_19)
FN:341,(anonymous_20)
FN:345,(anonymous_21)
FNF:22
FNH:8
FNDA:9,(anonymous_0)
FNDA:3,(anonymous_1)
FNDA:5,(anonymous_2)
FNDA:2,(anonymous_3)
FNDA:0,(anonymous_4)
FNDA:0,(anonymous_5)
FNDA:0,(anonymous_6)
FNDA:1,(anonymous_7)
FNDA:0,(anonymous_8)
FNDA:0,(anonymous_9)
FNDA:0,(anonymous_10)
FNDA:1,(anonymous_11)
FNDA:0,(anonymous_12)
FNDA:0,(anonymous_13)
FNDA:0,(anonymous_14)
FNDA:0,(anonymous_15)
FNDA:0,(anonymous_16)
FNDA:1,(anonymous_17)
FNDA:1,(anonymous_18)
FNDA:0,(anonymous_19)
FNDA:0,(anonymous_20)
FNDA:0,(anonymous_21)
DA:1,1
DA:5,9
DA:6,9
DA:7,9
DA:8,9
DA:9,9
DA:10,9
DA:11,9
DA:12,9
DA:13,9
DA:14,9
DA:15,9
DA:16,9
DA:17,9
DA:18,9
DA:19,9
DA:20,9
DA:28,3
DA:30,3
DA:37,3
DA:51,3
DA:52,2
DA:55,1
DA:60,5
DA:67,5
DA:69,5
DA:70,4
DA:73,1
DA:78,2
DA:85,2
DA:87,2
DA:88,1
DA:91,1
DA:106,0
DA:108,0
DA:115,0
DA:118,0
DA:119,0
DA:120,0
DA:123,0
DA:124,0
DA:125,0
DA:126,0
DA:129,0
DA:130,0
DA:131,0
DA:134,0
DA:135,0
DA:136,0
DA:139,0
DA:140,0
DA:141,0
DA:142,0
DA:146,0
DA:147,0
DA:149,0
DA:150,0
DA:153,0
DA:155,0
DA:156,0
DA:167,0
DA:169,0
DA:170,0
DA:172,0
DA:173,0
DA:174,0
DA:177,0
DA:178,0
DA:179,0
DA:180,0
DA:183,0
DA:184,0
DA:185,0
DA:188,0
DA:189,0
DA:190,0
DA:193,0
DA:194,0
DA:195,0
DA:196,0
DA:199,0
DA:200,0
DA:205,1
DA:210,1
DA:211,1
DA:213,1
DA:214,3
DA:215,3
DA:216,3
DA:220,1
DA:221,0
DA:224,1
DA:226,1
DA:227,1
DA:230,1
DA:231,1
DA:233,1
DA:238,0
DA:239,0
DA:242,0
DA:243,0
DA:245,0
DA:246,0
DA:248,0
DA:253,0
DA:254,0
DA:257,0
DA:258,0
DA:261,0
DA:262,0
DA:267,0
DA:268,0
DA:271,0
DA:272,0
DA:277,1
DA:278,1
DA:279,1
DA:280,1
DA:285,0
DA:286,0
DA:287,0
DA:288,0
DA:293,0
DA:298,0
DA:303,0
DA:312,0
DA:313,0
DA:318,1
DA:326,1
DA:327,1
DA:332,0
DA:340,0
DA:341,0
DA:346,0
DA:369,1
LF:135
LH:55
BRDA:39,0,0,3
BRDA:39,0,1,2
BRDA:42,1,0,3
BRDA:42,1,1,3
BRDA:43,2,0,3
BRDA:43,2,1,2
BRDA:44,3,0,3
BRDA:44,3,1,2
BRDA:45,4,0,3
BRDA:45,4,1,2
BRDA:46,5,0,3
BRDA:46,5,1,2
BRDA:47,6,0,3
BRDA:47,6,1,2
BRDA:48,7,0,3
BRDA:48,7,1,2
BRDA:51,8,0,2
BRDA:51,8,1,1
BRDA:69,9,0,4
BRDA:69,9,1,1
BRDA:87,10,0,1
BRDA:87,10,1,1
BRDA:95,11,0,0
BRDA:97,12,0,0
BRDA:98,13,0,0
BRDA:99,14,0,0
BRDA:100,15,0,0
BRDA:101,16,0,0
BRDA:102,17,0,0
BRDA:103,18,0,0
BRDA:104,19,0,0
BRDA:105,20,0,0
BRDA:118,21,0,0
BRDA:118,21,1,0
BRDA:123,22,0,0
BRDA:123,22,1,0
BRDA:129,23,0,0
BRDA:129,23,1,0
BRDA:134,24,0,0
BRDA:134,24,1,0
BRDA:139,25,0,0
BRDA:139,25,1,0
BRDA:141,26,0,0
BRDA:141,26,1,0
BRDA:149,27,0,0
BRDA:149,27,1,0
BRDA:149,28,0,0
BRDA:149,28,1,0
BRDA:160,29,0,0
BRDA:162,30,0,0
BRDA:163,31,0,0
BRDA:164,32,0,0
BRDA:165,33,0,0
BRDA:166,34,0,0
BRDA:172,35,0,0
BRDA:172,35,1,0
BRDA:177,36,0,0
BRDA:177,36,1,0
BRDA:183,37,0,0
BRDA:183,37,1,0
BRDA:188,38,0,0
BRDA:188,38,1,0
BRDA:193,39,0,0
BRDA:193,39,1,0
BRDA:195,40,0,0
BRDA:195,40,1,0
BRDA:214,41,0,3
BRDA:214,41,1,0
BRDA:214,42,0,3
BRDA:214,42,1,3
BRDA:220,43,0,0
BRDA:220,43,1,1
BRDA:238,44,0,0
BRDA:238,44,1,0
BRDA:253,45,0,0
BRDA:253,45,1,0
BRDA:257,46,0,0
BRDA:257,46,1,0
BRDA:267,47,0,0
BRDA:267,47,1,0
BRDA:297,48,0,0
BRDA:298,49,0,0
BRDA:298,49,1,0
BRDA:302,50,0,0
BRDA:317,51,0,0
BRF:85
BRH:26
end_of_record
TN:
SF:models/User.js
FN:5,(anonymous_0)
FN:18,(anonymous_1)
FN:47,(anonymous_2)
FN:59,(anonymous_3)
FN:71,(anonymous_4)
FN:85,(anonymous_5)
FN:89,(anonymous_6)
FN:118,(anonymous_7)
FN:136,(anonymous_8)
FN:141,(anonymous_9)
FN:149,(anonymous_10)
FN:157,(anonymous_11)
FN:164,(anonymous_12)
FN:176,(anonymous_13)
FN:180,(anonymous_14)
FNF:15
FNH:15
FNDA:19,(anonymous_0)
FNDA:2,(anonymous_1)
FNDA:5,(anonymous_2)
FNDA:2,(anonymous_3)
FNDA:2,(anonymous_4)
FNDA:4,(anonymous_5)
FNDA:2,(anonymous_6)
FNDA:2,(anonymous_7)
FNDA:2,(anonymous_8)
FNDA:1,(anonymous_9)
FNDA:1,(anonymous_10)
FNDA:1,(anonymous_11)
FNDA:1,(anonymous_12)
FNDA:1,(anonymous_13)
FNDA:1,(anonymous_14)
DA:1,1
DA:2,1
DA:6,19
DA:7,19
DA:8,19
DA:9,19
DA:10,19
DA:11,19
DA:12,19
DA:13,19
DA:14,19
DA:19,2
DA:22,2
DA:24,2
DA:30,2
DA:39,2
DA:40,1
DA:43,1
DA:48,5
DA:49,5
DA:51,4
DA:52,3
DA:55,1
DA:60,2
DA:61,2
DA:63,2
DA:64,1
DA:67,1
DA:73,2
DA:74,2
DA:76,2
DA:84,2
DA:85,4
DA:90,2
DA:91,2
DA:92,2
DA:94,2
DA:95,3
DA:96,2
DA:97,2
DA:101,2
DA:102,1
DA:105,1
DA:107,1
DA:108,1
DA:111,1
DA:112,1
DA:114,1
DA:120,2
DA:121,2
DA:122,1
DA:126,1
DA:128,1
DA:129,1
DA:131,1
DA:132,1
DA:137,2
DA:142,1
DA:143,1
DA:144,1
DA:145,1
DA:150,1
DA:151,1
DA:152,1
DA:153,1
DA:158,1
DA:159,1
DA:160,1
DA:165,1
DA:174,1
DA:175,1
DA:176,1
DA:181,1
DA:182,1
DA:186,1
LF:75
LH:75
BRDA:35,0,0,2
BRDA:35,0,1,1
BRDA:36,1,0,2
BRDA:36,1,1,1
BRDA:39,2,0,1
BRDA:39,2,1,1
BRDA:51,3,0,3
BRDA:51,3,1,1
BRDA:63,4,0,1
BRDA:63,4,1,1
BRDA:71,5,0,1
BRDA:71,6,0,1
BRDA:73,7,0,2
BRDA:73,7,1,0
BRDA:74,8,0,2
BRDA:74,8,1,2
BRDA:95,9,0,2
BRDA:95,9,1,1
BRDA:95,10,0,3
BRDA:95,10,1,2
BRDA:101,11,0,1
BRDA:101,11,1,1
BRDA:121,12,0,1
BRDA:121,12,1,1
BRDA:164,13,0,1
BRDA:164,14,0,1
BRF:26
BRH:25
end_of_record
TN:
SF:routes/auth-fixed.js
FN:52,(anonymous_0)
FN:65,getConnection
FN:78,(anonymous_2)
FN:144,(anonymous_3)
FN:210,(anonymous_4)
FN:277,(anonymous_5)
FN:292,(anonymous_6)
FNF:7
FNH:0
FNDA:0,(anonymous_0)
FNDA:0,getConnection
FNDA:0,(anonymous_2)
FNDA:0,(anonymous_3)
FNDA:0,(anonymous_4)
FNDA:0,(anonymous_5)
FNDA:0,(anonymous_6)
DA:1,0
DA:2,0
DA:9,0
DA:11,0
DA:14,0
DA:24,0
DA:52,0
DA:53,0
DA:54,0
DA:55,0
DA:61,0
DA:66,0
DA:67,0
DA:78,0
DA:80,0
DA:81,0
DA:83,0
DA:86,0
DA:91,0
DA:92,0
DA:93,0
DA:100,0
DA:101,0
DA:104,0
DA:109,0
DA:112,0
DA:123,0
DA:125,0
DA:126,0
DA:134,0
DA:135,0
DA:136,0
DA:144,0
DA:146,0
DA:147,0
DA:149,0
DA:152,0
DA:157,0
DA:159,0
DA:160,0
DA:166,0
DA:169,0
DA:170,0
DA:171,0
DA:172,0
DA:179,0
DA:190,0
DA:192,0
DA:200,0
DA:201,0
DA:202,0
DA:210,0
DA:212,0
DA:213,0
DA:214,0
DA:216,0
DA:219,0
DA:224,0
DA:226,0
DA:227,0
DA:233,0
DA:236,0
DA:237,0
DA:239,0
DA:240,0
DA:247,0
DA:257,0
DA:259,0
DA:267,0
DA:268,0
DA:269,0
DA:277,0
DA:278,0
DA:279,0
DA:283,0
DA:284,0
DA:292,0
DA:294,0
DA:295,0
DA:297,0
DA:299,0
DA:300,0
DA:305,0
DA:307,0
DA:308,0
DA:314,0
DA:319,0
DA:324,0
DA:326,0
DA:327,0
DA:333,0
DA:339,0
DA:340,0
DA:341,0
DA:348,0
LF:95
LH:0
BRDA:54,0,0,0
BRDA:54,0,1,0
BRDA:68,1,0,0
BRDA:68,1,1,0
BRDA:69,2,0,0
BRDA:69,2,1,0
BRDA:70,3,0,0
BRDA:70,3,1,0
BRDA:71,4,0,0
BRDA:71,4,1,0
BRDA:72,5,0,0
BRDA:72,5,1,0
BRDA:91,6,0,0
BRDA:91,6,1,0
BRDA:106,7,0,0
BRDA:106,7,1,0
BRDA:106,8,0,0
BRDA:106,8,1,0
BRDA:130,9,0,0
BRDA:130,9,1,0
BRDA:134,10,0,0
BRDA:134,10,1,0
BRDA:159,11,0,0
BRDA:159,11,1,0
BRDA:171,12,0,0
BRDA:171,12,1,0
BRDA:196,13,0,0
BRDA:196,13,1,0
BRDA:200,14,0,0
BRDA:200,14,1,0
BRDA:226,15,0,0
BRDA:226,15,1,0
BRDA:239,16,0,0
BRDA:239,16,1,0
BRDA:252,17,0,0
BRDA:252,17,1,0
BRDA:263,18,0,0
BRDA:263,18,1,0
BRDA:267,19,0,0
BRDA:267,19,1,0
BRDA:299,20,0,0
BRDA:299,20,1,0
BRDA:307,21,0,0
BRDA:307,21,1,0
BRDA:326,22,0,0
BRDA:326,22,1,0
BRDA:339,23,0,0
BRDA:339,23,1,0
BRF:48
BRH:0
end_of_record
TN:
SF:routes/auth.js
FN:52,(anonymous_0)
FN:65,getConnection
FN:78,(anonymous_2)
FN:144,(anonymous_3)
FN:210,(anonymous_4)
FN:277,(anonymous_5)
FN:292,(anonymous_6)
FNF:7
FNH:0
FNDA:0,(anonymous_0)
FNDA:0,getConnection
FNDA:0,(anonymous_2)
FNDA:0,(anonymous_3)
FNDA:0,(anonymous_4)
FNDA:0,(anonymous_5)
FNDA:0,(anonymous_6)
DA:1,0
DA:2,0
DA:9,0
DA:11,0
DA:14,0
DA:24,0
DA:52,0
DA:53,0
DA:54,0
DA:55,0
DA:61,0
DA:66,0
DA:67,0
DA:78,0
DA:80,0
DA:81,0
DA:83,0
DA:86,0
DA:91,0
DA:92,0
DA:93,0
DA:100,0
DA:101,0
DA:104,0
DA:109,0
DA:112,0
DA:123,0
DA:125,0
DA:126,0
DA:134,0
DA:135,0
DA:136,0
DA:144,0
DA:146,0
DA:147,0
DA:149,0
DA:152,0
DA:157,0
DA:159,0
DA:160,0
DA:166,0
DA:169,0
DA:170,0
DA:171,0
DA:172,0
DA:179,0
DA:190,0
DA:192,0
DA:200,0
DA:201,0
DA:202,0
DA:210,0
DA:212,0
DA:213,0
DA:214,0
DA:216,0
DA:219,0
DA:224,0
DA:226,0
DA:227,0
DA:233,0
DA:236,0
DA:237,0
DA:239,0
DA:240,0
DA:247,0
DA:257,0
DA:259,0
DA:267,0
DA:268,0
DA:269,0
DA:277,0
DA:278,0
DA:279,0
DA:283,0
DA:284,0
DA:292,0
DA:294,0
DA:295,0
DA:297,0
DA:299,0
DA:300,0
DA:305,0
DA:307,0
DA:308,0
DA:314,0
DA:319,0
DA:324,0
DA:326,0
DA:327,0
DA:333,0
DA:339,0
DA:340,0
DA:341,0
DA:348,0
LF:95
LH:0
BRDA:54,0,0,0
BRDA:54,0,1,0
BRDA:68,1,0,0
BRDA:68,1,1,0
BRDA:69,2,0,0
BRDA:69,2,1,0
BRDA:70,3,0,0
BRDA:70,3,1,0
BRDA:71,4,0,0
BRDA:71,4,1,0
BRDA:72,5,0,0
BRDA:72,5,1,0
BRDA:91,6,0,0
BRDA:91,6,1,0
BRDA:106,7,0,0
BRDA:106,7,1,0
BRDA:106,8,0,0
BRDA:106,8,1,0
BRDA:130,9,0,0
BRDA:130,9,1,0
BRDA:134,10,0,0
BRDA:134,10,1,0
BRDA:159,11,0,0
BRDA:159,11,1,0
BRDA:171,12,0,0
BRDA:171,12,1,0
BRDA:196,13,0,0
BRDA:196,13,1,0
BRDA:200,14,0,0
BRDA:200,14,1,0
BRDA:226,15,0,0
BRDA:226,15,1,0
BRDA:239,16,0,0
BRDA:239,16,1,0
BRDA:252,17,0,0
BRDA:252,17,1,0
BRDA:263,18,0,0
BRDA:263,18,1,0
BRDA:267,19,0,0
BRDA:267,19,1,0
BRDA:299,20,0,0
BRDA:299,20,1,0
BRDA:307,21,0,0
BRDA:307,21,1,0
BRDA:326,22,0,0
BRDA:326,22,1,0
BRDA:339,23,0,0
BRDA:339,23,1,0
BRF:48
BRH:0
end_of_record
TN:
SF:routes/debug.js
FN:5,(anonymous_0)
FN:14,(anonymous_1)
FNF:2
FNH:0
FNDA:0,(anonymous_0)
FNDA:0,(anonymous_1)
DA:1,0
DA:2,0
DA:5,0
DA:6,0
DA:14,0
DA:15,0
DA:16,0
DA:18,0
DA:21,0
DA:22,0
DA:32,0
DA:37,0
DA:39,0
DA:40,0
DA:47,0
DA:50,0
DA:51,0
DA:53,0
DA:54,0
DA:62,0
DA:74,0
DA:75,0
DA:83,0
LF:23
LH:0
BRDA:18,0,0,0
BRDA:18,0,1,0
BRDA:23,1,0,0
BRDA:23,1,1,0
BRDA:24,2,0,0
BRDA:24,2,1,0
BRDA:25,3,0,0
BRDA:25,3,1,0
BRDA:26,4,0,0
BRDA:26,4,1,0
BRDA:27,5,0,0
BRDA:27,5,1,0
BRDA:39,6,0,0
BRDA:39,6,1,0
BRDA:53,7,0,0
BRDA:53,7,1,0
BRF:16
BRH:0
end_of_record
TN:
SF:routes/products.js
FN:77,(anonymous_0)
FN:112,(anonymous_1)
FN:195,(anonymous_2)
FN:211,(anonymous_3)
FN:232,(anonymous_4)
FN:333,(anonymous_5)
FN:449,(anonymous_6)
FN:491,(anonymous_7)
FN:551,(anonymous_8)
FN:560,(anonymous_9)
FN:578,(anonymous_10)
FN:585,(anonymous_11)
FNF:12
FNH:0
FNDA:0,(anonymous_0)
FNDA:0,(anonymous_1)
FNDA:0,(anonymous_2)
FNDA:0,(anonymous_3)
FNDA:0,(anonymous_4)
FNDA:0,(anonymous_5)
FNDA:0,(anonymous_6)
FNDA:0,(anonymous_7)
FNDA:0,(anonymous_8)
FNDA:0,(anonymous_9)
FNDA:0,(anonymous_10)
FNDA:0,(anonymous_11)
DA:1,0
DA:2,0
DA:3,0
DA:4,0
DA:10,0
DA:11,0
DA:12,0
DA:14,0
DA:17,0
DA:63,0
DA:78,0
DA:79,0
DA:84,0
DA:85,0
DA:86,0
DA:88,0
DA:100,0
DA:102,0
DA:107,0
DA:109,0
DA:111,0
DA:112,0
DA:131,0
DA:134,0
DA:146,0
DA:147,0
DA:154,0
DA:155,0
DA:162,0
DA:163,0
DA:170,0
DA:171,0
DA:178,0
DA:189,0
DA:196,0
DA:197,0
DA:199,0
DA:200,0
DA:207,0
DA:209,0
DA:211,0
DA:215,0
DA:216,0
DA:225,0
DA:233,0
DA:234,0
DA:235,0
DA:236,0
DA:237,0
DA:238,0
DA:241,0
DA:242,0
DA:243,0
DA:244,0
DA:245,0
DA:253,0
DA:254,0
DA:255,0
DA:256,0
DA:257,0
DA:265,0
DA:266,0
DA:267,0
DA:274,0
DA:275,0
DA:276,0
DA:277,0
DA:280,0
DA:281,0
DA:282,0
DA:284,0
DA:290,0
DA:299,0
DA:300,0
DA:306,0
DA:307,0
DA:313,0
DA:323,0
DA:334,0
DA:335,0
DA:336,0
DA:337,0
DA:338,0
DA:339,0
DA:340,0
DA:342,0
DA:344,0
DA:345,0
DA:352,0
DA:353,0
DA:354,0
DA:355,0
DA:363,0
DA:364,0
DA:365,0
DA:366,0
DA:374,0
DA:375,0
DA:377,0
DA:378,0
DA:385,0
DA:388,0
DA:390,0
DA:391,0
DA:393,0
DA:396,0
DA:397,0
DA:398,0
DA:400,0
DA:406,0
DA:416,0
DA:417,0
DA:423,0
DA:424,0
DA:430,0
DA:440,0
DA:450,0
DA:451,0
DA:453,0
DA:454,0
DA:460,0
DA:462,0
DA:473,0
DA:474,0
DA:483,0
DA:492,0
DA:493,0
DA:494,0
DA:495,0
DA:496,0
DA:498,0
DA:500,0
DA:501,0
DA:502,0
DA:508,0
DA:509,0
DA:511,0
DA:517,0
DA:526,0
DA:527,0
DA:533,0
DA:543,0
DA:552,0
DA:553,0
DA:554,0
DA:556,0
DA:560,0
DA:564,0
DA:565,0
DA:574,0
DA:579,0
DA:580,0
DA:582,0
DA:585,0
DA:589,0
DA:590,0
DA:598,0
LF:157
LH:0
BRDA:81,0,0,0
BRDA:81,0,1,0
BRDA:84,1,0,0
BRDA:84,1,1,0
BRDA:85,2,0,0
BRDA:85,2,1,0
BRDA:91,3,0,0
BRDA:91,3,1,0
BRDA:92,4,0,0
BRDA:92,4,1,0
BRDA:93,5,0,0
BRDA:93,5,1,0
BRDA:94,6,0,0
BRDA:94,6,1,0
BRDA:95,7,0,0
BRDA:95,7,1,0
BRDA:96,8,0,0
BRDA:96,8,1,0
BRDA:97,9,0,0
BRDA:97,9,1,0
BRDA:146,10,0,0
BRDA:146,10,1,0
BRDA:146,11,0,0
BRDA:146,11,1,0
BRDA:146,11,2,0
BRDA:154,12,0,0
BRDA:154,12,1,0
BRDA:154,13,0,0
BRDA:154,13,1,0
BRDA:154,13,2,0
BRDA:162,14,0,0
BRDA:162,14,1,0
BRDA:162,15,0,0
BRDA:162,15,1,0
BRDA:170,16,0,0
BRDA:170,16,1,0
BRDA:170,17,0,0
BRDA:170,17,1,0
BRDA:174,18,0,0
BRDA:174,18,1,0
BRDA:181,19,0,0
BRDA:181,19,1,0
BRDA:182,20,0,0
BRDA:182,20,1,0
BRDA:199,21,0,0
BRDA:199,21,1,0
BRDA:241,22,0,0
BRDA:241,22,1,0
BRDA:243,23,0,0
BRDA:243,23,1,0
BRDA:253,24,0,0
BRDA:253,24,1,0
BRDA:255,25,0,0
BRDA:255,25,1,0
BRDA:265,26,0,0
BRDA:265,26,1,0
BRDA:265,27,0,0
BRDA:265,27,1,0
BRDA:265,27,2,0
BRDA:275,28,0,0
BRDA:275,28,1,0
BRDA:299,29,0,0
BRDA:299,29,1,0
BRDA:306,30,0,0
BRDA:306,30,1,0
BRDA:315,31,0,0
BRDA:315,31,1,0
BRDA:316,32,0,0
BRDA:316,32,1,0
BRDA:344,33,0,0
BRDA:344,33,1,0
BRDA:352,34,0,0
BRDA:352,34,1,0
BRDA:354,35,0,0
BRDA:354,35,1,0
BRDA:363,36,0,0
BRDA:363,36,1,0
BRDA:363,37,0,0
BRDA:363,37,1,0
BRDA:365,38,0,0
BRDA:365,38,1,0
BRDA:374,39,0,0
BRDA:374,39,1,0
BRDA:375,40,0,0
BRDA:375,40,1,0
BRDA:377,41,0,0
BRDA:377,41,1,0
BRDA:377,42,0,0
BRDA:377,42,1,0
BRDA:377,42,2,0
BRDA:388,43,0,0
BRDA:388,43,1,0
BRDA:390,44,0,0
BRDA:390,44,1,0
BRDA:416,45,0,0
BRDA:416,45,1,0
BRDA:423,46,0,0
BRDA:423,46,1,0
BRDA:432,47,0,0
BRDA:432,47,1,0
BRDA:433,48,0,0
BRDA:433,48,1,0
BRDA:453,49,0,0
BRDA:453,49,1,0
BRDA:500,50,0,0
BRDA:500,50,1,0
BRDA:526,51,0,0
BRDA:526,51,1,0
BRDA:535,52,0,0
BRDA:535,52,1,0
BRDA:536,53,0,0
BRDA:536,53,1,0
BRDA:553,54,0,0
BRDA:553,54,1,0
BRF:114
BRH:0
end_of_record
TN:
SF:routes/test-simple.js
FN:5,(anonymous_0)
FN:14,(anonymous_1)
FN:74,(anonymous_2)
FNF:3
FNH:0
FNDA:0,(anonymous_0)
FNDA:0,(anonymous_1)
FNDA:0,(anonymous_2)
DA:1,0
DA:2,0
DA:5,0
DA:6,0
DA:14,0
DA:15,0
DA:16,0
DA:18,0
DA:21,0
DA:22,0
DA:32,0
DA:37,0
DA:38,0
DA:39,0
DA:47,0
DA:48,0
DA:51,0
DA:56,0
DA:58,0
DA:65,0
DA:66,0
DA:74,0
DA:75,0
DA:76,0
DA:78,0
DA:81,0
DA:82,0
DA:92,0
DA:97,0
DA:99,0
DA:100,0
DA:107,0
DA:110,0
DA:111,0
DA:113,0
DA:114,0
DA:121,0
DA:132,0
DA:133,0
DA:140,0
LF:40
LH:0
BRDA:23,0,0,0
BRDA:23,0,1,0
BRDA:24,1,0,0
BRDA:24,1,1,0
BRDA:25,2,0,0
BRDA:25,2,1,0
BRDA:26,3,0,0
BRDA:26,3,1,0
BRDA:27,4,0,0
BRDA:27,4,1,0
BRDA:37,5,0,0
BRDA:37,5,1,0
BRDA:83,6,0,0
BRDA:83,6,1,0
BRDA:84,7,0,0
BRDA:84,7,1,0
BRDA:85,8,0,0
BRDA:85,8,1,0
BRDA:86,9,0,0
BRDA:86,9,1,0
BRDA:87,10,0,0
BRDA:87,10,1,0
BRDA:99,11,0,0
BRDA:99,11,1,0
BRDA:113,12,0,0
BRDA:113,12,1,0
BRF:26
BRH:0
end_of_record
TN:
SF:routes/users.js
FN:16,(anonymous_0)
FN:40,(anonymous_1)
FN:63,(anonymous_2)
FN:116,(anonymous_3)
FN:154,(anonymous_4)
FN:191,(anonymous_5)
FN:231,(anonymous_6)
FN:245,(anonymous_7)
FN:279,(anonymous_8)
FN:316,(anonymous_9)
FN:322,(anonymous_10)
FN:340,(anonymous_11)
FN:379,(anonymous_12)
FN:418,(anonymous_13)
FN:466,(anonymous_14)
FNF:15
FNH:0
FNDA:0,(anonymous_0)
FNDA:0,(anonymous_1)
FNDA:0,(anonymous_2)
FNDA:0,(anonymous_3)
FNDA:0,(anonymous_4)
FNDA:0,(anonymous_5)
FNDA:0,(anonymous_6)
FNDA:0,(anonymous_7)
FNDA:0,(anonymous_8)
FNDA:0,(anonymous_9)
FNDA:0,(anonymous_10)
FNDA:0,(anonymous_11)
FNDA:0,(anonymous_12)
FNDA:0,(anonymous_13)
FNDA:0,(anonymous_14)
DA:1,0
DA:2,0
DA:3,0
DA:4,0
DA:5,0
DA:11,0
DA:13,0
DA:16,0
DA:17,0
DA:18,0
DA:19,0
DA:24,0
DA:30,0
DA:41,0
DA:42,0
DA:43,0
DA:44,0
DA:45,0
DA:49,0
DA:50,0
DA:52,0
DA:54,0
DA:60,0
DA:62,0
DA:63,0
DA:75,0
DA:84,0
DA:85,0
DA:91,0
DA:92,0
DA:98,0
DA:108,0
DA:117,0
DA:118,0
DA:120,0
DA:121,0
DA:127,0
DA:132,0
DA:133,0
DA:142,0
DA:155,0
DA:156,0
DA:158,0
DA:159,0
DA:165,0
DA:167,0
DA:173,0
DA:174,0
DA:183,0
DA:192,0
DA:193,0
DA:195,0
DA:196,0
DA:202,0
DA:204,0
DA:210,0
DA:211,0
DA:222,0
DA:232,0
DA:233,0
DA:234,0
DA:235,0
DA:237,0
DA:242,0
DA:244,0
DA:245,0
DA:257,0
DA:258,0
DA:267,0
DA:280,0
DA:281,0
DA:284,0
DA:289,0
DA:290,0
DA:296,0
DA:298,0
DA:304,0
DA:305,0
DA:316,0
DA:317,0
DA:318,0
DA:319,0
DA:321,0
DA:322,0
DA:326,0
DA:327,0
DA:335,0
DA:341,0
DA:342,0
DA:344,0
DA:345,0
DA:352,0
DA:354,0
DA:360,0
DA:361,0
DA:370,0
DA:380,0
DA:382,0
DA:383,0
DA:384,0
DA:390,0
DA:392,0
DA:398,0
DA:399,0
DA:408,0
DA:419,0
DA:420,0
DA:422,0
DA:423,0
DA:430,0
DA:431,0
DA:432,0
DA:433,0
DA:440,0
DA:442,0
DA:448,0
DA:449,0
DA:458,0
DA:467,0
DA:468,0
DA:470,0
DA:471,0
DA:478,0
DA:479,0
DA:480,0
DA:486,0
DA:488,0
DA:494,0
DA:495,0
DA:503,0
LF:130
LH:0
BRDA:18,0,0,0
BRDA:18,0,1,0
BRDA:42,1,0,0
BRDA:42,1,1,0
BRDA:43,2,0,0
BRDA:43,2,1,0
BRDA:49,3,0,0
BRDA:49,3,1,0
BRDA:84,4,0,0
BRDA:84,4,1,0
BRDA:91,5,0,0
BRDA:91,5,1,0
BRDA:91,6,0,0
BRDA:91,6,1,0
BRDA:100,7,0,0
BRDA:100,7,1,0
BRDA:101,8,0,0
BRDA:101,8,1,0
BRDA:120,9,0,0
BRDA:120,9,1,0
BRDA:158,10,0,0
BRDA:158,10,1,0
BRDA:195,11,0,0
BRDA:195,11,1,0
BRDA:233,12,0,0
BRDA:233,12,1,0
BRDA:234,13,0,0
BRDA:234,13,1,0
BRDA:289,14,0,0
BRDA:289,14,1,0
BRDA:289,15,0,0
BRDA:289,15,1,0
BRDA:344,16,0,0
BRDA:344,16,1,0
BRDA:383,17,0,0
BRDA:383,17,1,0
BRDA:422,18,0,0
BRDA:422,18,1,0
BRDA:430,19,0,0
BRDA:430,19,1,0
BRDA:430,20,0,0
BRDA:430,20,1,0
BRDA:432,21,0,0
BRDA:432,21,1,0
BRDA:470,22,0,0
BRDA:470,22,1,0
BRDA:479,23,0,0
BRDA:479,23,1,0
BRF:48
BRH:0
end_of_record
